CRITICAL - 2022-05-13 14:56:25 --> Undefined variable: data
#0 C:\INFO\IFRS\DS1-projeto-02\app\Views\notafiscal-all.php(45): CodeIgniter\Debug\Exceptions->errorHandler(8, 'Undefined varia...', 'C:\\INFO\\IFRS\\DS...', 45, Array)
#1 C:\INFO\IFRS\DS1-projeto-02\system\View\View.php(210): include('C:\\INFO\\IFRS\\DS...')
#2 C:\INFO\IFRS\DS1-projeto-02\system\View\View.php(213): CodeIgniter\View\View->CodeIgniter\View\{closure}()
#3 C:\INFO\IFRS\DS1-projeto-02\system\Common.php(1089): CodeIgniter\View\View->render('notafiscal-all', Array, true)
#4 C:\INFO\IFRS\DS1-projeto-02\app\Controllers\NotaFiscalController.php(95): view('notafiscal-all', Array)
#5 C:\INFO\IFRS\DS1-projeto-02\system\CodeIgniter.php(832): App\Controllers\NotaFiscalController->notasFiscaisView()
#6 C:\INFO\IFRS\DS1-projeto-02\system\CodeIgniter.php(419): CodeIgniter\CodeIgniter->runController(Object(App\Controllers\NotaFiscalController))
#7 C:\INFO\IFRS\DS1-projeto-02\system\CodeIgniter.php(326): CodeIgniter\CodeIgniter->handleRequest(NULL, Object(Config\Cache), false)
#8 C:\INFO\IFRS\DS1-projeto-02\public\index.php(37): CodeIgniter\CodeIgniter->run()
#9 C:\INFO\IFRS\DS1-projeto-02\system\Commands\Server\rewrite.php(43): require_once('C:\\INFO\\IFRS\\DS...')
#10 {main}
CRITICAL - 2022-05-13 15:12:57 --> Undefined index: qtd
#0 C:\INFO\IFRS\DS1-projeto-02\app\Views\carrinho-insert.php(79): CodeIgniter\Debug\Exceptions->errorHandler(8, 'Undefined index...', 'C:\\INFO\\IFRS\\DS...', 79, Array)
#1 C:\INFO\IFRS\DS1-projeto-02\system\View\View.php(210): include('C:\\INFO\\IFRS\\DS...')
#2 C:\INFO\IFRS\DS1-projeto-02\system\View\View.php(213): CodeIgniter\View\View->CodeIgniter\View\{closure}()
#3 C:\INFO\IFRS\DS1-projeto-02\system\Common.php(1089): CodeIgniter\View\View->render('carrinho-insert', Array, true)
#4 C:\INFO\IFRS\DS1-projeto-02\app\Controllers\NotaFiscalController.php(28): view('carrinho-insert', Array)
#5 C:\INFO\IFRS\DS1-projeto-02\system\CodeIgniter.php(832): App\Controllers\NotaFiscalController->InsertView()
#6 C:\INFO\IFRS\DS1-projeto-02\system\CodeIgniter.php(419): CodeIgniter\CodeIgniter->runController(Object(App\Controllers\NotaFiscalController))
#7 C:\INFO\IFRS\DS1-projeto-02\system\CodeIgniter.php(326): CodeIgniter\CodeIgniter->handleRequest(NULL, Object(Config\Cache), false)
#8 C:\INFO\IFRS\DS1-projeto-02\public\index.php(37): CodeIgniter\CodeIgniter->run()
#9 C:\INFO\IFRS\DS1-projeto-02\system\Commands\Server\rewrite.php(43): require_once('C:\\INFO\\IFRS\\DS...')
#10 {main}
CRITICAL - 2022-05-13 15:13:06 --> Undefined index: qtd
#0 C:\INFO\IFRS\DS1-projeto-02\app\Views\carrinho-insert.php(79): CodeIgniter\Debug\Exceptions->errorHandler(8, 'Undefined index...', 'C:\\INFO\\IFRS\\DS...', 79, Array)
#1 C:\INFO\IFRS\DS1-projeto-02\system\View\View.php(210): include('C:\\INFO\\IFRS\\DS...')
#2 C:\INFO\IFRS\DS1-projeto-02\system\View\View.php(213): CodeIgniter\View\View->CodeIgniter\View\{closure}()
#3 C:\INFO\IFRS\DS1-projeto-02\system\Common.php(1089): CodeIgniter\View\View->render('carrinho-insert', Array, true)
#4 C:\INFO\IFRS\DS1-projeto-02\app\Controllers\NotaFiscalController.php(28): view('carrinho-insert', Array)
#5 C:\INFO\IFRS\DS1-projeto-02\system\CodeIgniter.php(832): App\Controllers\NotaFiscalController->InsertView()
#6 C:\INFO\IFRS\DS1-projeto-02\system\CodeIgniter.php(419): CodeIgniter\CodeIgniter->runController(Object(App\Controllers\NotaFiscalController))
#7 C:\INFO\IFRS\DS1-projeto-02\system\CodeIgniter.php(326): CodeIgniter\CodeIgniter->handleRequest(NULL, Object(Config\Cache), false)
#8 C:\INFO\IFRS\DS1-projeto-02\public\index.php(37): CodeIgniter\CodeIgniter->run()
#9 C:\INFO\IFRS\DS1-projeto-02\system\Commands\Server\rewrite.php(43): require_once('C:\\INFO\\IFRS\\DS...')
#10 {main}
CRITICAL - 2022-05-13 15:46:38 --> Use of undefined constant nomeConsole - assumed 'nomeConsole' (this will throw an Error in a future version of PHP)
#0 C:\INFO\IFRS\DS1-projeto-02\app\Views\carrinho-insert.php(72): CodeIgniter\Debug\Exceptions->errorHandler(2, 'Use of undefine...', 'C:\\INFO\\IFRS\\DS...', 72, Array)
#1 C:\INFO\IFRS\DS1-projeto-02\system\View\View.php(210): include('C:\\INFO\\IFRS\\DS...')
#2 C:\INFO\IFRS\DS1-projeto-02\system\View\View.php(213): CodeIgniter\View\View->CodeIgniter\View\{closure}()
#3 C:\INFO\IFRS\DS1-projeto-02\system\Common.php(1089): CodeIgniter\View\View->render('carrinho-insert', Array, true)
#4 C:\INFO\IFRS\DS1-projeto-02\app\Controllers\NotaFiscalController.php(28): view('carrinho-insert', Array)
#5 C:\INFO\IFRS\DS1-projeto-02\system\CodeIgniter.php(832): App\Controllers\NotaFiscalController->InsertView()
#6 C:\INFO\IFRS\DS1-projeto-02\system\CodeIgniter.php(419): CodeIgniter\CodeIgniter->runController(Object(App\Controllers\NotaFiscalController))
#7 C:\INFO\IFRS\DS1-projeto-02\system\CodeIgniter.php(326): CodeIgniter\CodeIgniter->handleRequest(NULL, Object(Config\Cache), false)
#8 C:\INFO\IFRS\DS1-projeto-02\public\index.php(37): CodeIgniter\CodeIgniter->run()
#9 C:\INFO\IFRS\DS1-projeto-02\system\Commands\Server\rewrite.php(43): require_once('C:\\INFO\\IFRS\\DS...')
#10 {main}
CRITICAL - 2022-05-13 15:46:38 --> Use of undefined constant nomeConsole - assumed 'nomeConsole' (this will throw an Error in a future version of PHP)
#0 C:\INFO\IFRS\DS1-projeto-02\app\Views\carrinho-insert.php(72): CodeIgniter\Debug\Exceptions->errorHandler(2, 'Use of undefine...', 'C:\\INFO\\IFRS\\DS...', 72, Array)
#1 C:\INFO\IFRS\DS1-projeto-02\system\View\View.php(210): include('C:\\INFO\\IFRS\\DS...')
#2 C:\INFO\IFRS\DS1-projeto-02\system\View\View.php(213): CodeIgniter\View\View->CodeIgniter\View\{closure}()
#3 C:\INFO\IFRS\DS1-projeto-02\system\Common.php(1089): CodeIgniter\View\View->render('carrinho-insert', Array, true)
#4 C:\INFO\IFRS\DS1-projeto-02\app\Controllers\NotaFiscalController.php(28): view('carrinho-insert', Array)
#5 C:\INFO\IFRS\DS1-projeto-02\system\CodeIgniter.php(832): App\Controllers\NotaFiscalController->InsertView()
#6 C:\INFO\IFRS\DS1-projeto-02\system\CodeIgniter.php(419): CodeIgniter\CodeIgniter->runController(Object(App\Controllers\NotaFiscalController))
#7 C:\INFO\IFRS\DS1-projeto-02\system\CodeIgniter.php(326): CodeIgniter\CodeIgniter->handleRequest(NULL, Object(Config\Cache), false)
#8 C:\INFO\IFRS\DS1-projeto-02\public\index.php(37): CodeIgniter\CodeIgniter->run()
#9 C:\INFO\IFRS\DS1-projeto-02\system\Commands\Server\rewrite.php(43): require_once('C:\\INFO\\IFRS\\DS...')
#10 {main}
ERROR - 2022-05-13 17:46:52 --> Column 'usuario' cannot be null
CRITICAL - 2022-05-13 17:46:52 --> Column 'usuario' cannot be null
#0 C:\INFO\IFRS\DS1-projeto-02\system\Database\MySQLi\Connection.php(292): mysqli->query('INSERT INTO `no...', 0)
#1 C:\INFO\IFRS\DS1-projeto-02\system\Database\BaseConnection.php(670): CodeIgniter\Database\MySQLi\Connection->execute('INSERT INTO `no...')
#2 C:\INFO\IFRS\DS1-projeto-02\system\Database\BaseConnection.php(598): CodeIgniter\Database\BaseConnection->simpleQuery('INSERT INTO `no...')
#3 C:\INFO\IFRS\DS1-projeto-02\system\Database\BaseBuilder.php(1771): CodeIgniter\Database\BaseConnection->query('INSERT INTO `no...', Array, false)
#4 C:\INFO\IFRS\DS1-projeto-02\system\Model.php(239): CodeIgniter\Database\BaseBuilder->insert()
#5 C:\INFO\IFRS\DS1-projeto-02\system\BaseModel.php(738): CodeIgniter\Model->doInsert(Array)
#6 C:\INFO\IFRS\DS1-projeto-02\system\Model.php(625): CodeIgniter\BaseModel->insert(Array, true)
#7 C:\INFO\IFRS\DS1-projeto-02\app\Models\Notafiscal.php(27): CodeIgniter\Model->insert(Array)
#8 C:\INFO\IFRS\DS1-projeto-02\app\Controllers\NotaFiscalController.php(36): App\Models\Notafiscal->insert_notaFiscal(Array)
#9 C:\INFO\IFRS\DS1-projeto-02\system\CodeIgniter.php(832): App\Controllers\NotaFiscalController->Insert()
#10 C:\INFO\IFRS\DS1-projeto-02\system\CodeIgniter.php(419): CodeIgniter\CodeIgniter->runController(Object(App\Controllers\NotaFiscalController))
#11 C:\INFO\IFRS\DS1-projeto-02\system\CodeIgniter.php(326): CodeIgniter\CodeIgniter->handleRequest(NULL, Object(Config\Cache), false)
#12 C:\INFO\IFRS\DS1-projeto-02\public\index.php(37): CodeIgniter\CodeIgniter->run()
#13 C:\INFO\IFRS\DS1-projeto-02\system\Commands\Server\rewrite.php(43): require_once('C:\\INFO\\IFRS\\DS...')
#14 {main}
ERROR - 2022-05-13 18:24:35 --> Column 'usuario' cannot be null
CRITICAL - 2022-05-13 18:24:35 --> Column 'usuario' cannot be null
#0 C:\INFO\IFRS\DS1-projeto-02\system\Database\MySQLi\Connection.php(292): mysqli->query('INSERT INTO `no...', 0)
#1 C:\INFO\IFRS\DS1-projeto-02\system\Database\BaseConnection.php(670): CodeIgniter\Database\MySQLi\Connection->execute('INSERT INTO `no...')
#2 C:\INFO\IFRS\DS1-projeto-02\system\Database\BaseConnection.php(598): CodeIgniter\Database\BaseConnection->simpleQuery('INSERT INTO `no...')
#3 C:\INFO\IFRS\DS1-projeto-02\system\Database\BaseBuilder.php(1771): CodeIgniter\Database\BaseConnection->query('INSERT INTO `no...', Array, false)
#4 C:\INFO\IFRS\DS1-projeto-02\system\Model.php(239): CodeIgniter\Database\BaseBuilder->insert()
#5 C:\INFO\IFRS\DS1-projeto-02\system\BaseModel.php(738): CodeIgniter\Model->doInsert(Array)
#6 C:\INFO\IFRS\DS1-projeto-02\system\Model.php(625): CodeIgniter\BaseModel->insert(Array, true)
#7 C:\INFO\IFRS\DS1-projeto-02\app\Models\Notafiscal.php(27): CodeIgniter\Model->insert(Array)
#8 C:\INFO\IFRS\DS1-projeto-02\app\Controllers\NotaFiscalController.php(36): App\Models\Notafiscal->insert_notaFiscal(Array)
#9 C:\INFO\IFRS\DS1-projeto-02\system\CodeIgniter.php(832): App\Controllers\NotaFiscalController->Insert()
#10 C:\INFO\IFRS\DS1-projeto-02\system\CodeIgniter.php(419): CodeIgniter\CodeIgniter->runController(Object(App\Controllers\NotaFiscalController))
#11 C:\INFO\IFRS\DS1-projeto-02\system\CodeIgniter.php(326): CodeIgniter\CodeIgniter->handleRequest(NULL, Object(Config\Cache), false)
#12 C:\INFO\IFRS\DS1-projeto-02\public\index.php(37): CodeIgniter\CodeIgniter->run()
#13 C:\INFO\IFRS\DS1-projeto-02\system\Commands\Server\rewrite.php(43): require_once('C:\\INFO\\IFRS\\DS...')
#14 {main}
ERROR - 2022-05-13 18:27:14 --> Unknown column 'valor' in 'field list'
CRITICAL - 2022-05-13 18:27:14 --> Unknown column 'valor' in 'field list'
#0 C:\INFO\IFRS\DS1-projeto-02\system\Database\MySQLi\Connection.php(292): mysqli->query('INSERT INTO `co...', 0)
#1 C:\INFO\IFRS\DS1-projeto-02\system\Database\BaseConnection.php(670): CodeIgniter\Database\MySQLi\Connection->execute('INSERT INTO `co...')
#2 C:\INFO\IFRS\DS1-projeto-02\system\Database\BaseConnection.php(598): CodeIgniter\Database\BaseConnection->simpleQuery('INSERT INTO `co...')
#3 C:\INFO\IFRS\DS1-projeto-02\system\Database\BaseBuilder.php(1771): CodeIgniter\Database\BaseConnection->query('INSERT INTO `co...', Array, false)
#4 C:\INFO\IFRS\DS1-projeto-02\system\Model.php(239): CodeIgniter\Database\BaseBuilder->insert()
#5 C:\INFO\IFRS\DS1-projeto-02\system\BaseModel.php(738): CodeIgniter\Model->doInsert(Array)
#6 C:\INFO\IFRS\DS1-projeto-02\system\Model.php(625): CodeIgniter\BaseModel->insert(Array, true)
#7 C:\INFO\IFRS\DS1-projeto-02\app\Models\Compraprodutos.php(33): CodeIgniter\Model->insert(Array)
#8 C:\INFO\IFRS\DS1-projeto-02\app\Controllers\NotaFiscalController.php(57): App\Models\Compraprodutos->insert_compraProdutos(Array)
#9 C:\INFO\IFRS\DS1-projeto-02\system\CodeIgniter.php(832): App\Controllers\NotaFiscalController->Insert()
#10 C:\INFO\IFRS\DS1-projeto-02\system\CodeIgniter.php(419): CodeIgniter\CodeIgniter->runController(Object(App\Controllers\NotaFiscalController))
#11 C:\INFO\IFRS\DS1-projeto-02\system\CodeIgniter.php(326): CodeIgniter\CodeIgniter->handleRequest(NULL, Object(Config\Cache), false)
#12 C:\INFO\IFRS\DS1-projeto-02\public\index.php(37): CodeIgniter\CodeIgniter->run()
#13 C:\INFO\IFRS\DS1-projeto-02\system\Commands\Server\rewrite.php(43): require_once('C:\\INFO\\IFRS\\DS...')
#14 {main}
ERROR - 2022-05-13 18:29:44 --> Unknown column 'valor' in 'field list'
CRITICAL - 2022-05-13 18:29:44 --> Unknown column 'valor' in 'field list'
#0 C:\INFO\IFRS\DS1-projeto-02\system\Database\MySQLi\Connection.php(292): mysqli->query('INSERT INTO `co...', 0)
#1 C:\INFO\IFRS\DS1-projeto-02\system\Database\BaseConnection.php(670): CodeIgniter\Database\MySQLi\Connection->execute('INSERT INTO `co...')
#2 C:\INFO\IFRS\DS1-projeto-02\system\Database\BaseConnection.php(598): CodeIgniter\Database\BaseConnection->simpleQuery('INSERT INTO `co...')
#3 C:\INFO\IFRS\DS1-projeto-02\system\Database\BaseBuilder.php(1771): CodeIgniter\Database\BaseConnection->query('INSERT INTO `co...', Array, false)
#4 C:\INFO\IFRS\DS1-projeto-02\system\Model.php(239): CodeIgniter\Database\BaseBuilder->insert()
#5 C:\INFO\IFRS\DS1-projeto-02\system\BaseModel.php(738): CodeIgniter\Model->doInsert(Array)
#6 C:\INFO\IFRS\DS1-projeto-02\system\Model.php(625): CodeIgniter\BaseModel->insert(Array, true)
#7 C:\INFO\IFRS\DS1-projeto-02\app\Models\Compraprodutos.php(33): CodeIgniter\Model->insert(Array)
#8 C:\INFO\IFRS\DS1-projeto-02\app\Controllers\NotaFiscalController.php(58): App\Models\Compraprodutos->insert_compraProdutos(Array)
#9 C:\INFO\IFRS\DS1-projeto-02\system\CodeIgniter.php(832): App\Controllers\NotaFiscalController->Insert()
#10 C:\INFO\IFRS\DS1-projeto-02\system\CodeIgniter.php(419): CodeIgniter\CodeIgniter->runController(Object(App\Controllers\NotaFiscalController))
#11 C:\INFO\IFRS\DS1-projeto-02\system\CodeIgniter.php(326): CodeIgniter\CodeIgniter->handleRequest(NULL, Object(Config\Cache), false)
#12 C:\INFO\IFRS\DS1-projeto-02\public\index.php(37): CodeIgniter\CodeIgniter->run()
#13 C:\INFO\IFRS\DS1-projeto-02\system\Commands\Server\rewrite.php(43): require_once('C:\\INFO\\IFRS\\DS...')
#14 {main}
ERROR - 2022-05-13 18:30:12 --> Unknown column 'valor' in 'field list'
CRITICAL - 2022-05-13 18:30:12 --> Unknown column 'valor' in 'field list'
#0 C:\INFO\IFRS\DS1-projeto-02\system\Database\MySQLi\Connection.php(292): mysqli->query('INSERT INTO `co...', 0)
#1 C:\INFO\IFRS\DS1-projeto-02\system\Database\BaseConnection.php(670): CodeIgniter\Database\MySQLi\Connection->execute('INSERT INTO `co...')
#2 C:\INFO\IFRS\DS1-projeto-02\system\Database\BaseConnection.php(598): CodeIgniter\Database\BaseConnection->simpleQuery('INSERT INTO `co...')
#3 C:\INFO\IFRS\DS1-projeto-02\system\Database\BaseBuilder.php(1771): CodeIgniter\Database\BaseConnection->query('INSERT INTO `co...', Array, false)
#4 C:\INFO\IFRS\DS1-projeto-02\system\Model.php(239): CodeIgniter\Database\BaseBuilder->insert()
#5 C:\INFO\IFRS\DS1-projeto-02\system\BaseModel.php(738): CodeIgniter\Model->doInsert(Array)
#6 C:\INFO\IFRS\DS1-projeto-02\system\Model.php(625): CodeIgniter\BaseModel->insert(Array, true)
#7 C:\INFO\IFRS\DS1-projeto-02\app\Models\Compraprodutos.php(33): CodeIgniter\Model->insert(Array)
#8 C:\INFO\IFRS\DS1-projeto-02\app\Controllers\NotaFiscalController.php(59): App\Models\Compraprodutos->insert_compraProdutos(Array)
#9 C:\INFO\IFRS\DS1-projeto-02\system\CodeIgniter.php(832): App\Controllers\NotaFiscalController->Insert()
#10 C:\INFO\IFRS\DS1-projeto-02\system\CodeIgniter.php(419): CodeIgniter\CodeIgniter->runController(Object(App\Controllers\NotaFiscalController))
#11 C:\INFO\IFRS\DS1-projeto-02\system\CodeIgniter.php(326): CodeIgniter\CodeIgniter->handleRequest(NULL, Object(Config\Cache), false)
#12 C:\INFO\IFRS\DS1-projeto-02\public\index.php(37): CodeIgniter\CodeIgniter->run()
#13 C:\INFO\IFRS\DS1-projeto-02\system\Commands\Server\rewrite.php(43): require_once('C:\\INFO\\IFRS\\DS...')
#14 {main}
CRITICAL - 2022-05-13 18:46:08 --> Undefined index: valor
#0 C:\INFO\IFRS\DS1-projeto-02\app\Views\carrinho-insert.php(72): CodeIgniter\Debug\Exceptions->errorHandler(8, 'Undefined index...', 'C:\\INFO\\IFRS\\DS...', 72, Array)
#1 C:\INFO\IFRS\DS1-projeto-02\system\View\View.php(210): include('C:\\INFO\\IFRS\\DS...')
#2 C:\INFO\IFRS\DS1-projeto-02\system\View\View.php(213): CodeIgniter\View\View->CodeIgniter\View\{closure}()
#3 C:\INFO\IFRS\DS1-projeto-02\system\Common.php(1089): CodeIgniter\View\View->render('carrinho-insert', Array, true)
#4 C:\INFO\IFRS\DS1-projeto-02\app\Controllers\NotaFiscalController.php(28): view('carrinho-insert', Array)
#5 C:\INFO\IFRS\DS1-projeto-02\system\CodeIgniter.php(832): App\Controllers\NotaFiscalController->InsertView()
#6 C:\INFO\IFRS\DS1-projeto-02\system\CodeIgniter.php(419): CodeIgniter\CodeIgniter->runController(Object(App\Controllers\NotaFiscalController))
#7 C:\INFO\IFRS\DS1-projeto-02\system\CodeIgniter.php(326): CodeIgniter\CodeIgniter->handleRequest(NULL, Object(Config\Cache), false)
#8 C:\INFO\IFRS\DS1-projeto-02\public\index.php(37): CodeIgniter\CodeIgniter->run()
#9 C:\INFO\IFRS\DS1-projeto-02\system\Commands\Server\rewrite.php(43): require_once('C:\\INFO\\IFRS\\DS...')
#10 {main}
CRITICAL - 2022-05-13 18:46:59 --> Undefined index: valor
#0 C:\INFO\IFRS\DS1-projeto-02\app\Views\carrinho-insert.php(72): CodeIgniter\Debug\Exceptions->errorHandler(8, 'Undefined index...', 'C:\\INFO\\IFRS\\DS...', 72, Array)
#1 C:\INFO\IFRS\DS1-projeto-02\system\View\View.php(210): include('C:\\INFO\\IFRS\\DS...')
#2 C:\INFO\IFRS\DS1-projeto-02\system\View\View.php(213): CodeIgniter\View\View->CodeIgniter\View\{closure}()
#3 C:\INFO\IFRS\DS1-projeto-02\system\Common.php(1089): CodeIgniter\View\View->render('carrinho-insert', Array, true)
#4 C:\INFO\IFRS\DS1-projeto-02\app\Controllers\NotaFiscalController.php(28): view('carrinho-insert', Array)
#5 C:\INFO\IFRS\DS1-projeto-02\system\CodeIgniter.php(832): App\Controllers\NotaFiscalController->InsertView()
#6 C:\INFO\IFRS\DS1-projeto-02\system\CodeIgniter.php(419): CodeIgniter\CodeIgniter->runController(Object(App\Controllers\NotaFiscalController))
#7 C:\INFO\IFRS\DS1-projeto-02\system\CodeIgniter.php(326): CodeIgniter\CodeIgniter->handleRequest(NULL, Object(Config\Cache), false)
#8 C:\INFO\IFRS\DS1-projeto-02\public\index.php(37): CodeIgniter\CodeIgniter->run()
#9 C:\INFO\IFRS\DS1-projeto-02\system\Commands\Server\rewrite.php(43): require_once('C:\\INFO\\IFRS\\DS...')
#10 {main}
CRITICAL - 2022-05-13 18:47:01 --> Undefined index: valor
#0 C:\INFO\IFRS\DS1-projeto-02\app\Views\carrinho-insert.php(72): CodeIgniter\Debug\Exceptions->errorHandler(8, 'Undefined index...', 'C:\\INFO\\IFRS\\DS...', 72, Array)
#1 C:\INFO\IFRS\DS1-projeto-02\system\View\View.php(210): include('C:\\INFO\\IFRS\\DS...')
#2 C:\INFO\IFRS\DS1-projeto-02\system\View\View.php(213): CodeIgniter\View\View->CodeIgniter\View\{closure}()
#3 C:\INFO\IFRS\DS1-projeto-02\system\Common.php(1089): CodeIgniter\View\View->render('carrinho-insert', Array, true)
#4 C:\INFO\IFRS\DS1-projeto-02\app\Controllers\NotaFiscalController.php(28): view('carrinho-insert', Array)
#5 C:\INFO\IFRS\DS1-projeto-02\system\CodeIgniter.php(832): App\Controllers\NotaFiscalController->InsertView()
#6 C:\INFO\IFRS\DS1-projeto-02\system\CodeIgniter.php(419): CodeIgniter\CodeIgniter->runController(Object(App\Controllers\NotaFiscalController))
#7 C:\INFO\IFRS\DS1-projeto-02\system\CodeIgniter.php(326): CodeIgniter\CodeIgniter->handleRequest(NULL, Object(Config\Cache), false)
#8 C:\INFO\IFRS\DS1-projeto-02\public\index.php(37): CodeIgniter\CodeIgniter->run()
#9 C:\INFO\IFRS\DS1-projeto-02\system\Commands\Server\rewrite.php(43): require_once('C:\\INFO\\IFRS\\DS...')
#10 {main}
CRITICAL - 2022-05-13 18:47:37 --> Undefined index: valor
#0 C:\INFO\IFRS\DS1-projeto-02\app\Views\carrinho-insert.php(72): CodeIgniter\Debug\Exceptions->errorHandler(8, 'Undefined index...', 'C:\\INFO\\IFRS\\DS...', 72, Array)
#1 C:\INFO\IFRS\DS1-projeto-02\system\View\View.php(210): include('C:\\INFO\\IFRS\\DS...')
#2 C:\INFO\IFRS\DS1-projeto-02\system\View\View.php(213): CodeIgniter\View\View->CodeIgniter\View\{closure}()
#3 C:\INFO\IFRS\DS1-projeto-02\system\Common.php(1089): CodeIgniter\View\View->render('carrinho-insert', Array, true)
#4 C:\INFO\IFRS\DS1-projeto-02\app\Controllers\NotaFiscalController.php(28): view('carrinho-insert', Array)
#5 C:\INFO\IFRS\DS1-projeto-02\system\CodeIgniter.php(832): App\Controllers\NotaFiscalController->InsertView()
#6 C:\INFO\IFRS\DS1-projeto-02\system\CodeIgniter.php(419): CodeIgniter\CodeIgniter->runController(Object(App\Controllers\NotaFiscalController))
#7 C:\INFO\IFRS\DS1-projeto-02\system\CodeIgniter.php(326): CodeIgniter\CodeIgniter->handleRequest(NULL, Object(Config\Cache), false)
#8 C:\INFO\IFRS\DS1-projeto-02\public\index.php(37): CodeIgniter\CodeIgniter->run()
#9 C:\INFO\IFRS\DS1-projeto-02\system\Commands\Server\rewrite.php(43): require_once('C:\\INFO\\IFRS\\DS...')
#10 {main}
CRITICAL - 2022-05-13 19:26:36 -->  route cannot be found while reverse-routing.
#0 C:\INFO\IFRS\DS1-projeto-02\system\HTTP\RedirectResponse.php(56): CodeIgniter\HTTP\Exceptions\HTTPException::forInvalidRedirectRoute('')
#1 C:\INFO\IFRS\DS1-projeto-02\system\Common.php(832): CodeIgniter\HTTP\RedirectResponse->route(false)
#2 C:\INFO\IFRS\DS1-projeto-02\app\Controllers\UsersController.php(39): redirect('users')
#3 C:\INFO\IFRS\DS1-projeto-02\system\CodeIgniter.php(832): App\Controllers\UsersController->Cadastrar()
#4 C:\INFO\IFRS\DS1-projeto-02\system\CodeIgniter.php(419): CodeIgniter\CodeIgniter->runController(Object(App\Controllers\UsersController))
#5 C:\INFO\IFRS\DS1-projeto-02\system\CodeIgniter.php(326): CodeIgniter\CodeIgniter->handleRequest(NULL, Object(Config\Cache), false)
#6 C:\INFO\IFRS\DS1-projeto-02\public\index.php(37): CodeIgniter\CodeIgniter->run()
#7 C:\INFO\IFRS\DS1-projeto-02\system\Commands\Server\rewrite.php(43): require_once('C:\\INFO\\IFRS\\DS...')
#8 {main}
CRITICAL - 2022-05-13 19:27:45 -->  route cannot be found while reverse-routing.
#0 C:\INFO\IFRS\DS1-projeto-02\system\HTTP\RedirectResponse.php(56): CodeIgniter\HTTP\Exceptions\HTTPException::forInvalidRedirectRoute('')
#1 C:\INFO\IFRS\DS1-projeto-02\system\Common.php(832): CodeIgniter\HTTP\RedirectResponse->route(false)
#2 C:\INFO\IFRS\DS1-projeto-02\app\Controllers\UsersController.php(69): redirect('users')
#3 C:\INFO\IFRS\DS1-projeto-02\system\CodeIgniter.php(832): App\Controllers\UsersController->deleteUser('3')
#4 C:\INFO\IFRS\DS1-projeto-02\system\CodeIgniter.php(419): CodeIgniter\CodeIgniter->runController(Object(App\Controllers\UsersController))
#5 C:\INFO\IFRS\DS1-projeto-02\system\CodeIgniter.php(326): CodeIgniter\CodeIgniter->handleRequest(NULL, Object(Config\Cache), false)
#6 C:\INFO\IFRS\DS1-projeto-02\public\index.php(37): CodeIgniter\CodeIgniter->run()
#7 C:\INFO\IFRS\DS1-projeto-02\system\Commands\Server\rewrite.php(43): require_once('C:\\INFO\\IFRS\\DS...')
#8 {main}
ERROR - 2022-05-13 19:34:26 --> Unknown column 'qtd' in 'where clause'
CRITICAL - 2022-05-13 19:34:26 --> Unknown column 'qtd' in 'where clause'
#0 C:\INFO\IFRS\DS1-projeto-02\system\Database\MySQLi\Connection.php(292): mysqli->query('SELECT *\nFROM `...', 0)
#1 C:\INFO\IFRS\DS1-projeto-02\system\Database\BaseConnection.php(670): CodeIgniter\Database\MySQLi\Connection->execute('SELECT *\nFROM `...')
#2 C:\INFO\IFRS\DS1-projeto-02\system\Database\BaseConnection.php(598): CodeIgniter\Database\BaseConnection->simpleQuery('SELECT *\nFROM `...')
#3 C:\INFO\IFRS\DS1-projeto-02\system\Database\BaseBuilder.php(1455): CodeIgniter\Database\BaseConnection->query('SELECT *\nFROM `...', Array, false)
#4 C:\INFO\IFRS\DS1-projeto-02\system\Model.php(183): CodeIgniter\Database\BaseBuilder->get()
#5 C:\INFO\IFRS\DS1-projeto-02\system\BaseModel.php(584): CodeIgniter\Model->doFindAll(0, 0)
#6 C:\INFO\IFRS\DS1-projeto-02\app\Models\Items.php(32): CodeIgniter\BaseModel->findAll()
#7 C:\INFO\IFRS\DS1-projeto-02\app\Controllers\NotaFiscalController.php(23): App\Models\Items->get_ItemsInStock()
#8 C:\INFO\IFRS\DS1-projeto-02\system\CodeIgniter.php(832): App\Controllers\NotaFiscalController->InsertView()
#9 C:\INFO\IFRS\DS1-projeto-02\system\CodeIgniter.php(419): CodeIgniter\CodeIgniter->runController(Object(App\Controllers\NotaFiscalController))
#10 C:\INFO\IFRS\DS1-projeto-02\system\CodeIgniter.php(326): CodeIgniter\CodeIgniter->handleRequest(NULL, Object(Config\Cache), false)
#11 C:\INFO\IFRS\DS1-projeto-02\public\index.php(37): CodeIgniter\CodeIgniter->run()
#12 C:\INFO\IFRS\DS1-projeto-02\system\Commands\Server\rewrite.php(43): require_once('C:\\INFO\\IFRS\\DS...')
#13 {main}
ERROR - 2022-05-13 19:34:38 --> Unknown column 'qtd' in 'where clause'
CRITICAL - 2022-05-13 19:34:38 --> Unknown column 'qtd' in 'where clause'
#0 C:\INFO\IFRS\DS1-projeto-02\system\Database\MySQLi\Connection.php(292): mysqli->query('SELECT *\nFROM `...', 0)
#1 C:\INFO\IFRS\DS1-projeto-02\system\Database\BaseConnection.php(670): CodeIgniter\Database\MySQLi\Connection->execute('SELECT *\nFROM `...')
#2 C:\INFO\IFRS\DS1-projeto-02\system\Database\BaseConnection.php(598): CodeIgniter\Database\BaseConnection->simpleQuery('SELECT *\nFROM `...')
#3 C:\INFO\IFRS\DS1-projeto-02\system\Database\BaseBuilder.php(1455): CodeIgniter\Database\BaseConnection->query('SELECT *\nFROM `...', Array, false)
#4 C:\INFO\IFRS\DS1-projeto-02\system\Model.php(183): CodeIgniter\Database\BaseBuilder->get()
#5 C:\INFO\IFRS\DS1-projeto-02\system\BaseModel.php(584): CodeIgniter\Model->doFindAll(0, 0)
#6 C:\INFO\IFRS\DS1-projeto-02\app\Models\Items.php(32): CodeIgniter\BaseModel->findAll()
#7 C:\INFO\IFRS\DS1-projeto-02\app\Controllers\NotaFiscalController.php(23): App\Models\Items->get_ItemsInStock()
#8 C:\INFO\IFRS\DS1-projeto-02\system\CodeIgniter.php(832): App\Controllers\NotaFiscalController->InsertView()
#9 C:\INFO\IFRS\DS1-projeto-02\system\CodeIgniter.php(419): CodeIgniter\CodeIgniter->runController(Object(App\Controllers\NotaFiscalController))
#10 C:\INFO\IFRS\DS1-projeto-02\system\CodeIgniter.php(326): CodeIgniter\CodeIgniter->handleRequest(NULL, Object(Config\Cache), false)
#11 C:\INFO\IFRS\DS1-projeto-02\public\index.php(37): CodeIgniter\CodeIgniter->run()
#12 C:\INFO\IFRS\DS1-projeto-02\system\Commands\Server\rewrite.php(43): require_once('C:\\INFO\\IFRS\\DS...')
#13 {main}
