ERROR - 2022-04-22 12:51:06 --> Table 'trabalhoDs1.items' doesn't exist
CRITICAL - 2022-04-22 12:51:06 --> Table 'trabalhoDs1.items' doesn't exist
#0 /home/aluno/Área de Trabalho/DS1-projeto-02/system/Database/MySQLi/Connection.php(292): mysqli->query('SELECT *\nFROM `...', 0)
#1 /home/aluno/Área de Trabalho/DS1-projeto-02/system/Database/BaseConnection.php(670): CodeIgniter\Database\MySQLi\Connection->execute('SELECT *\nFROM `...')
#2 /home/aluno/Área de Trabalho/DS1-projeto-02/system/Database/BaseConnection.php(598): CodeIgniter\Database\BaseConnection->simpleQuery('SELECT *\nFROM `...')
#3 /home/aluno/Área de Trabalho/DS1-projeto-02/system/Database/BaseBuilder.php(1455): CodeIgniter\Database\BaseConnection->query('SELECT *\nFROM `...', Array, false)
#4 /home/aluno/Área de Trabalho/DS1-projeto-02/system/Model.php(183): CodeIgniter\Database\BaseBuilder->get()
#5 /home/aluno/Área de Trabalho/DS1-projeto-02/system/BaseModel.php(584): CodeIgniter\Model->doFindAll(0, 0)
#6 /home/aluno/Área de Trabalho/DS1-projeto-02/app/Models/Items.php(16): CodeIgniter\BaseModel->findAll()
#7 /home/aluno/Área de Trabalho/DS1-projeto-02/app/Controllers/ItemController.php(43): App\Models\Items->get_Items()
#8 /home/aluno/Área de Trabalho/DS1-projeto-02/system/CodeIgniter.php(832): App\Controllers\ItemController->index()
#9 /home/aluno/Área de Trabalho/DS1-projeto-02/system/CodeIgniter.php(419): CodeIgniter\CodeIgniter->runController(Object(App\Controllers\ItemController))
#10 /home/aluno/Área de Trabalho/DS1-projeto-02/system/CodeIgniter.php(326): CodeIgniter\CodeIgniter->handleRequest(NULL, Object(Config\Cache), false)
#11 /home/aluno/Área de Trabalho/DS1-projeto-02/public/index.php(37): CodeIgniter\CodeIgniter->run()
#12 /home/aluno/Área de Trabalho/DS1-projeto-02/system/Commands/Server/rewrite.php(43): require_once('/home/aluno/\xC3\x81r...')
#13 {main}
CRITICAL - 2022-04-22 12:56:56 --> Undefined variable: arr
#0 /home/aluno/Área de Trabalho/DS1-projeto-02/app/Views/items-show.php(84): CodeIgniter\Debug\Exceptions->errorHandler(8, 'Undefined varia...', '/home/aluno/\xC3\x81r...', 84, Array)
#1 /home/aluno/Área de Trabalho/DS1-projeto-02/system/View/View.php(210): include('/home/aluno/\xC3\x81r...')
#2 /home/aluno/Área de Trabalho/DS1-projeto-02/system/View/View.php(213): CodeIgniter\View\View->CodeIgniter\View\{closure}()
#3 /home/aluno/Área de Trabalho/DS1-projeto-02/system/Common.php(1089): CodeIgniter\View\View->render('items-show', Array, true)
#4 /home/aluno/Área de Trabalho/DS1-projeto-02/app/Controllers/ItemController.php(44): view('items-show')
#5 /home/aluno/Área de Trabalho/DS1-projeto-02/system/CodeIgniter.php(832): App\Controllers\ItemController->index()
#6 /home/aluno/Área de Trabalho/DS1-projeto-02/system/CodeIgniter.php(419): CodeIgniter\CodeIgniter->runController(Object(App\Controllers\ItemController))
#7 /home/aluno/Área de Trabalho/DS1-projeto-02/system/CodeIgniter.php(326): CodeIgniter\CodeIgniter->handleRequest(NULL, Object(Config\Cache), false)
#8 /home/aluno/Área de Trabalho/DS1-projeto-02/public/index.php(37): CodeIgniter\CodeIgniter->run()
#9 /home/aluno/Área de Trabalho/DS1-projeto-02/system/Commands/Server/rewrite.php(43): require_once('/home/aluno/\xC3\x81r...')
#10 {main}
CRITICAL - 2022-04-22 13:01:09 --> Undefined variable: arr
#0 /home/aluno/Área de Trabalho/DS1-projeto-02/app/Views/items-show.php(84): CodeIgniter\Debug\Exceptions->errorHandler(8, 'Undefined varia...', '/home/aluno/\xC3\x81r...', 84, Array)
#1 /home/aluno/Área de Trabalho/DS1-projeto-02/system/View/View.php(210): include('/home/aluno/\xC3\x81r...')
#2 /home/aluno/Área de Trabalho/DS1-projeto-02/system/View/View.php(213): CodeIgniter\View\View->CodeIgniter\View\{closure}()
#3 /home/aluno/Área de Trabalho/DS1-projeto-02/system/Common.php(1089): CodeIgniter\View\View->render('items-show', Array, true)
#4 /home/aluno/Área de Trabalho/DS1-projeto-02/app/Controllers/ItemController.php(44): view('items-show', Array)
#5 /home/aluno/Área de Trabalho/DS1-projeto-02/system/CodeIgniter.php(832): App\Controllers\ItemController->index()
#6 /home/aluno/Área de Trabalho/DS1-projeto-02/system/CodeIgniter.php(419): CodeIgniter\CodeIgniter->runController(Object(App\Controllers\ItemController))
#7 /home/aluno/Área de Trabalho/DS1-projeto-02/system/CodeIgniter.php(326): CodeIgniter\CodeIgniter->handleRequest(NULL, Object(Config\Cache), false)
#8 /home/aluno/Área de Trabalho/DS1-projeto-02/public/index.php(37): CodeIgniter\CodeIgniter->run()
#9 /home/aluno/Área de Trabalho/DS1-projeto-02/system/Commands/Server/rewrite.php(43): require_once('/home/aluno/\xC3\x81r...')
#10 {main}
CRITICAL - 2022-04-22 13:01:10 --> Undefined variable: arr
#0 /home/aluno/Área de Trabalho/DS1-projeto-02/app/Views/items-show.php(84): CodeIgniter\Debug\Exceptions->errorHandler(8, 'Undefined varia...', '/home/aluno/\xC3\x81r...', 84, Array)
#1 /home/aluno/Área de Trabalho/DS1-projeto-02/system/View/View.php(210): include('/home/aluno/\xC3\x81r...')
#2 /home/aluno/Área de Trabalho/DS1-projeto-02/system/View/View.php(213): CodeIgniter\View\View->CodeIgniter\View\{closure}()
#3 /home/aluno/Área de Trabalho/DS1-projeto-02/system/Common.php(1089): CodeIgniter\View\View->render('items-show', Array, true)
#4 /home/aluno/Área de Trabalho/DS1-projeto-02/app/Controllers/ItemController.php(44): view('items-show', Array)
#5 /home/aluno/Área de Trabalho/DS1-projeto-02/system/CodeIgniter.php(832): App\Controllers\ItemController->index()
#6 /home/aluno/Área de Trabalho/DS1-projeto-02/system/CodeIgniter.php(419): CodeIgniter\CodeIgniter->runController(Object(App\Controllers\ItemController))
#7 /home/aluno/Área de Trabalho/DS1-projeto-02/system/CodeIgniter.php(326): CodeIgniter\CodeIgniter->handleRequest(NULL, Object(Config\Cache), false)
#8 /home/aluno/Área de Trabalho/DS1-projeto-02/public/index.php(37): CodeIgniter\CodeIgniter->run()
#9 /home/aluno/Área de Trabalho/DS1-projeto-02/system/Commands/Server/rewrite.php(43): require_once('/home/aluno/\xC3\x81r...')
#10 {main}
CRITICAL - 2022-04-22 13:01:10 --> Undefined variable: arr
#0 /home/aluno/Área de Trabalho/DS1-projeto-02/app/Views/items-show.php(84): CodeIgniter\Debug\Exceptions->errorHandler(8, 'Undefined varia...', '/home/aluno/\xC3\x81r...', 84, Array)
#1 /home/aluno/Área de Trabalho/DS1-projeto-02/system/View/View.php(210): include('/home/aluno/\xC3\x81r...')
#2 /home/aluno/Área de Trabalho/DS1-projeto-02/system/View/View.php(213): CodeIgniter\View\View->CodeIgniter\View\{closure}()
#3 /home/aluno/Área de Trabalho/DS1-projeto-02/system/Common.php(1089): CodeIgniter\View\View->render('items-show', Array, true)
#4 /home/aluno/Área de Trabalho/DS1-projeto-02/app/Controllers/ItemController.php(44): view('items-show', Array)
#5 /home/aluno/Área de Trabalho/DS1-projeto-02/system/CodeIgniter.php(832): App\Controllers\ItemController->index()
#6 /home/aluno/Área de Trabalho/DS1-projeto-02/system/CodeIgniter.php(419): CodeIgniter\CodeIgniter->runController(Object(App\Controllers\ItemController))
#7 /home/aluno/Área de Trabalho/DS1-projeto-02/system/CodeIgniter.php(326): CodeIgniter\CodeIgniter->handleRequest(NULL, Object(Config\Cache), false)
#8 /home/aluno/Área de Trabalho/DS1-projeto-02/public/index.php(37): CodeIgniter\CodeIgniter->run()
#9 /home/aluno/Área de Trabalho/DS1-projeto-02/system/Commands/Server/rewrite.php(43): require_once('/home/aluno/\xC3\x81r...')
#10 {main}
CRITICAL - 2022-04-22 13:01:11 --> Undefined variable: arr
#0 /home/aluno/Área de Trabalho/DS1-projeto-02/app/Views/items-show.php(84): CodeIgniter\Debug\Exceptions->errorHandler(8, 'Undefined varia...', '/home/aluno/\xC3\x81r...', 84, Array)
#1 /home/aluno/Área de Trabalho/DS1-projeto-02/system/View/View.php(210): include('/home/aluno/\xC3\x81r...')
#2 /home/aluno/Área de Trabalho/DS1-projeto-02/system/View/View.php(213): CodeIgniter\View\View->CodeIgniter\View\{closure}()
#3 /home/aluno/Área de Trabalho/DS1-projeto-02/system/Common.php(1089): CodeIgniter\View\View->render('items-show', Array, true)
#4 /home/aluno/Área de Trabalho/DS1-projeto-02/app/Controllers/ItemController.php(44): view('items-show', Array)
#5 /home/aluno/Área de Trabalho/DS1-projeto-02/system/CodeIgniter.php(832): App\Controllers\ItemController->index()
#6 /home/aluno/Área de Trabalho/DS1-projeto-02/system/CodeIgniter.php(419): CodeIgniter\CodeIgniter->runController(Object(App\Controllers\ItemController))
#7 /home/aluno/Área de Trabalho/DS1-projeto-02/system/CodeIgniter.php(326): CodeIgniter\CodeIgniter->handleRequest(NULL, Object(Config\Cache), false)
#8 /home/aluno/Área de Trabalho/DS1-projeto-02/public/index.php(37): CodeIgniter\CodeIgniter->run()
#9 /home/aluno/Área de Trabalho/DS1-projeto-02/system/Commands/Server/rewrite.php(43): require_once('/home/aluno/\xC3\x81r...')
#10 {main}
CRITICAL - 2022-04-22 13:01:11 --> Undefined variable: arr
#0 /home/aluno/Área de Trabalho/DS1-projeto-02/app/Views/items-show.php(84): CodeIgniter\Debug\Exceptions->errorHandler(8, 'Undefined varia...', '/home/aluno/\xC3\x81r...', 84, Array)
#1 /home/aluno/Área de Trabalho/DS1-projeto-02/system/View/View.php(210): include('/home/aluno/\xC3\x81r...')
#2 /home/aluno/Área de Trabalho/DS1-projeto-02/system/View/View.php(213): CodeIgniter\View\View->CodeIgniter\View\{closure}()
#3 /home/aluno/Área de Trabalho/DS1-projeto-02/system/Common.php(1089): CodeIgniter\View\View->render('items-show', Array, true)
#4 /home/aluno/Área de Trabalho/DS1-projeto-02/app/Controllers/ItemController.php(44): view('items-show', Array)
#5 /home/aluno/Área de Trabalho/DS1-projeto-02/system/CodeIgniter.php(832): App\Controllers\ItemController->index()
#6 /home/aluno/Área de Trabalho/DS1-projeto-02/system/CodeIgniter.php(419): CodeIgniter\CodeIgniter->runController(Object(App\Controllers\ItemController))
#7 /home/aluno/Área de Trabalho/DS1-projeto-02/system/CodeIgniter.php(326): CodeIgniter\CodeIgniter->handleRequest(NULL, Object(Config\Cache), false)
#8 /home/aluno/Área de Trabalho/DS1-projeto-02/public/index.php(37): CodeIgniter\CodeIgniter->run()
#9 /home/aluno/Área de Trabalho/DS1-projeto-02/system/Commands/Server/rewrite.php(43): require_once('/home/aluno/\xC3\x81r...')
#10 {main}
CRITICAL - 2022-04-22 13:01:13 --> Undefined variable: arr
#0 /home/aluno/Área de Trabalho/DS1-projeto-02/app/Views/items-show.php(84): CodeIgniter\Debug\Exceptions->errorHandler(8, 'Undefined varia...', '/home/aluno/\xC3\x81r...', 84, Array)
#1 /home/aluno/Área de Trabalho/DS1-projeto-02/system/View/View.php(210): include('/home/aluno/\xC3\x81r...')
#2 /home/aluno/Área de Trabalho/DS1-projeto-02/system/View/View.php(213): CodeIgniter\View\View->CodeIgniter\View\{closure}()
#3 /home/aluno/Área de Trabalho/DS1-projeto-02/system/Common.php(1089): CodeIgniter\View\View->render('items-show', Array, true)
#4 /home/aluno/Área de Trabalho/DS1-projeto-02/app/Controllers/ItemController.php(44): view('items-show', Array)
#5 /home/aluno/Área de Trabalho/DS1-projeto-02/system/CodeIgniter.php(832): App\Controllers\ItemController->index()
#6 /home/aluno/Área de Trabalho/DS1-projeto-02/system/CodeIgniter.php(419): CodeIgniter\CodeIgniter->runController(Object(App\Controllers\ItemController))
#7 /home/aluno/Área de Trabalho/DS1-projeto-02/system/CodeIgniter.php(326): CodeIgniter\CodeIgniter->handleRequest(NULL, Object(Config\Cache), false)
#8 /home/aluno/Área de Trabalho/DS1-projeto-02/public/index.php(37): CodeIgniter\CodeIgniter->run()
#9 /home/aluno/Área de Trabalho/DS1-projeto-02/system/Commands/Server/rewrite.php(43): require_once('/home/aluno/\xC3\x81r...')
#10 {main}
CRITICAL - 2022-04-22 13:01:14 --> Undefined variable: arr
#0 /home/aluno/Área de Trabalho/DS1-projeto-02/app/Views/items-show.php(84): CodeIgniter\Debug\Exceptions->errorHandler(8, 'Undefined varia...', '/home/aluno/\xC3\x81r...', 84, Array)
#1 /home/aluno/Área de Trabalho/DS1-projeto-02/system/View/View.php(210): include('/home/aluno/\xC3\x81r...')
#2 /home/aluno/Área de Trabalho/DS1-projeto-02/system/View/View.php(213): CodeIgniter\View\View->CodeIgniter\View\{closure}()
#3 /home/aluno/Área de Trabalho/DS1-projeto-02/system/Common.php(1089): CodeIgniter\View\View->render('items-show', Array, true)
#4 /home/aluno/Área de Trabalho/DS1-projeto-02/app/Controllers/ItemController.php(44): view('items-show', Array)
#5 /home/aluno/Área de Trabalho/DS1-projeto-02/system/CodeIgniter.php(832): App\Controllers\ItemController->index()
#6 /home/aluno/Área de Trabalho/DS1-projeto-02/system/CodeIgniter.php(419): CodeIgniter\CodeIgniter->runController(Object(App\Controllers\ItemController))
#7 /home/aluno/Área de Trabalho/DS1-projeto-02/system/CodeIgniter.php(326): CodeIgniter\CodeIgniter->handleRequest(NULL, Object(Config\Cache), false)
#8 /home/aluno/Área de Trabalho/DS1-projeto-02/public/index.php(37): CodeIgniter\CodeIgniter->run()
#9 /home/aluno/Área de Trabalho/DS1-projeto-02/system/Commands/Server/rewrite.php(43): require_once('/home/aluno/\xC3\x81r...')
#10 {main}
CRITICAL - 2022-04-22 13:01:31 --> Undefined variable: arr
#0 /home/aluno/Área de Trabalho/DS1-projeto-02/app/Views/items-show.php(84): CodeIgniter\Debug\Exceptions->errorHandler(8, 'Undefined varia...', '/home/aluno/\xC3\x81r...', 84, Array)
#1 /home/aluno/Área de Trabalho/DS1-projeto-02/system/View/View.php(210): include('/home/aluno/\xC3\x81r...')
#2 /home/aluno/Área de Trabalho/DS1-projeto-02/system/View/View.php(213): CodeIgniter\View\View->CodeIgniter\View\{closure}()
#3 /home/aluno/Área de Trabalho/DS1-projeto-02/system/Common.php(1089): CodeIgniter\View\View->render('items-show', Array, true)
#4 /home/aluno/Área de Trabalho/DS1-projeto-02/app/Controllers/ItemController.php(44): view('items-show', Array)
#5 /home/aluno/Área de Trabalho/DS1-projeto-02/system/CodeIgniter.php(832): App\Controllers\ItemController->index()
#6 /home/aluno/Área de Trabalho/DS1-projeto-02/system/CodeIgniter.php(419): CodeIgniter\CodeIgniter->runController(Object(App\Controllers\ItemController))
#7 /home/aluno/Área de Trabalho/DS1-projeto-02/system/CodeIgniter.php(326): CodeIgniter\CodeIgniter->handleRequest(NULL, Object(Config\Cache), false)
#8 /home/aluno/Área de Trabalho/DS1-projeto-02/public/index.php(37): CodeIgniter\CodeIgniter->run()
#9 /home/aluno/Área de Trabalho/DS1-projeto-02/system/Commands/Server/rewrite.php(43): require_once('/home/aluno/\xC3\x81r...')
#10 {main}
CRITICAL - 2022-04-22 13:03:35 --> Undefined variable: arr
#0 /home/aluno/Área de Trabalho/DS1-projeto-02/app/Views/items-show.php(84): CodeIgniter\Debug\Exceptions->errorHandler(8, 'Undefined varia...', '/home/aluno/\xC3\x81r...', 84, Array)
#1 /home/aluno/Área de Trabalho/DS1-projeto-02/system/View/View.php(210): include('/home/aluno/\xC3\x81r...')
#2 /home/aluno/Área de Trabalho/DS1-projeto-02/system/View/View.php(213): CodeIgniter\View\View->CodeIgniter\View\{closure}()
#3 /home/aluno/Área de Trabalho/DS1-projeto-02/system/Common.php(1089): CodeIgniter\View\View->render('items-show', Array, true)
#4 /home/aluno/Área de Trabalho/DS1-projeto-02/app/Controllers/ItemController.php(44): view('items-show', Array)
#5 /home/aluno/Área de Trabalho/DS1-projeto-02/system/CodeIgniter.php(832): App\Controllers\ItemController->index()
#6 /home/aluno/Área de Trabalho/DS1-projeto-02/system/CodeIgniter.php(419): CodeIgniter\CodeIgniter->runController(Object(App\Controllers\ItemController))
#7 /home/aluno/Área de Trabalho/DS1-projeto-02/system/CodeIgniter.php(326): CodeIgniter\CodeIgniter->handleRequest(NULL, Object(Config\Cache), false)
#8 /home/aluno/Área de Trabalho/DS1-projeto-02/public/index.php(37): CodeIgniter\CodeIgniter->run()
#9 /home/aluno/Área de Trabalho/DS1-projeto-02/system/Commands/Server/rewrite.php(43): require_once('/home/aluno/\xC3\x81r...')
#10 {main}
CRITICAL - 2022-04-22 13:04:45 --> syntax error, unexpected end of file
#0 /home/aluno/Área de Trabalho/DS1-projeto-02/system/View/View.php(213): CodeIgniter\View\View->CodeIgniter\View\{closure}()
#1 /home/aluno/Área de Trabalho/DS1-projeto-02/system/Common.php(1089): CodeIgniter\View\View->render('items-show', Array, true)
#2 /home/aluno/Área de Trabalho/DS1-projeto-02/app/Controllers/ItemController.php(44): view('items-show', Array)
#3 /home/aluno/Área de Trabalho/DS1-projeto-02/system/CodeIgniter.php(832): App\Controllers\ItemController->index()
#4 /home/aluno/Área de Trabalho/DS1-projeto-02/system/CodeIgniter.php(419): CodeIgniter\CodeIgniter->runController(Object(App\Controllers\ItemController))
#5 /home/aluno/Área de Trabalho/DS1-projeto-02/system/CodeIgniter.php(326): CodeIgniter\CodeIgniter->handleRequest(NULL, Object(Config\Cache), false)
#6 /home/aluno/Área de Trabalho/DS1-projeto-02/public/index.php(37): CodeIgniter\CodeIgniter->run()
#7 /home/aluno/Área de Trabalho/DS1-projeto-02/system/Commands/Server/rewrite.php(43): require_once('/home/aluno/\xC3\x81r...')
#8 {main}
CRITICAL - 2022-04-22 13:23:49 --> Undefined index: console
#0 /home/aluno/Área de Trabalho/DS1-projeto-02/app/Models/Items.php(19): CodeIgniter\Debug\Exceptions->errorHandler(8, 'Undefined index...', '/home/aluno/\xC3\x81r...', 19, Array)
#1 /home/aluno/Área de Trabalho/DS1-projeto-02/app/Controllers/ItemController.php(43): App\Models\Items->get_Items()
#2 /home/aluno/Área de Trabalho/DS1-projeto-02/system/CodeIgniter.php(832): App\Controllers\ItemController->index()
#3 /home/aluno/Área de Trabalho/DS1-projeto-02/system/CodeIgniter.php(419): CodeIgniter\CodeIgniter->runController(Object(App\Controllers\ItemController))
#4 /home/aluno/Área de Trabalho/DS1-projeto-02/system/CodeIgniter.php(326): CodeIgniter\CodeIgniter->handleRequest(NULL, Object(Config\Cache), false)
#5 /home/aluno/Área de Trabalho/DS1-projeto-02/public/index.php(37): CodeIgniter\CodeIgniter->run()
#6 /home/aluno/Área de Trabalho/DS1-projeto-02/system/Commands/Server/rewrite.php(43): require_once('/home/aluno/\xC3\x81r...')
#7 {main}
CRITICAL - 2022-04-22 13:25:23 --> Array to string conversion
#0 /home/aluno/Área de Trabalho/DS1-projeto-02/app/Models/Items.php(18): CodeIgniter\Debug\Exceptions->errorHandler(8, 'Array to string...', '/home/aluno/\xC3\x81r...', 18, Array)
#1 /home/aluno/Área de Trabalho/DS1-projeto-02/app/Controllers/ItemController.php(43): App\Models\Items->get_Items()
#2 /home/aluno/Área de Trabalho/DS1-projeto-02/system/CodeIgniter.php(832): App\Controllers\ItemController->index()
#3 /home/aluno/Área de Trabalho/DS1-projeto-02/system/CodeIgniter.php(419): CodeIgniter\CodeIgniter->runController(Object(App\Controllers\ItemController))
#4 /home/aluno/Área de Trabalho/DS1-projeto-02/system/CodeIgniter.php(326): CodeIgniter\CodeIgniter->handleRequest(NULL, Object(Config\Cache), false)
#5 /home/aluno/Área de Trabalho/DS1-projeto-02/public/index.php(37): CodeIgniter\CodeIgniter->run()
#6 /home/aluno/Área de Trabalho/DS1-projeto-02/system/Commands/Server/rewrite.php(43): require_once('/home/aluno/\xC3\x81r...')
#7 {main}
CRITICAL - 2022-04-22 13:25:35 --> Undefined index: console
#0 /home/aluno/Área de Trabalho/DS1-projeto-02/app/Models/Items.php(20): CodeIgniter\Debug\Exceptions->errorHandler(8, 'Undefined index...', '/home/aluno/\xC3\x81r...', 20, Array)
#1 /home/aluno/Área de Trabalho/DS1-projeto-02/app/Controllers/ItemController.php(43): App\Models\Items->get_Items()
#2 /home/aluno/Área de Trabalho/DS1-projeto-02/system/CodeIgniter.php(832): App\Controllers\ItemController->index()
#3 /home/aluno/Área de Trabalho/DS1-projeto-02/system/CodeIgniter.php(419): CodeIgniter\CodeIgniter->runController(Object(App\Controllers\ItemController))
#4 /home/aluno/Área de Trabalho/DS1-projeto-02/system/CodeIgniter.php(326): CodeIgniter\CodeIgniter->handleRequest(NULL, Object(Config\Cache), false)
#5 /home/aluno/Área de Trabalho/DS1-projeto-02/public/index.php(37): CodeIgniter\CodeIgniter->run()
#6 /home/aluno/Área de Trabalho/DS1-projeto-02/system/Commands/Server/rewrite.php(43): require_once('/home/aluno/\xC3\x81r...')
#7 {main}
CRITICAL - 2022-04-22 13:30:50 --> Array to string conversion
#0 /home/aluno/Área de Trabalho/DS1-projeto-02/app/Views/items-show.php(96): CodeIgniter\Debug\Exceptions->errorHandler(8, 'Array to string...', '/home/aluno/\xC3\x81r...', 96, Array)
#1 /home/aluno/Área de Trabalho/DS1-projeto-02/system/View/View.php(210): include('/home/aluno/\xC3\x81r...')
#2 /home/aluno/Área de Trabalho/DS1-projeto-02/system/View/View.php(213): CodeIgniter\View\View->CodeIgniter\View\{closure}()
#3 /home/aluno/Área de Trabalho/DS1-projeto-02/system/Common.php(1089): CodeIgniter\View\View->render('items-show', Array, true)
#4 /home/aluno/Área de Trabalho/DS1-projeto-02/app/Controllers/ItemController.php(44): view('items-show', Array)
#5 /home/aluno/Área de Trabalho/DS1-projeto-02/system/CodeIgniter.php(832): App\Controllers\ItemController->index()
#6 /home/aluno/Área de Trabalho/DS1-projeto-02/system/CodeIgniter.php(419): CodeIgniter\CodeIgniter->runController(Object(App\Controllers\ItemController))
#7 /home/aluno/Área de Trabalho/DS1-projeto-02/system/CodeIgniter.php(326): CodeIgniter\CodeIgniter->handleRequest(NULL, Object(Config\Cache), false)
#8 /home/aluno/Área de Trabalho/DS1-projeto-02/public/index.php(37): CodeIgniter\CodeIgniter->run()
#9 /home/aluno/Área de Trabalho/DS1-projeto-02/system/Commands/Server/rewrite.php(43): require_once('/home/aluno/\xC3\x81r...')
#10 {main}
CRITICAL - 2022-04-22 13:31:38 --> Array to string conversion
#0 /home/aluno/Área de Trabalho/DS1-projeto-02/app/Views/items-show.php(96): CodeIgniter\Debug\Exceptions->errorHandler(8, 'Array to string...', '/home/aluno/\xC3\x81r...', 96, Array)
#1 /home/aluno/Área de Trabalho/DS1-projeto-02/system/View/View.php(210): include('/home/aluno/\xC3\x81r...')
#2 /home/aluno/Área de Trabalho/DS1-projeto-02/system/View/View.php(213): CodeIgniter\View\View->CodeIgniter\View\{closure}()
#3 /home/aluno/Área de Trabalho/DS1-projeto-02/system/Common.php(1089): CodeIgniter\View\View->render('items-show', Array, true)
#4 /home/aluno/Área de Trabalho/DS1-projeto-02/app/Controllers/ItemController.php(44): view('items-show', Array)
#5 /home/aluno/Área de Trabalho/DS1-projeto-02/system/CodeIgniter.php(832): App\Controllers\ItemController->index()
#6 /home/aluno/Área de Trabalho/DS1-projeto-02/system/CodeIgniter.php(419): CodeIgniter\CodeIgniter->runController(Object(App\Controllers\ItemController))
#7 /home/aluno/Área de Trabalho/DS1-projeto-02/system/CodeIgniter.php(326): CodeIgniter\CodeIgniter->handleRequest(NULL, Object(Config\Cache), false)
#8 /home/aluno/Área de Trabalho/DS1-projeto-02/public/index.php(37): CodeIgniter\CodeIgniter->run()
#9 /home/aluno/Área de Trabalho/DS1-projeto-02/system/Commands/Server/rewrite.php(43): require_once('/home/aluno/\xC3\x81r...')
#10 {main}
CRITICAL - 2022-04-22 13:33:56 --> Cannot declare class App\Models\Console, because the name is already in use
#0 [internal function]: CodeIgniter\Debug\Exceptions->shutdownHandler()
#1 {main}
CRITICAL - 2022-04-22 13:33:57 --> Cannot declare class App\Models\Console, because the name is already in use
#0 [internal function]: CodeIgniter\Debug\Exceptions->shutdownHandler()
#1 {main}
CRITICAL - 2022-04-22 13:33:57 --> Cannot declare class App\Models\Console, because the name is already in use
#0 [internal function]: CodeIgniter\Debug\Exceptions->shutdownHandler()
#1 {main}
CRITICAL - 2022-04-22 15:24:06 --> syntax error, unexpected '' (T_ENCAPSED_AND_WHITESPACE), expecting '-' or identifier (T_STRING) or variable (T_VARIABLE) or number (T_NUM_STRING)
#0 /home/aluno/Área de Trabalho/DS1-projeto-02/system/View/View.php(213): CodeIgniter\View\View->CodeIgniter\View\{closure}()
#1 /home/aluno/Área de Trabalho/DS1-projeto-02/system/Common.php(1089): CodeIgniter\View\View->render('items-show', Array, true)
#2 /home/aluno/Área de Trabalho/DS1-projeto-02/app/Controllers/ItemController.php(44): view('items-show', Array)
#3 /home/aluno/Área de Trabalho/DS1-projeto-02/system/CodeIgniter.php(832): App\Controllers\ItemController->index()
#4 /home/aluno/Área de Trabalho/DS1-projeto-02/system/CodeIgniter.php(419): CodeIgniter\CodeIgniter->runController(Object(App\Controllers\ItemController))
#5 /home/aluno/Área de Trabalho/DS1-projeto-02/system/CodeIgniter.php(326): CodeIgniter\CodeIgniter->handleRequest(NULL, Object(Config\Cache), false)
#6 /home/aluno/Área de Trabalho/DS1-projeto-02/public/index.php(37): CodeIgniter\CodeIgniter->run()
#7 /home/aluno/Área de Trabalho/DS1-projeto-02/system/Commands/Server/rewrite.php(43): require_once('/home/aluno/\xC3\x81r...')
#8 {main}
CRITICAL - 2022-04-22 15:29:23 --> Array to string conversion
#0 /home/aluno/Área de Trabalho/DS1-projeto-02/app/Views/item-edit.php(11): CodeIgniter\Debug\Exceptions->errorHandler(8, 'Array to string...', '/home/aluno/\xC3\x81r...', 11, Array)
#1 /home/aluno/Área de Trabalho/DS1-projeto-02/system/View/View.php(210): include('/home/aluno/\xC3\x81r...')
#2 /home/aluno/Área de Trabalho/DS1-projeto-02/system/View/View.php(213): CodeIgniter\View\View->CodeIgniter\View\{closure}()
#3 /home/aluno/Área de Trabalho/DS1-projeto-02/system/Common.php(1089): CodeIgniter\View\View->render('item-edit', Array, true)
#4 /home/aluno/Área de Trabalho/DS1-projeto-02/app/Controllers/ItemController.php(62): view('item-edit', Array)
#5 /home/aluno/Área de Trabalho/DS1-projeto-02/system/CodeIgniter.php(832): App\Controllers\ItemController->getEditProduct('1')
#6 /home/aluno/Área de Trabalho/DS1-projeto-02/system/CodeIgniter.php(419): CodeIgniter\CodeIgniter->runController(Object(App\Controllers\ItemController))
#7 /home/aluno/Área de Trabalho/DS1-projeto-02/system/CodeIgniter.php(326): CodeIgniter\CodeIgniter->handleRequest(NULL, Object(Config\Cache), false)
#8 /home/aluno/Área de Trabalho/DS1-projeto-02/public/index.php(37): CodeIgniter\CodeIgniter->run()
#9 /home/aluno/Área de Trabalho/DS1-projeto-02/system/Commands/Server/rewrite.php(43): require_once('/home/aluno/\xC3\x81r...')
#10 {main}
CRITICAL - 2022-04-22 15:29:44 --> Array to string conversion
#0 /home/aluno/Área de Trabalho/DS1-projeto-02/app/Views/item-edit.php(11): CodeIgniter\Debug\Exceptions->errorHandler(8, 'Array to string...', '/home/aluno/\xC3\x81r...', 11, Array)
#1 /home/aluno/Área de Trabalho/DS1-projeto-02/system/View/View.php(210): include('/home/aluno/\xC3\x81r...')
#2 /home/aluno/Área de Trabalho/DS1-projeto-02/system/View/View.php(213): CodeIgniter\View\View->CodeIgniter\View\{closure}()
#3 /home/aluno/Área de Trabalho/DS1-projeto-02/system/Common.php(1089): CodeIgniter\View\View->render('item-edit', Array, true)
#4 /home/aluno/Área de Trabalho/DS1-projeto-02/app/Controllers/ItemController.php(62): view('item-edit', Array)
#5 /home/aluno/Área de Trabalho/DS1-projeto-02/system/CodeIgniter.php(832): App\Controllers\ItemController->getEditProduct('1')
#6 /home/aluno/Área de Trabalho/DS1-projeto-02/system/CodeIgniter.php(419): CodeIgniter\CodeIgniter->runController(Object(App\Controllers\ItemController))
#7 /home/aluno/Área de Trabalho/DS1-projeto-02/system/CodeIgniter.php(326): CodeIgniter\CodeIgniter->handleRequest(NULL, Object(Config\Cache), false)
#8 /home/aluno/Área de Trabalho/DS1-projeto-02/public/index.php(37): CodeIgniter\CodeIgniter->run()
#9 /home/aluno/Área de Trabalho/DS1-projeto-02/system/Commands/Server/rewrite.php(43): require_once('/home/aluno/\xC3\x81r...')
#10 {main}
CRITICAL - 2022-04-22 15:31:11 --> Undefined index: nome
#0 /home/aluno/Área de Trabalho/DS1-projeto-02/app/Views/item-edit.php(11): CodeIgniter\Debug\Exceptions->errorHandler(8, 'Undefined index...', '/home/aluno/\xC3\x81r...', 11, Array)
#1 /home/aluno/Área de Trabalho/DS1-projeto-02/system/View/View.php(210): include('/home/aluno/\xC3\x81r...')
#2 /home/aluno/Área de Trabalho/DS1-projeto-02/system/View/View.php(213): CodeIgniter\View\View->CodeIgniter\View\{closure}()
#3 /home/aluno/Área de Trabalho/DS1-projeto-02/system/Common.php(1089): CodeIgniter\View\View->render('item-edit', Array, true)
#4 /home/aluno/Área de Trabalho/DS1-projeto-02/app/Controllers/ItemController.php(62): view('item-edit', Array)
#5 /home/aluno/Área de Trabalho/DS1-projeto-02/system/CodeIgniter.php(832): App\Controllers\ItemController->getEditProduct('1')
#6 /home/aluno/Área de Trabalho/DS1-projeto-02/system/CodeIgniter.php(419): CodeIgniter\CodeIgniter->runController(Object(App\Controllers\ItemController))
#7 /home/aluno/Área de Trabalho/DS1-projeto-02/system/CodeIgniter.php(326): CodeIgniter\CodeIgniter->handleRequest(NULL, Object(Config\Cache), false)
#8 /home/aluno/Área de Trabalho/DS1-projeto-02/public/index.php(37): CodeIgniter\CodeIgniter->run()
#9 /home/aluno/Área de Trabalho/DS1-projeto-02/system/Commands/Server/rewrite.php(43): require_once('/home/aluno/\xC3\x81r...')
#10 {main}
CRITICAL - 2022-04-22 15:35:15 --> syntax error, unexpected '}', expecting ',' or ';'
#0 /home/aluno/Área de Trabalho/DS1-projeto-02/system/View/View.php(213): CodeIgniter\View\View->CodeIgniter\View\{closure}()
#1 /home/aluno/Área de Trabalho/DS1-projeto-02/system/Common.php(1089): CodeIgniter\View\View->render('item-edit', Array, true)
#2 /home/aluno/Área de Trabalho/DS1-projeto-02/app/Controllers/ItemController.php(62): view('item-edit', Array)
#3 /home/aluno/Área de Trabalho/DS1-projeto-02/system/CodeIgniter.php(832): App\Controllers\ItemController->getEditProduct('1')
#4 /home/aluno/Área de Trabalho/DS1-projeto-02/system/CodeIgniter.php(419): CodeIgniter\CodeIgniter->runController(Object(App\Controllers\ItemController))
#5 /home/aluno/Área de Trabalho/DS1-projeto-02/system/CodeIgniter.php(326): CodeIgniter\CodeIgniter->handleRequest(NULL, Object(Config\Cache), false)
#6 /home/aluno/Área de Trabalho/DS1-projeto-02/public/index.php(37): CodeIgniter\CodeIgniter->run()
#7 /home/aluno/Área de Trabalho/DS1-projeto-02/system/Commands/Server/rewrite.php(43): require_once('/home/aluno/\xC3\x81r...')
#8 {main}
CRITICAL - 2022-04-22 15:55:33 --> Undefined variable: console
#0 /home/aluno/Área de Trabalho/DS1-projeto-02/app/Controllers/ItemController.php(48): CodeIgniter\Debug\Exceptions->errorHandler(8, 'Undefined varia...', '/home/aluno/\xC3\x81r...', 48, Array)
#1 /home/aluno/Área de Trabalho/DS1-projeto-02/system/CodeIgniter.php(832): App\Controllers\ItemController->index()
#2 /home/aluno/Área de Trabalho/DS1-projeto-02/system/CodeIgniter.php(419): CodeIgniter\CodeIgniter->runController(Object(App\Controllers\ItemController))
#3 /home/aluno/Área de Trabalho/DS1-projeto-02/system/CodeIgniter.php(326): CodeIgniter\CodeIgniter->handleRequest(NULL, Object(Config\Cache), false)
#4 /home/aluno/Área de Trabalho/DS1-projeto-02/public/index.php(37): CodeIgniter\CodeIgniter->run()
#5 /home/aluno/Área de Trabalho/DS1-projeto-02/system/Commands/Server/rewrite.php(43): require_once('/home/aluno/\xC3\x81r...')
#6 {main}
