CRITICAL - 2022-05-15 09:04:00 --> Undefined variable: nota
#0 C:\Users\silvi\Documents\Silvio\DS1-projeto-02\app\Views\notafiscal-all.php(39): CodeIgniter\Debug\Exceptions->errorHandler(8, 'Undefined varia...', 'C:\\Users\\silvi\\...', 39, Array)
#1 C:\Users\silvi\Documents\Silvio\DS1-projeto-02\system\View\View.php(210): include('C:\\Users\\silvi\\...')
#2 C:\Users\silvi\Documents\Silvio\DS1-projeto-02\system\View\View.php(213): CodeIgniter\View\View->CodeIgniter\View\{closure}()
#3 C:\Users\silvi\Documents\Silvio\DS1-projeto-02\system\Common.php(1089): CodeIgniter\View\View->render('notafiscal-all', Array, true)
#4 C:\Users\silvi\Documents\Silvio\DS1-projeto-02\app\Controllers\NotaFiscalController.php(118): view('notafiscal-all', Array)
#5 C:\Users\silvi\Documents\Silvio\DS1-projeto-02\system\CodeIgniter.php(832): App\Controllers\NotaFiscalController->notasFiscaisView()
#6 C:\Users\silvi\Documents\Silvio\DS1-projeto-02\system\CodeIgniter.php(419): CodeIgniter\CodeIgniter->runController(Object(App\Controllers\NotaFiscalController))
#7 C:\Users\silvi\Documents\Silvio\DS1-projeto-02\system\CodeIgniter.php(326): CodeIgniter\CodeIgniter->handleRequest(NULL, Object(Config\Cache), false)
#8 C:\Users\silvi\Documents\Silvio\DS1-projeto-02\public\index.php(37): CodeIgniter\CodeIgniter->run()
#9 C:\Users\silvi\Documents\Silvio\DS1-projeto-02\system\Commands\Server\rewrite.php(43): require_once('C:\\Users\\silvi\\...')
#10 {main}
CRITICAL - 2022-05-15 09:04:20 --> Undefined index: produtos
#0 C:\Users\silvi\Documents\Silvio\DS1-projeto-02\app\Views\notafiscal-all.php(39): CodeIgniter\Debug\Exceptions->errorHandler(8, 'Undefined index...', 'C:\\Users\\silvi\\...', 39, Array)
#1 C:\Users\silvi\Documents\Silvio\DS1-projeto-02\system\View\View.php(210): include('C:\\Users\\silvi\\...')
#2 C:\Users\silvi\Documents\Silvio\DS1-projeto-02\system\View\View.php(213): CodeIgniter\View\View->CodeIgniter\View\{closure}()
#3 C:\Users\silvi\Documents\Silvio\DS1-projeto-02\system\Common.php(1089): CodeIgniter\View\View->render('notafiscal-all', Array, true)
#4 C:\Users\silvi\Documents\Silvio\DS1-projeto-02\app\Controllers\NotaFiscalController.php(118): view('notafiscal-all', Array)
#5 C:\Users\silvi\Documents\Silvio\DS1-projeto-02\system\CodeIgniter.php(832): App\Controllers\NotaFiscalController->notasFiscaisView()
#6 C:\Users\silvi\Documents\Silvio\DS1-projeto-02\system\CodeIgniter.php(419): CodeIgniter\CodeIgniter->runController(Object(App\Controllers\NotaFiscalController))
#7 C:\Users\silvi\Documents\Silvio\DS1-projeto-02\system\CodeIgniter.php(326): CodeIgniter\CodeIgniter->handleRequest(NULL, Object(Config\Cache), false)
#8 C:\Users\silvi\Documents\Silvio\DS1-projeto-02\public\index.php(37): CodeIgniter\CodeIgniter->run()
#9 C:\Users\silvi\Documents\Silvio\DS1-projeto-02\system\Commands\Server\rewrite.php(43): require_once('C:\\Users\\silvi\\...')
#10 {main}
CRITICAL - 2022-05-15 09:05:09 --> Undefined variable: product
#0 C:\Users\silvi\Documents\Silvio\DS1-projeto-02\app\Views\notafiscal-all.php(45): CodeIgniter\Debug\Exceptions->errorHandler(8, 'Undefined varia...', 'C:\\Users\\silvi\\...', 45, Array)
#1 C:\Users\silvi\Documents\Silvio\DS1-projeto-02\system\View\View.php(210): include('C:\\Users\\silvi\\...')
#2 C:\Users\silvi\Documents\Silvio\DS1-projeto-02\system\View\View.php(213): CodeIgniter\View\View->CodeIgniter\View\{closure}()
#3 C:\Users\silvi\Documents\Silvio\DS1-projeto-02\system\Common.php(1089): CodeIgniter\View\View->render('notafiscal-all', Array, true)
#4 C:\Users\silvi\Documents\Silvio\DS1-projeto-02\app\Controllers\NotaFiscalController.php(118): view('notafiscal-all', Array)
#5 C:\Users\silvi\Documents\Silvio\DS1-projeto-02\system\CodeIgniter.php(832): App\Controllers\NotaFiscalController->notasFiscaisView()
#6 C:\Users\silvi\Documents\Silvio\DS1-projeto-02\system\CodeIgniter.php(419): CodeIgniter\CodeIgniter->runController(Object(App\Controllers\NotaFiscalController))
#7 C:\Users\silvi\Documents\Silvio\DS1-projeto-02\system\CodeIgniter.php(326): CodeIgniter\CodeIgniter->handleRequest(NULL, Object(Config\Cache), false)
#8 C:\Users\silvi\Documents\Silvio\DS1-projeto-02\public\index.php(37): CodeIgniter\CodeIgniter->run()
#9 C:\Users\silvi\Documents\Silvio\DS1-projeto-02\system\Commands\Server\rewrite.php(43): require_once('C:\\Users\\silvi\\...')
#10 {main}
CRITICAL - 2022-05-15 09:05:30 --> Undefined index: valor
#0 C:\Users\silvi\Documents\Silvio\DS1-projeto-02\app\Views\notafiscal-all.php(45): CodeIgniter\Debug\Exceptions->errorHandler(8, 'Undefined index...', 'C:\\Users\\silvi\\...', 45, Array)
#1 C:\Users\silvi\Documents\Silvio\DS1-projeto-02\system\View\View.php(210): include('C:\\Users\\silvi\\...')
#2 C:\Users\silvi\Documents\Silvio\DS1-projeto-02\system\View\View.php(213): CodeIgniter\View\View->CodeIgniter\View\{closure}()
#3 C:\Users\silvi\Documents\Silvio\DS1-projeto-02\system\Common.php(1089): CodeIgniter\View\View->render('notafiscal-all', Array, true)
#4 C:\Users\silvi\Documents\Silvio\DS1-projeto-02\app\Controllers\NotaFiscalController.php(118): view('notafiscal-all', Array)
#5 C:\Users\silvi\Documents\Silvio\DS1-projeto-02\system\CodeIgniter.php(832): App\Controllers\NotaFiscalController->notasFiscaisView()
#6 C:\Users\silvi\Documents\Silvio\DS1-projeto-02\system\CodeIgniter.php(419): CodeIgniter\CodeIgniter->runController(Object(App\Controllers\NotaFiscalController))
#7 C:\Users\silvi\Documents\Silvio\DS1-projeto-02\system\CodeIgniter.php(326): CodeIgniter\CodeIgniter->handleRequest(NULL, Object(Config\Cache), false)
#8 C:\Users\silvi\Documents\Silvio\DS1-projeto-02\public\index.php(37): CodeIgniter\CodeIgniter->run()
#9 C:\Users\silvi\Documents\Silvio\DS1-projeto-02\system\Commands\Server\rewrite.php(43): require_once('C:\\Users\\silvi\\...')
#10 {main}
CRITICAL - 2022-05-15 09:12:48 --> Undefined index: produtoInfo
#0 C:\Users\silvi\Documents\Silvio\DS1-projeto-02\app\Views\notafiscal-all.php(40): CodeIgniter\Debug\Exceptions->errorHandler(8, 'Undefined index...', 'C:\\Users\\silvi\\...', 40, Array)
#1 C:\Users\silvi\Documents\Silvio\DS1-projeto-02\system\View\View.php(210): include('C:\\Users\\silvi\\...')
#2 C:\Users\silvi\Documents\Silvio\DS1-projeto-02\system\View\View.php(213): CodeIgniter\View\View->CodeIgniter\View\{closure}()
#3 C:\Users\silvi\Documents\Silvio\DS1-projeto-02\system\Common.php(1089): CodeIgniter\View\View->render('notafiscal-all', Array, true)
#4 C:\Users\silvi\Documents\Silvio\DS1-projeto-02\app\Controllers\NotaFiscalController.php(118): view('notafiscal-all', Array)
#5 C:\Users\silvi\Documents\Silvio\DS1-projeto-02\system\CodeIgniter.php(832): App\Controllers\NotaFiscalController->notasFiscaisView()
#6 C:\Users\silvi\Documents\Silvio\DS1-projeto-02\system\CodeIgniter.php(419): CodeIgniter\CodeIgniter->runController(Object(App\Controllers\NotaFiscalController))
#7 C:\Users\silvi\Documents\Silvio\DS1-projeto-02\system\CodeIgniter.php(326): CodeIgniter\CodeIgniter->handleRequest(NULL, Object(Config\Cache), false)
#8 C:\Users\silvi\Documents\Silvio\DS1-projeto-02\public\index.php(37): CodeIgniter\CodeIgniter->run()
#9 C:\Users\silvi\Documents\Silvio\DS1-projeto-02\system\Commands\Server\rewrite.php(43): require_once('C:\\Users\\silvi\\...')
#10 {main}
CRITICAL - 2022-05-15 09:13:20 --> Undefined index: produtoInfo
#0 C:\Users\silvi\Documents\Silvio\DS1-projeto-02\app\Views\notafiscal-all.php(40): CodeIgniter\Debug\Exceptions->errorHandler(8, 'Undefined index...', 'C:\\Users\\silvi\\...', 40, Array)
#1 C:\Users\silvi\Documents\Silvio\DS1-projeto-02\system\View\View.php(210): include('C:\\Users\\silvi\\...')
#2 C:\Users\silvi\Documents\Silvio\DS1-projeto-02\system\View\View.php(213): CodeIgniter\View\View->CodeIgniter\View\{closure}()
#3 C:\Users\silvi\Documents\Silvio\DS1-projeto-02\system\Common.php(1089): CodeIgniter\View\View->render('notafiscal-all', Array, true)
#4 C:\Users\silvi\Documents\Silvio\DS1-projeto-02\app\Controllers\NotaFiscalController.php(118): view('notafiscal-all', Array)
#5 C:\Users\silvi\Documents\Silvio\DS1-projeto-02\system\CodeIgniter.php(832): App\Controllers\NotaFiscalController->notasFiscaisView()
#6 C:\Users\silvi\Documents\Silvio\DS1-projeto-02\system\CodeIgniter.php(419): CodeIgniter\CodeIgniter->runController(Object(App\Controllers\NotaFiscalController))
#7 C:\Users\silvi\Documents\Silvio\DS1-projeto-02\system\CodeIgniter.php(326): CodeIgniter\CodeIgniter->handleRequest(NULL, Object(Config\Cache), false)
#8 C:\Users\silvi\Documents\Silvio\DS1-projeto-02\public\index.php(37): CodeIgniter\CodeIgniter->run()
#9 C:\Users\silvi\Documents\Silvio\DS1-projeto-02\system\Commands\Server\rewrite.php(43): require_once('C:\\Users\\silvi\\...')
#10 {main}
CRITICAL - 2022-05-15 09:14:56 --> Undefined index: produtoInfo
#0 C:\Users\silvi\Documents\Silvio\DS1-projeto-02\app\Views\notafiscal-all.php(40): CodeIgniter\Debug\Exceptions->errorHandler(8, 'Undefined index...', 'C:\\Users\\silvi\\...', 40, Array)
#1 C:\Users\silvi\Documents\Silvio\DS1-projeto-02\system\View\View.php(210): include('C:\\Users\\silvi\\...')
#2 C:\Users\silvi\Documents\Silvio\DS1-projeto-02\system\View\View.php(213): CodeIgniter\View\View->CodeIgniter\View\{closure}()
#3 C:\Users\silvi\Documents\Silvio\DS1-projeto-02\system\Common.php(1089): CodeIgniter\View\View->render('notafiscal-all', Array, true)
#4 C:\Users\silvi\Documents\Silvio\DS1-projeto-02\app\Controllers\NotaFiscalController.php(118): view('notafiscal-all', Array)
#5 C:\Users\silvi\Documents\Silvio\DS1-projeto-02\system\CodeIgniter.php(832): App\Controllers\NotaFiscalController->notasFiscaisView()
#6 C:\Users\silvi\Documents\Silvio\DS1-projeto-02\system\CodeIgniter.php(419): CodeIgniter\CodeIgniter->runController(Object(App\Controllers\NotaFiscalController))
#7 C:\Users\silvi\Documents\Silvio\DS1-projeto-02\system\CodeIgniter.php(326): CodeIgniter\CodeIgniter->handleRequest(NULL, Object(Config\Cache), false)
#8 C:\Users\silvi\Documents\Silvio\DS1-projeto-02\public\index.php(37): CodeIgniter\CodeIgniter->run()
#9 C:\Users\silvi\Documents\Silvio\DS1-projeto-02\system\Commands\Server\rewrite.php(43): require_once('C:\\Users\\silvi\\...')
#10 {main}
CRITICAL - 2022-05-15 09:17:41 --> Illegal string offset 'imagem'
#0 C:\Users\silvi\Documents\Silvio\DS1-projeto-02\app\Views\notafiscal-all.php(42): CodeIgniter\Debug\Exceptions->errorHandler(2, 'Illegal string ...', 'C:\\Users\\silvi\\...', 42, Array)
#1 C:\Users\silvi\Documents\Silvio\DS1-projeto-02\system\View\View.php(210): include('C:\\Users\\silvi\\...')
#2 C:\Users\silvi\Documents\Silvio\DS1-projeto-02\system\View\View.php(213): CodeIgniter\View\View->CodeIgniter\View\{closure}()
#3 C:\Users\silvi\Documents\Silvio\DS1-projeto-02\system\Common.php(1089): CodeIgniter\View\View->render('notafiscal-all', Array, true)
#4 C:\Users\silvi\Documents\Silvio\DS1-projeto-02\app\Controllers\NotaFiscalController.php(118): view('notafiscal-all', Array)
#5 C:\Users\silvi\Documents\Silvio\DS1-projeto-02\system\CodeIgniter.php(832): App\Controllers\NotaFiscalController->notasFiscaisView()
#6 C:\Users\silvi\Documents\Silvio\DS1-projeto-02\system\CodeIgniter.php(419): CodeIgniter\CodeIgniter->runController(Object(App\Controllers\NotaFiscalController))
#7 C:\Users\silvi\Documents\Silvio\DS1-projeto-02\system\CodeIgniter.php(326): CodeIgniter\CodeIgniter->handleRequest(NULL, Object(Config\Cache), false)
#8 C:\Users\silvi\Documents\Silvio\DS1-projeto-02\public\index.php(37): CodeIgniter\CodeIgniter->run()
#9 C:\Users\silvi\Documents\Silvio\DS1-projeto-02\system\Commands\Server\rewrite.php(43): require_once('C:\\Users\\silvi\\...')
#10 {main}
CRITICAL - 2022-05-15 09:18:31 --> Illegal string offset 'nome'
#0 C:\Users\silvi\Documents\Silvio\DS1-projeto-02\app\Views\notafiscal-all.php(43): CodeIgniter\Debug\Exceptions->errorHandler(2, 'Illegal string ...', 'C:\\Users\\silvi\\...', 43, Array)
#1 C:\Users\silvi\Documents\Silvio\DS1-projeto-02\system\View\View.php(210): include('C:\\Users\\silvi\\...')
#2 C:\Users\silvi\Documents\Silvio\DS1-projeto-02\system\View\View.php(213): CodeIgniter\View\View->CodeIgniter\View\{closure}()
#3 C:\Users\silvi\Documents\Silvio\DS1-projeto-02\system\Common.php(1089): CodeIgniter\View\View->render('notafiscal-all', Array, true)
#4 C:\Users\silvi\Documents\Silvio\DS1-projeto-02\app\Controllers\NotaFiscalController.php(118): view('notafiscal-all', Array)
#5 C:\Users\silvi\Documents\Silvio\DS1-projeto-02\system\CodeIgniter.php(832): App\Controllers\NotaFiscalController->notasFiscaisView()
#6 C:\Users\silvi\Documents\Silvio\DS1-projeto-02\system\CodeIgniter.php(419): CodeIgniter\CodeIgniter->runController(Object(App\Controllers\NotaFiscalController))
#7 C:\Users\silvi\Documents\Silvio\DS1-projeto-02\system\CodeIgniter.php(326): CodeIgniter\CodeIgniter->handleRequest(NULL, Object(Config\Cache), false)
#8 C:\Users\silvi\Documents\Silvio\DS1-projeto-02\public\index.php(37): CodeIgniter\CodeIgniter->run()
#9 C:\Users\silvi\Documents\Silvio\DS1-projeto-02\system\Commands\Server\rewrite.php(43): require_once('C:\\Users\\silvi\\...')
#10 {main}
CRITICAL - 2022-05-15 09:21:20 --> Illegal string offset 'imagem'
#0 C:\Users\silvi\Documents\Silvio\DS1-projeto-02\app\Views\notafiscal-all.php(42): CodeIgniter\Debug\Exceptions->errorHandler(2, 'Illegal string ...', 'C:\\Users\\silvi\\...', 42, Array)
#1 C:\Users\silvi\Documents\Silvio\DS1-projeto-02\system\View\View.php(210): include('C:\\Users\\silvi\\...')
#2 C:\Users\silvi\Documents\Silvio\DS1-projeto-02\system\View\View.php(213): CodeIgniter\View\View->CodeIgniter\View\{closure}()
#3 C:\Users\silvi\Documents\Silvio\DS1-projeto-02\system\Common.php(1089): CodeIgniter\View\View->render('notafiscal-all', Array, true)
#4 C:\Users\silvi\Documents\Silvio\DS1-projeto-02\app\Controllers\NotaFiscalController.php(118): view('notafiscal-all', Array)
#5 C:\Users\silvi\Documents\Silvio\DS1-projeto-02\system\CodeIgniter.php(832): App\Controllers\NotaFiscalController->notasFiscaisView()
#6 C:\Users\silvi\Documents\Silvio\DS1-projeto-02\system\CodeIgniter.php(419): CodeIgniter\CodeIgniter->runController(Object(App\Controllers\NotaFiscalController))
#7 C:\Users\silvi\Documents\Silvio\DS1-projeto-02\system\CodeIgniter.php(326): CodeIgniter\CodeIgniter->handleRequest(NULL, Object(Config\Cache), false)
#8 C:\Users\silvi\Documents\Silvio\DS1-projeto-02\public\index.php(37): CodeIgniter\CodeIgniter->run()
#9 C:\Users\silvi\Documents\Silvio\DS1-projeto-02\system\Commands\Server\rewrite.php(43): require_once('C:\\Users\\silvi\\...')
#10 {main}
CRITICAL - 2022-05-15 09:22:33 --> Illegal string offset 'nome'
#0 C:\Users\silvi\Documents\Silvio\DS1-projeto-02\app\Views\notafiscal-all.php(42): CodeIgniter\Debug\Exceptions->errorHandler(2, 'Illegal string ...', 'C:\\Users\\silvi\\...', 42, Array)
#1 C:\Users\silvi\Documents\Silvio\DS1-projeto-02\system\View\View.php(210): include('C:\\Users\\silvi\\...')
#2 C:\Users\silvi\Documents\Silvio\DS1-projeto-02\system\View\View.php(213): CodeIgniter\View\View->CodeIgniter\View\{closure}()
#3 C:\Users\silvi\Documents\Silvio\DS1-projeto-02\system\Common.php(1089): CodeIgniter\View\View->render('notafiscal-all', Array, true)
#4 C:\Users\silvi\Documents\Silvio\DS1-projeto-02\app\Controllers\NotaFiscalController.php(118): view('notafiscal-all', Array)
#5 C:\Users\silvi\Documents\Silvio\DS1-projeto-02\system\CodeIgniter.php(832): App\Controllers\NotaFiscalController->notasFiscaisView()
#6 C:\Users\silvi\Documents\Silvio\DS1-projeto-02\system\CodeIgniter.php(419): CodeIgniter\CodeIgniter->runController(Object(App\Controllers\NotaFiscalController))
#7 C:\Users\silvi\Documents\Silvio\DS1-projeto-02\system\CodeIgniter.php(326): CodeIgniter\CodeIgniter->handleRequest(NULL, Object(Config\Cache), false)
#8 C:\Users\silvi\Documents\Silvio\DS1-projeto-02\public\index.php(37): CodeIgniter\CodeIgniter->run()
#9 C:\Users\silvi\Documents\Silvio\DS1-projeto-02\system\Commands\Server\rewrite.php(43): require_once('C:\\Users\\silvi\\...')
#10 {main}
CRITICAL - 2022-05-15 09:28:21 --> Undefined offset: 0
#0 C:\Users\silvi\Documents\Silvio\DS1-projeto-02\app\Views\notafiscal-all.php(41): CodeIgniter\Debug\Exceptions->errorHandler(8, 'Undefined offse...', 'C:\\Users\\silvi\\...', 41, Array)
#1 C:\Users\silvi\Documents\Silvio\DS1-projeto-02\system\View\View.php(210): include('C:\\Users\\silvi\\...')
#2 C:\Users\silvi\Documents\Silvio\DS1-projeto-02\system\View\View.php(213): CodeIgniter\View\View->CodeIgniter\View\{closure}()
#3 C:\Users\silvi\Documents\Silvio\DS1-projeto-02\system\Common.php(1089): CodeIgniter\View\View->render('notafiscal-all', Array, true)
#4 C:\Users\silvi\Documents\Silvio\DS1-projeto-02\app\Controllers\NotaFiscalController.php(118): view('notafiscal-all', Array)
#5 C:\Users\silvi\Documents\Silvio\DS1-projeto-02\system\CodeIgniter.php(832): App\Controllers\NotaFiscalController->notasFiscaisView()
#6 C:\Users\silvi\Documents\Silvio\DS1-projeto-02\system\CodeIgniter.php(419): CodeIgniter\CodeIgniter->runController(Object(App\Controllers\NotaFiscalController))
#7 C:\Users\silvi\Documents\Silvio\DS1-projeto-02\system\CodeIgniter.php(326): CodeIgniter\CodeIgniter->handleRequest(NULL, Object(Config\Cache), false)
#8 C:\Users\silvi\Documents\Silvio\DS1-projeto-02\public\index.php(37): CodeIgniter\CodeIgniter->run()
#9 C:\Users\silvi\Documents\Silvio\DS1-projeto-02\system\Commands\Server\rewrite.php(43): require_once('C:\\Users\\silvi\\...')
#10 {main}
CRITICAL - 2022-05-15 09:29:35 --> Array to string conversion
#0 C:\Users\silvi\Documents\Silvio\DS1-projeto-02\app\Views\notafiscal-all.php(40): CodeIgniter\Debug\Exceptions->errorHandler(8, 'Array to string...', 'C:\\Users\\silvi\\...', 40, Array)
#1 C:\Users\silvi\Documents\Silvio\DS1-projeto-02\system\View\View.php(210): include('C:\\Users\\silvi\\...')
#2 C:\Users\silvi\Documents\Silvio\DS1-projeto-02\system\View\View.php(213): CodeIgniter\View\View->CodeIgniter\View\{closure}()
#3 C:\Users\silvi\Documents\Silvio\DS1-projeto-02\system\Common.php(1089): CodeIgniter\View\View->render('notafiscal-all', Array, true)
#4 C:\Users\silvi\Documents\Silvio\DS1-projeto-02\app\Controllers\NotaFiscalController.php(118): view('notafiscal-all', Array)
#5 C:\Users\silvi\Documents\Silvio\DS1-projeto-02\system\CodeIgniter.php(832): App\Controllers\NotaFiscalController->notasFiscaisView()
#6 C:\Users\silvi\Documents\Silvio\DS1-projeto-02\system\CodeIgniter.php(419): CodeIgniter\CodeIgniter->runController(Object(App\Controllers\NotaFiscalController))
#7 C:\Users\silvi\Documents\Silvio\DS1-projeto-02\system\CodeIgniter.php(326): CodeIgniter\CodeIgniter->handleRequest(NULL, Object(Config\Cache), false)
#8 C:\Users\silvi\Documents\Silvio\DS1-projeto-02\public\index.php(37): CodeIgniter\CodeIgniter->run()
#9 C:\Users\silvi\Documents\Silvio\DS1-projeto-02\system\Commands\Server\rewrite.php(43): require_once('C:\\Users\\silvi\\...')
#10 {main}
CRITICAL - 2022-05-15 09:33:41 --> Illegal string offset 'imagem'
#0 C:\Users\silvi\Documents\Silvio\DS1-projeto-02\app\Views\notafiscal-all.php(42): CodeIgniter\Debug\Exceptions->errorHandler(2, 'Illegal string ...', 'C:\\Users\\silvi\\...', 42, Array)
#1 C:\Users\silvi\Documents\Silvio\DS1-projeto-02\system\View\View.php(210): include('C:\\Users\\silvi\\...')
#2 C:\Users\silvi\Documents\Silvio\DS1-projeto-02\system\View\View.php(213): CodeIgniter\View\View->CodeIgniter\View\{closure}()
#3 C:\Users\silvi\Documents\Silvio\DS1-projeto-02\system\Common.php(1089): CodeIgniter\View\View->render('notafiscal-all', Array, true)
#4 C:\Users\silvi\Documents\Silvio\DS1-projeto-02\app\Controllers\NotaFiscalController.php(118): view('notafiscal-all', Array)
#5 C:\Users\silvi\Documents\Silvio\DS1-projeto-02\system\CodeIgniter.php(832): App\Controllers\NotaFiscalController->notasFiscaisView()
#6 C:\Users\silvi\Documents\Silvio\DS1-projeto-02\system\CodeIgniter.php(419): CodeIgniter\CodeIgniter->runController(Object(App\Controllers\NotaFiscalController))
#7 C:\Users\silvi\Documents\Silvio\DS1-projeto-02\system\CodeIgniter.php(326): CodeIgniter\CodeIgniter->handleRequest(NULL, Object(Config\Cache), false)
#8 C:\Users\silvi\Documents\Silvio\DS1-projeto-02\public\index.php(37): CodeIgniter\CodeIgniter->run()
#9 C:\Users\silvi\Documents\Silvio\DS1-projeto-02\system\Commands\Server\rewrite.php(43): require_once('C:\\Users\\silvi\\...')
#10 {main}
CRITICAL - 2022-05-15 09:45:56 --> Undefined variable: db
#0 C:\Users\silvi\Documents\Silvio\DS1-projeto-02\app\Models\Items.php(52): CodeIgniter\Debug\Exceptions->errorHandler(8, 'Undefined varia...', 'C:\\Users\\silvi\\...', 52, Array)
#1 C:\Users\silvi\Documents\Silvio\DS1-projeto-02\app\Controllers\NotaFiscalController.php(102): App\Models\Items->get_Item_Names('4')
#2 C:\Users\silvi\Documents\Silvio\DS1-projeto-02\system\CodeIgniter.php(832): App\Controllers\NotaFiscalController->notasFiscaisView()
#3 C:\Users\silvi\Documents\Silvio\DS1-projeto-02\system\CodeIgniter.php(419): CodeIgniter\CodeIgniter->runController(Object(App\Controllers\NotaFiscalController))
#4 C:\Users\silvi\Documents\Silvio\DS1-projeto-02\system\CodeIgniter.php(326): CodeIgniter\CodeIgniter->handleRequest(NULL, Object(Config\Cache), false)
#5 C:\Users\silvi\Documents\Silvio\DS1-projeto-02\public\index.php(37): CodeIgniter\CodeIgniter->run()
#6 C:\Users\silvi\Documents\Silvio\DS1-projeto-02\system\Commands\Server\rewrite.php(43): require_once('C:\\Users\\silvi\\...')
#7 {main}
CRITICAL - 2022-05-15 09:48:31 --> Undefined variable: builder
#0 C:\Users\silvi\Documents\Silvio\DS1-projeto-02\app\Models\Items.php(52): CodeIgniter\Debug\Exceptions->errorHandler(8, 'Undefined varia...', 'C:\\Users\\silvi\\...', 52, Array)
#1 C:\Users\silvi\Documents\Silvio\DS1-projeto-02\app\Controllers\NotaFiscalController.php(102): App\Models\Items->get_Item_Names('4')
#2 C:\Users\silvi\Documents\Silvio\DS1-projeto-02\system\CodeIgniter.php(832): App\Controllers\NotaFiscalController->notasFiscaisView()
#3 C:\Users\silvi\Documents\Silvio\DS1-projeto-02\system\CodeIgniter.php(419): CodeIgniter\CodeIgniter->runController(Object(App\Controllers\NotaFiscalController))
#4 C:\Users\silvi\Documents\Silvio\DS1-projeto-02\system\CodeIgniter.php(326): CodeIgniter\CodeIgniter->handleRequest(NULL, Object(Config\Cache), false)
#5 C:\Users\silvi\Documents\Silvio\DS1-projeto-02\public\index.php(37): CodeIgniter\CodeIgniter->run()
#6 C:\Users\silvi\Documents\Silvio\DS1-projeto-02\system\Commands\Server\rewrite.php(43): require_once('C:\\Users\\silvi\\...')
#7 {main}
CRITICAL - 2022-05-15 09:48:57 --> Undefined variable: db
#0 C:\Users\silvi\Documents\Silvio\DS1-projeto-02\app\Models\Items.php(52): CodeIgniter\Debug\Exceptions->errorHandler(8, 'Undefined varia...', 'C:\\Users\\silvi\\...', 52, Array)
#1 C:\Users\silvi\Documents\Silvio\DS1-projeto-02\app\Controllers\NotaFiscalController.php(102): App\Models\Items->get_Item_Names('4')
#2 C:\Users\silvi\Documents\Silvio\DS1-projeto-02\system\CodeIgniter.php(832): App\Controllers\NotaFiscalController->notasFiscaisView()
#3 C:\Users\silvi\Documents\Silvio\DS1-projeto-02\system\CodeIgniter.php(419): CodeIgniter\CodeIgniter->runController(Object(App\Controllers\NotaFiscalController))
#4 C:\Users\silvi\Documents\Silvio\DS1-projeto-02\system\CodeIgniter.php(326): CodeIgniter\CodeIgniter->handleRequest(NULL, Object(Config\Cache), false)
#5 C:\Users\silvi\Documents\Silvio\DS1-projeto-02\public\index.php(37): CodeIgniter\CodeIgniter->run()
#6 C:\Users\silvi\Documents\Silvio\DS1-projeto-02\system\Commands\Server\rewrite.php(43): require_once('C:\\Users\\silvi\\...')
#7 {main}
CRITICAL - 2022-05-15 09:49:14 --> Undefined variable: jogo
#0 C:\Users\silvi\Documents\Silvio\DS1-projeto-02\app\Models\Items.php(56): CodeIgniter\Debug\Exceptions->errorHandler(8, 'Undefined varia...', 'C:\\Users\\silvi\\...', 56, Array)
#1 C:\Users\silvi\Documents\Silvio\DS1-projeto-02\app\Controllers\NotaFiscalController.php(102): App\Models\Items->get_Item_Names('4')
#2 C:\Users\silvi\Documents\Silvio\DS1-projeto-02\system\CodeIgniter.php(832): App\Controllers\NotaFiscalController->notasFiscaisView()
#3 C:\Users\silvi\Documents\Silvio\DS1-projeto-02\system\CodeIgniter.php(419): CodeIgniter\CodeIgniter->runController(Object(App\Controllers\NotaFiscalController))
#4 C:\Users\silvi\Documents\Silvio\DS1-projeto-02\system\CodeIgniter.php(326): CodeIgniter\CodeIgniter->handleRequest(NULL, Object(Config\Cache), false)
#5 C:\Users\silvi\Documents\Silvio\DS1-projeto-02\public\index.php(37): CodeIgniter\CodeIgniter->run()
#6 C:\Users\silvi\Documents\Silvio\DS1-projeto-02\system\Commands\Server\rewrite.php(43): require_once('C:\\Users\\silvi\\...')
#7 {main}
CRITICAL - 2022-05-15 09:51:59 --> Call to undefined method CodeIgniter\Database\MySQLi\Builder::getResult()
#0 C:\Users\silvi\Documents\Silvio\DS1-projeto-02\app\Controllers\NotaFiscalController.php(102): App\Models\Items->get_Item_Names('4')
#1 C:\Users\silvi\Documents\Silvio\DS1-projeto-02\system\CodeIgniter.php(832): App\Controllers\NotaFiscalController->notasFiscaisView()
#2 C:\Users\silvi\Documents\Silvio\DS1-projeto-02\system\CodeIgniter.php(419): CodeIgniter\CodeIgniter->runController(Object(App\Controllers\NotaFiscalController))
#3 C:\Users\silvi\Documents\Silvio\DS1-projeto-02\system\CodeIgniter.php(326): CodeIgniter\CodeIgniter->handleRequest(NULL, Object(Config\Cache), false)
#4 C:\Users\silvi\Documents\Silvio\DS1-projeto-02\public\index.php(37): CodeIgniter\CodeIgniter->run()
#5 C:\Users\silvi\Documents\Silvio\DS1-projeto-02\system\Commands\Server\rewrite.php(43): require_once('C:\\Users\\silvi\\...')
#6 {main}
CRITICAL - 2022-05-15 11:00:12 --> Array to string conversion
#0 C:\INFO\IFRS\DS1-projeto-02\app\Views\notafiscal-all.php(51): CodeIgniter\Debug\Exceptions->errorHandler(8, 'Array to string...', 'C:\\INFO\\IFRS\\DS...', 51, Array)
#1 C:\INFO\IFRS\DS1-projeto-02\system\View\View.php(210): include('C:\\INFO\\IFRS\\DS...')
#2 C:\INFO\IFRS\DS1-projeto-02\system\View\View.php(213): CodeIgniter\View\View->CodeIgniter\View\{closure}()
#3 C:\INFO\IFRS\DS1-projeto-02\system\Common.php(1089): CodeIgniter\View\View->render('notafiscal-all', Array, true)
#4 C:\INFO\IFRS\DS1-projeto-02\app\Controllers\NotaFiscalController.php(121): view('notafiscal-all', Array)
#5 C:\INFO\IFRS\DS1-projeto-02\system\CodeIgniter.php(832): App\Controllers\NotaFiscalController->notasFiscaisView()
#6 C:\INFO\IFRS\DS1-projeto-02\system\CodeIgniter.php(419): CodeIgniter\CodeIgniter->runController(Object(App\Controllers\NotaFiscalController))
#7 C:\INFO\IFRS\DS1-projeto-02\system\CodeIgniter.php(326): CodeIgniter\CodeIgniter->handleRequest(NULL, Object(Config\Cache), false)
#8 C:\INFO\IFRS\DS1-projeto-02\public\index.php(37): CodeIgniter\CodeIgniter->run()
#9 C:\INFO\IFRS\DS1-projeto-02\system\Commands\Server\rewrite.php(43): require_once('C:\\INFO\\IFRS\\DS...')
#10 {main}
CRITICAL - 2022-05-15 11:00:12 --> Array to string conversion
#0 C:\INFO\IFRS\DS1-projeto-02\app\Views\notafiscal-all.php(51): CodeIgniter\Debug\Exceptions->errorHandler(8, 'Array to string...', 'C:\\INFO\\IFRS\\DS...', 51, Array)
#1 C:\INFO\IFRS\DS1-projeto-02\system\View\View.php(210): include('C:\\INFO\\IFRS\\DS...')
#2 C:\INFO\IFRS\DS1-projeto-02\system\View\View.php(213): CodeIgniter\View\View->CodeIgniter\View\{closure}()
#3 C:\INFO\IFRS\DS1-projeto-02\system\Common.php(1089): CodeIgniter\View\View->render('notafiscal-all', Array, true)
#4 C:\INFO\IFRS\DS1-projeto-02\app\Controllers\NotaFiscalController.php(121): view('notafiscal-all', Array)
#5 C:\INFO\IFRS\DS1-projeto-02\system\CodeIgniter.php(832): App\Controllers\NotaFiscalController->notasFiscaisView()
#6 C:\INFO\IFRS\DS1-projeto-02\system\CodeIgniter.php(419): CodeIgniter\CodeIgniter->runController(Object(App\Controllers\NotaFiscalController))
#7 C:\INFO\IFRS\DS1-projeto-02\system\CodeIgniter.php(326): CodeIgniter\CodeIgniter->handleRequest(NULL, Object(Config\Cache), false)
#8 C:\INFO\IFRS\DS1-projeto-02\public\index.php(37): CodeIgniter\CodeIgniter->run()
#9 C:\INFO\IFRS\DS1-projeto-02\system\Commands\Server\rewrite.php(43): require_once('C:\\INFO\\IFRS\\DS...')
#10 {main}
CRITICAL - 2022-05-15 11:00:25 --> Array to string conversion
#0 C:\INFO\IFRS\DS1-projeto-02\app\Views\notafiscal-all.php(51): CodeIgniter\Debug\Exceptions->errorHandler(8, 'Array to string...', 'C:\\INFO\\IFRS\\DS...', 51, Array)
#1 C:\INFO\IFRS\DS1-projeto-02\system\View\View.php(210): include('C:\\INFO\\IFRS\\DS...')
#2 C:\INFO\IFRS\DS1-projeto-02\system\View\View.php(213): CodeIgniter\View\View->CodeIgniter\View\{closure}()
#3 C:\INFO\IFRS\DS1-projeto-02\system\Common.php(1089): CodeIgniter\View\View->render('notafiscal-all', Array, true)
#4 C:\INFO\IFRS\DS1-projeto-02\app\Controllers\NotaFiscalController.php(121): view('notafiscal-all', Array)
#5 C:\INFO\IFRS\DS1-projeto-02\system\CodeIgniter.php(832): App\Controllers\NotaFiscalController->notasFiscaisView()
#6 C:\INFO\IFRS\DS1-projeto-02\system\CodeIgniter.php(419): CodeIgniter\CodeIgniter->runController(Object(App\Controllers\NotaFiscalController))
#7 C:\INFO\IFRS\DS1-projeto-02\system\CodeIgniter.php(326): CodeIgniter\CodeIgniter->handleRequest(NULL, Object(Config\Cache), false)
#8 C:\INFO\IFRS\DS1-projeto-02\public\index.php(37): CodeIgniter\CodeIgniter->run()
#9 C:\INFO\IFRS\DS1-projeto-02\system\Commands\Server\rewrite.php(43): require_once('C:\\INFO\\IFRS\\DS...')
#10 {main}
CRITICAL - 2022-05-15 11:00:25 --> Array to string conversion
#0 C:\INFO\IFRS\DS1-projeto-02\app\Views\notafiscal-all.php(51): CodeIgniter\Debug\Exceptions->errorHandler(8, 'Array to string...', 'C:\\INFO\\IFRS\\DS...', 51, Array)
#1 C:\INFO\IFRS\DS1-projeto-02\system\View\View.php(210): include('C:\\INFO\\IFRS\\DS...')
#2 C:\INFO\IFRS\DS1-projeto-02\system\View\View.php(213): CodeIgniter\View\View->CodeIgniter\View\{closure}()
#3 C:\INFO\IFRS\DS1-projeto-02\system\Common.php(1089): CodeIgniter\View\View->render('notafiscal-all', Array, true)
#4 C:\INFO\IFRS\DS1-projeto-02\app\Controllers\NotaFiscalController.php(121): view('notafiscal-all', Array)
#5 C:\INFO\IFRS\DS1-projeto-02\system\CodeIgniter.php(832): App\Controllers\NotaFiscalController->notasFiscaisView()
#6 C:\INFO\IFRS\DS1-projeto-02\system\CodeIgniter.php(419): CodeIgniter\CodeIgniter->runController(Object(App\Controllers\NotaFiscalController))
#7 C:\INFO\IFRS\DS1-projeto-02\system\CodeIgniter.php(326): CodeIgniter\CodeIgniter->handleRequest(NULL, Object(Config\Cache), false)
#8 C:\INFO\IFRS\DS1-projeto-02\public\index.php(37): CodeIgniter\CodeIgniter->run()
#9 C:\INFO\IFRS\DS1-projeto-02\system\Commands\Server\rewrite.php(43): require_once('C:\\INFO\\IFRS\\DS...')
#10 {main}
CRITICAL - 2022-05-15 11:00:26 --> Array to string conversion
#0 C:\INFO\IFRS\DS1-projeto-02\app\Views\notafiscal-all.php(51): CodeIgniter\Debug\Exceptions->errorHandler(8, 'Array to string...', 'C:\\INFO\\IFRS\\DS...', 51, Array)
#1 C:\INFO\IFRS\DS1-projeto-02\system\View\View.php(210): include('C:\\INFO\\IFRS\\DS...')
#2 C:\INFO\IFRS\DS1-projeto-02\system\View\View.php(213): CodeIgniter\View\View->CodeIgniter\View\{closure}()
#3 C:\INFO\IFRS\DS1-projeto-02\system\Common.php(1089): CodeIgniter\View\View->render('notafiscal-all', Array, true)
#4 C:\INFO\IFRS\DS1-projeto-02\app\Controllers\NotaFiscalController.php(121): view('notafiscal-all', Array)
#5 C:\INFO\IFRS\DS1-projeto-02\system\CodeIgniter.php(832): App\Controllers\NotaFiscalController->notasFiscaisView()
#6 C:\INFO\IFRS\DS1-projeto-02\system\CodeIgniter.php(419): CodeIgniter\CodeIgniter->runController(Object(App\Controllers\NotaFiscalController))
#7 C:\INFO\IFRS\DS1-projeto-02\system\CodeIgniter.php(326): CodeIgniter\CodeIgniter->handleRequest(NULL, Object(Config\Cache), false)
#8 C:\INFO\IFRS\DS1-projeto-02\public\index.php(37): CodeIgniter\CodeIgniter->run()
#9 C:\INFO\IFRS\DS1-projeto-02\system\Commands\Server\rewrite.php(43): require_once('C:\\INFO\\IFRS\\DS...')
#10 {main}
CRITICAL - 2022-05-15 11:00:27 --> Array to string conversion
#0 C:\INFO\IFRS\DS1-projeto-02\app\Views\notafiscal-all.php(51): CodeIgniter\Debug\Exceptions->errorHandler(8, 'Array to string...', 'C:\\INFO\\IFRS\\DS...', 51, Array)
#1 C:\INFO\IFRS\DS1-projeto-02\system\View\View.php(210): include('C:\\INFO\\IFRS\\DS...')
#2 C:\INFO\IFRS\DS1-projeto-02\system\View\View.php(213): CodeIgniter\View\View->CodeIgniter\View\{closure}()
#3 C:\INFO\IFRS\DS1-projeto-02\system\Common.php(1089): CodeIgniter\View\View->render('notafiscal-all', Array, true)
#4 C:\INFO\IFRS\DS1-projeto-02\app\Controllers\NotaFiscalController.php(121): view('notafiscal-all', Array)
#5 C:\INFO\IFRS\DS1-projeto-02\system\CodeIgniter.php(832): App\Controllers\NotaFiscalController->notasFiscaisView()
#6 C:\INFO\IFRS\DS1-projeto-02\system\CodeIgniter.php(419): CodeIgniter\CodeIgniter->runController(Object(App\Controllers\NotaFiscalController))
#7 C:\INFO\IFRS\DS1-projeto-02\system\CodeIgniter.php(326): CodeIgniter\CodeIgniter->handleRequest(NULL, Object(Config\Cache), false)
#8 C:\INFO\IFRS\DS1-projeto-02\public\index.php(37): CodeIgniter\CodeIgniter->run()
#9 C:\INFO\IFRS\DS1-projeto-02\system\Commands\Server\rewrite.php(43): require_once('C:\\INFO\\IFRS\\DS...')
#10 {main}
CRITICAL - 2022-05-15 11:00:40 --> Array to string conversion
#0 C:\INFO\IFRS\DS1-projeto-02\app\Views\notafiscal-all.php(51): CodeIgniter\Debug\Exceptions->errorHandler(8, 'Array to string...', 'C:\\INFO\\IFRS\\DS...', 51, Array)
#1 C:\INFO\IFRS\DS1-projeto-02\system\View\View.php(210): include('C:\\INFO\\IFRS\\DS...')
#2 C:\INFO\IFRS\DS1-projeto-02\system\View\View.php(213): CodeIgniter\View\View->CodeIgniter\View\{closure}()
#3 C:\INFO\IFRS\DS1-projeto-02\system\Common.php(1089): CodeIgniter\View\View->render('notafiscal-all', Array, true)
#4 C:\INFO\IFRS\DS1-projeto-02\app\Controllers\NotaFiscalController.php(121): view('notafiscal-all', Array)
#5 C:\INFO\IFRS\DS1-projeto-02\system\CodeIgniter.php(832): App\Controllers\NotaFiscalController->notasFiscaisView()
#6 C:\INFO\IFRS\DS1-projeto-02\system\CodeIgniter.php(419): CodeIgniter\CodeIgniter->runController(Object(App\Controllers\NotaFiscalController))
#7 C:\INFO\IFRS\DS1-projeto-02\system\CodeIgniter.php(326): CodeIgniter\CodeIgniter->handleRequest(NULL, Object(Config\Cache), false)
#8 C:\INFO\IFRS\DS1-projeto-02\public\index.php(37): CodeIgniter\CodeIgniter->run()
#9 C:\INFO\IFRS\DS1-projeto-02\system\Commands\Server\rewrite.php(43): require_once('C:\\INFO\\IFRS\\DS...')
#10 {main}
CRITICAL - 2022-05-15 11:00:41 --> Array to string conversion
#0 C:\INFO\IFRS\DS1-projeto-02\app\Views\notafiscal-all.php(51): CodeIgniter\Debug\Exceptions->errorHandler(8, 'Array to string...', 'C:\\INFO\\IFRS\\DS...', 51, Array)
#1 C:\INFO\IFRS\DS1-projeto-02\system\View\View.php(210): include('C:\\INFO\\IFRS\\DS...')
#2 C:\INFO\IFRS\DS1-projeto-02\system\View\View.php(213): CodeIgniter\View\View->CodeIgniter\View\{closure}()
#3 C:\INFO\IFRS\DS1-projeto-02\system\Common.php(1089): CodeIgniter\View\View->render('notafiscal-all', Array, true)
#4 C:\INFO\IFRS\DS1-projeto-02\app\Controllers\NotaFiscalController.php(121): view('notafiscal-all', Array)
#5 C:\INFO\IFRS\DS1-projeto-02\system\CodeIgniter.php(832): App\Controllers\NotaFiscalController->notasFiscaisView()
#6 C:\INFO\IFRS\DS1-projeto-02\system\CodeIgniter.php(419): CodeIgniter\CodeIgniter->runController(Object(App\Controllers\NotaFiscalController))
#7 C:\INFO\IFRS\DS1-projeto-02\system\CodeIgniter.php(326): CodeIgniter\CodeIgniter->handleRequest(NULL, Object(Config\Cache), false)
#8 C:\INFO\IFRS\DS1-projeto-02\public\index.php(37): CodeIgniter\CodeIgniter->run()
#9 C:\INFO\IFRS\DS1-projeto-02\system\Commands\Server\rewrite.php(43): require_once('C:\\INFO\\IFRS\\DS...')
#10 {main}
CRITICAL - 2022-05-15 11:03:43 --> Undefined index: nomeConsole
#0 C:\INFO\IFRS\DS1-projeto-02\app\Views\notafiscal-all.php(51): CodeIgniter\Debug\Exceptions->errorHandler(8, 'Undefined index...', 'C:\\INFO\\IFRS\\DS...', 51, Array)
#1 C:\INFO\IFRS\DS1-projeto-02\system\View\View.php(210): include('C:\\INFO\\IFRS\\DS...')
#2 C:\INFO\IFRS\DS1-projeto-02\system\View\View.php(213): CodeIgniter\View\View->CodeIgniter\View\{closure}()
#3 C:\INFO\IFRS\DS1-projeto-02\system\Common.php(1089): CodeIgniter\View\View->render('notafiscal-all', Array, true)
#4 C:\INFO\IFRS\DS1-projeto-02\app\Controllers\NotaFiscalController.php(121): view('notafiscal-all', Array)
#5 C:\INFO\IFRS\DS1-projeto-02\system\CodeIgniter.php(832): App\Controllers\NotaFiscalController->notasFiscaisView()
#6 C:\INFO\IFRS\DS1-projeto-02\system\CodeIgniter.php(419): CodeIgniter\CodeIgniter->runController(Object(App\Controllers\NotaFiscalController))
#7 C:\INFO\IFRS\DS1-projeto-02\system\CodeIgniter.php(326): CodeIgniter\CodeIgniter->handleRequest(NULL, Object(Config\Cache), false)
#8 C:\INFO\IFRS\DS1-projeto-02\public\index.php(37): CodeIgniter\CodeIgniter->run()
#9 C:\INFO\IFRS\DS1-projeto-02\system\Commands\Server\rewrite.php(43): require_once('C:\\INFO\\IFRS\\DS...')
#10 {main}
CRITICAL - 2022-05-15 11:03:44 --> Undefined index: nomeConsole
#0 C:\INFO\IFRS\DS1-projeto-02\app\Views\notafiscal-all.php(51): CodeIgniter\Debug\Exceptions->errorHandler(8, 'Undefined index...', 'C:\\INFO\\IFRS\\DS...', 51, Array)
#1 C:\INFO\IFRS\DS1-projeto-02\system\View\View.php(210): include('C:\\INFO\\IFRS\\DS...')
#2 C:\INFO\IFRS\DS1-projeto-02\system\View\View.php(213): CodeIgniter\View\View->CodeIgniter\View\{closure}()
#3 C:\INFO\IFRS\DS1-projeto-02\system\Common.php(1089): CodeIgniter\View\View->render('notafiscal-all', Array, true)
#4 C:\INFO\IFRS\DS1-projeto-02\app\Controllers\NotaFiscalController.php(121): view('notafiscal-all', Array)
#5 C:\INFO\IFRS\DS1-projeto-02\system\CodeIgniter.php(832): App\Controllers\NotaFiscalController->notasFiscaisView()
#6 C:\INFO\IFRS\DS1-projeto-02\system\CodeIgniter.php(419): CodeIgniter\CodeIgniter->runController(Object(App\Controllers\NotaFiscalController))
#7 C:\INFO\IFRS\DS1-projeto-02\system\CodeIgniter.php(326): CodeIgniter\CodeIgniter->handleRequest(NULL, Object(Config\Cache), false)
#8 C:\INFO\IFRS\DS1-projeto-02\public\index.php(37): CodeIgniter\CodeIgniter->run()
#9 C:\INFO\IFRS\DS1-projeto-02\system\Commands\Server\rewrite.php(43): require_once('C:\\INFO\\IFRS\\DS...')
#10 {main}
