CRITICAL - 2022-05-12 18:08:52 --> Use of undefined constant MYSQLI_STORE_RESULT - assumed 'MYSQLI_STORE_RESULT' (this will throw an Error in a future version of PHP)
#0 C:\INFO\IFRS\DS1-projeto-02\system\Database\Database.php(136): CodeIgniter\Debug\Exceptions->errorHandler(2, 'Use of undefine...', 'C:\\INFO\\IFRS\\DS...', 136, Array)
#1 C:\INFO\IFRS\DS1-projeto-02\system\Database\Database.php(56): CodeIgniter\Database\Database->initDriver('MySQLi', 'CodeIgniter\\Dat...', Array)
#2 C:\INFO\IFRS\DS1-projeto-02\system\Database\Config.php(78): CodeIgniter\Database\Database->load(Array, 'default')
#3 C:\INFO\IFRS\DS1-projeto-02\system\Model.php(97): CodeIgniter\Database\Config::connect('default')
#4 C:\INFO\IFRS\DS1-projeto-02\app\Controllers\ItemController.php(55): CodeIgniter\Model->__construct()
#5 C:\INFO\IFRS\DS1-projeto-02\system\CodeIgniter.php(832): App\Controllers\ItemController->index()
#6 C:\INFO\IFRS\DS1-projeto-02\system\CodeIgniter.php(419): CodeIgniter\CodeIgniter->runController(Object(App\Controllers\ItemController))
#7 C:\INFO\IFRS\DS1-projeto-02\system\CodeIgniter.php(326): CodeIgniter\CodeIgniter->handleRequest(NULL, Object(Config\Cache), false)
#8 C:\INFO\IFRS\DS1-projeto-02\public\index.php(37): CodeIgniter\CodeIgniter->run()
#9 C:\INFO\IFRS\DS1-projeto-02\system\Commands\Server\rewrite.php(43): require_once('C:\\INFO\\IFRS\\DS...')
#10 {main}
ERROR - 2022-05-12 18:11:31 --> Error connecting to the database: Access denied for user '****'@'localhost' (using password: YES)
CRITICAL - 2022-05-12 18:11:31 --> Unable to connect to the database.
Main connection [MySQLi]: Access denied for user '****'@'localhost' (using password: YES)
#0 C:\INFO\IFRS\DS1-projeto-02\system\Database\BaseConnection.php(577): CodeIgniter\Database\BaseConnection->initialize()
#1 C:\INFO\IFRS\DS1-projeto-02\system\Database\BaseBuilder.php(1455): CodeIgniter\Database\BaseConnection->query('SELECT *\nFROM `...', Array, false)
#2 C:\INFO\IFRS\DS1-projeto-02\system\Model.php(183): CodeIgniter\Database\BaseBuilder->get()
#3 C:\INFO\IFRS\DS1-projeto-02\system\BaseModel.php(584): CodeIgniter\Model->doFindAll(0, 0)
#4 C:\INFO\IFRS\DS1-projeto-02\app\Models\Items.php(18): CodeIgniter\BaseModel->findAll()
#5 C:\INFO\IFRS\DS1-projeto-02\app\Controllers\ItemController.php(77): App\Models\Items->get_Items()
#6 C:\INFO\IFRS\DS1-projeto-02\system\CodeIgniter.php(832): App\Controllers\ItemController->index()
#7 C:\INFO\IFRS\DS1-projeto-02\system\CodeIgniter.php(419): CodeIgniter\CodeIgniter->runController(Object(App\Controllers\ItemController))
#8 C:\INFO\IFRS\DS1-projeto-02\system\CodeIgniter.php(326): CodeIgniter\CodeIgniter->handleRequest(NULL, Object(Config\Cache), false)
#9 C:\INFO\IFRS\DS1-projeto-02\public\index.php(37): CodeIgniter\CodeIgniter->run()
#10 C:\INFO\IFRS\DS1-projeto-02\system\Commands\Server\rewrite.php(43): require_once('C:\\INFO\\IFRS\\DS...')
#11 {main}
CRITICAL - 2022-05-12 18:51:33 --> Use of undefined constant QuantDesc - assumed 'QuantDesc' (this will throw an Error in a future version of PHP)
#0 C:\INFO\IFRS\DS1-projeto-02\app\Views\items-show.php(64): CodeIgniter\Debug\Exceptions->errorHandler(2, 'Use of undefine...', 'C:\\INFO\\IFRS\\DS...', 64, Array)
#1 C:\INFO\IFRS\DS1-projeto-02\system\View\View.php(210): include('C:\\INFO\\IFRS\\DS...')
#2 C:\INFO\IFRS\DS1-projeto-02\system\View\View.php(213): CodeIgniter\View\View->CodeIgniter\View\{closure}()
#3 C:\INFO\IFRS\DS1-projeto-02\system\Common.php(1089): CodeIgniter\View\View->render('items-show', Array, true)
#4 C:\INFO\IFRS\DS1-projeto-02\app\Controllers\ItemController.php(83): view('items-show', Array)
#5 C:\INFO\IFRS\DS1-projeto-02\system\CodeIgniter.php(832): App\Controllers\ItemController->index()
#6 C:\INFO\IFRS\DS1-projeto-02\system\CodeIgniter.php(419): CodeIgniter\CodeIgniter->runController(Object(App\Controllers\ItemController))
#7 C:\INFO\IFRS\DS1-projeto-02\system\CodeIgniter.php(326): CodeIgniter\CodeIgniter->handleRequest(NULL, Object(Config\Cache), false)
#8 C:\INFO\IFRS\DS1-projeto-02\public\index.php(37): CodeIgniter\CodeIgniter->run()
#9 C:\INFO\IFRS\DS1-projeto-02\system\Commands\Server\rewrite.php(43): require_once('C:\\INFO\\IFRS\\DS...')
#10 {main}
CRITICAL - 2022-05-12 18:51:39 --> Use of undefined constant QuantDesc - assumed 'QuantDesc' (this will throw an Error in a future version of PHP)
#0 C:\INFO\IFRS\DS1-projeto-02\app\Views\items-show.php(64): CodeIgniter\Debug\Exceptions->errorHandler(2, 'Use of undefine...', 'C:\\INFO\\IFRS\\DS...', 64, Array)
#1 C:\INFO\IFRS\DS1-projeto-02\system\View\View.php(210): include('C:\\INFO\\IFRS\\DS...')
#2 C:\INFO\IFRS\DS1-projeto-02\system\View\View.php(213): CodeIgniter\View\View->CodeIgniter\View\{closure}()
#3 C:\INFO\IFRS\DS1-projeto-02\system\Common.php(1089): CodeIgniter\View\View->render('items-show', Array, true)
#4 C:\INFO\IFRS\DS1-projeto-02\app\Controllers\ItemController.php(83): view('items-show', Array)
#5 C:\INFO\IFRS\DS1-projeto-02\system\CodeIgniter.php(832): App\Controllers\ItemController->index()
#6 C:\INFO\IFRS\DS1-projeto-02\system\CodeIgniter.php(419): CodeIgniter\CodeIgniter->runController(Object(App\Controllers\ItemController))
#7 C:\INFO\IFRS\DS1-projeto-02\system\CodeIgniter.php(326): CodeIgniter\CodeIgniter->handleRequest(NULL, Object(Config\Cache), false)
#8 C:\INFO\IFRS\DS1-projeto-02\public\index.php(37): CodeIgniter\CodeIgniter->run()
#9 C:\INFO\IFRS\DS1-projeto-02\system\Commands\Server\rewrite.php(43): require_once('C:\\INFO\\IFRS\\DS...')
#10 {main}
CRITICAL - 2022-05-12 18:55:34 --> Undefined offset: 6
#0 C:\INFO\IFRS\DS1-projeto-02\app\Views\items-show.php(80): CodeIgniter\Debug\Exceptions->errorHandler(8, 'Undefined offse...', 'C:\\INFO\\IFRS\\DS...', 80, Array)
#1 C:\INFO\IFRS\DS1-projeto-02\system\View\View.php(210): include('C:\\INFO\\IFRS\\DS...')
#2 C:\INFO\IFRS\DS1-projeto-02\system\View\View.php(213): CodeIgniter\View\View->CodeIgniter\View\{closure}()
#3 C:\INFO\IFRS\DS1-projeto-02\system\Common.php(1089): CodeIgniter\View\View->render('items-show', Array, true)
#4 C:\INFO\IFRS\DS1-projeto-02\app\Controllers\ItemController.php(83): view('items-show', Array)
#5 C:\INFO\IFRS\DS1-projeto-02\system\CodeIgniter.php(832): App\Controllers\ItemController->index()
#6 C:\INFO\IFRS\DS1-projeto-02\system\CodeIgniter.php(419): CodeIgniter\CodeIgniter->runController(Object(App\Controllers\ItemController))
#7 C:\INFO\IFRS\DS1-projeto-02\system\CodeIgniter.php(326): CodeIgniter\CodeIgniter->handleRequest(NULL, Object(Config\Cache), false)
#8 C:\INFO\IFRS\DS1-projeto-02\public\index.php(37): CodeIgniter\CodeIgniter->run()
#9 C:\INFO\IFRS\DS1-projeto-02\system\Commands\Server\rewrite.php(43): require_once('C:\\INFO\\IFRS\\DS...')
#10 {main}
CRITICAL - 2022-05-12 18:55:35 --> Undefined offset: 6
#0 C:\INFO\IFRS\DS1-projeto-02\app\Views\items-show.php(80): CodeIgniter\Debug\Exceptions->errorHandler(8, 'Undefined offse...', 'C:\\INFO\\IFRS\\DS...', 80, Array)
#1 C:\INFO\IFRS\DS1-projeto-02\system\View\View.php(210): include('C:\\INFO\\IFRS\\DS...')
#2 C:\INFO\IFRS\DS1-projeto-02\system\View\View.php(213): CodeIgniter\View\View->CodeIgniter\View\{closure}()
#3 C:\INFO\IFRS\DS1-projeto-02\system\Common.php(1089): CodeIgniter\View\View->render('items-show', Array, true)
#4 C:\INFO\IFRS\DS1-projeto-02\app\Controllers\ItemController.php(83): view('items-show', Array)
#5 C:\INFO\IFRS\DS1-projeto-02\system\CodeIgniter.php(832): App\Controllers\ItemController->index()
#6 C:\INFO\IFRS\DS1-projeto-02\system\CodeIgniter.php(419): CodeIgniter\CodeIgniter->runController(Object(App\Controllers\ItemController))
#7 C:\INFO\IFRS\DS1-projeto-02\system\CodeIgniter.php(326): CodeIgniter\CodeIgniter->handleRequest(NULL, Object(Config\Cache), false)
#8 C:\INFO\IFRS\DS1-projeto-02\public\index.php(37): CodeIgniter\CodeIgniter->run()
#9 C:\INFO\IFRS\DS1-projeto-02\system\Commands\Server\rewrite.php(43): require_once('C:\\INFO\\IFRS\\DS...')
#10 {main}
CRITICAL - 2022-05-12 19:27:06 --> Undefined variable: data
#0 C:\INFO\IFRS\DS1-projeto-02\app\Views\notafiscal-all.php(45): CodeIgniter\Debug\Exceptions->errorHandler(8, 'Undefined varia...', 'C:\\INFO\\IFRS\\DS...', 45, Array)
#1 C:\INFO\IFRS\DS1-projeto-02\system\View\View.php(210): include('C:\\INFO\\IFRS\\DS...')
#2 C:\INFO\IFRS\DS1-projeto-02\system\View\View.php(213): CodeIgniter\View\View->CodeIgniter\View\{closure}()
#3 C:\INFO\IFRS\DS1-projeto-02\system\Common.php(1089): CodeIgniter\View\View->render('notafiscal-all', Array, true)
#4 C:\INFO\IFRS\DS1-projeto-02\app\Controllers\NotaFiscalController.php(95): view('notafiscal-all', Array)
#5 C:\INFO\IFRS\DS1-projeto-02\system\CodeIgniter.php(832): App\Controllers\NotaFiscalController->notasFiscaisView()
#6 C:\INFO\IFRS\DS1-projeto-02\system\CodeIgniter.php(419): CodeIgniter\CodeIgniter->runController(Object(App\Controllers\NotaFiscalController))
#7 C:\INFO\IFRS\DS1-projeto-02\system\CodeIgniter.php(326): CodeIgniter\CodeIgniter->handleRequest(NULL, Object(Config\Cache), false)
#8 C:\INFO\IFRS\DS1-projeto-02\public\index.php(37): CodeIgniter\CodeIgniter->run()
#9 C:\INFO\IFRS\DS1-projeto-02\system\Commands\Server\rewrite.php(43): require_once('C:\\INFO\\IFRS\\DS...')
#10 {main}
