CRITICAL - 2022-04-29 12:24:14 --> Call to a member function getVar() on null
#0 /home/aluno/Área de Trabalho/DS1-projeto-02/app/Controllers/ItemController.php(86): App\Models\Items->edit_item(Array)
#1 /home/aluno/Área de Trabalho/DS1-projeto-02/system/CodeIgniter.php(832): App\Controllers\ItemController->postEditProduct()
#2 /home/aluno/Área de Trabalho/DS1-projeto-02/system/CodeIgniter.php(419): CodeIgniter\CodeIgniter->runController(Object(App\Controllers\ItemController))
#3 /home/aluno/Área de Trabalho/DS1-projeto-02/system/CodeIgniter.php(326): CodeIgniter\CodeIgniter->handleRequest(NULL, Object(Config\Cache), false)
#4 /home/aluno/Área de Trabalho/DS1-projeto-02/public/index.php(37): CodeIgniter\CodeIgniter->run()
#5 /home/aluno/Área de Trabalho/DS1-projeto-02/system/Commands/Server/rewrite.php(43): require_once('/home/aluno/\xC3\x81r...')
#6 {main}
CRITICAL - 2022-04-29 12:25:02 --> Call to a member function getVar() on null
#0 /home/aluno/Área de Trabalho/DS1-projeto-02/app/Controllers/ItemController.php(86): App\Models\Items->edit_item(Array)
#1 /home/aluno/Área de Trabalho/DS1-projeto-02/system/CodeIgniter.php(832): App\Controllers\ItemController->postEditProduct()
#2 /home/aluno/Área de Trabalho/DS1-projeto-02/system/CodeIgniter.php(419): CodeIgniter\CodeIgniter->runController(Object(App\Controllers\ItemController))
#3 /home/aluno/Área de Trabalho/DS1-projeto-02/system/CodeIgniter.php(326): CodeIgniter\CodeIgniter->handleRequest(NULL, Object(Config\Cache), false)
#4 /home/aluno/Área de Trabalho/DS1-projeto-02/public/index.php(37): CodeIgniter\CodeIgniter->run()
#5 /home/aluno/Área de Trabalho/DS1-projeto-02/system/Commands/Server/rewrite.php(43): require_once('/home/aluno/\xC3\x81r...')
#6 {main}
CRITICAL - 2022-04-29 12:26:24 --> Function name must be a string
#0 /home/aluno/Área de Trabalho/DS1-projeto-02/system/CodeIgniter.php(832): App\Controllers\ItemController->postEditProduct()
#1 /home/aluno/Área de Trabalho/DS1-projeto-02/system/CodeIgniter.php(419): CodeIgniter\CodeIgniter->runController(Object(App\Controllers\ItemController))
#2 /home/aluno/Área de Trabalho/DS1-projeto-02/system/CodeIgniter.php(326): CodeIgniter\CodeIgniter->handleRequest(NULL, Object(Config\Cache), false)
#3 /home/aluno/Área de Trabalho/DS1-projeto-02/public/index.php(37): CodeIgniter\CodeIgniter->run()
#4 /home/aluno/Área de Trabalho/DS1-projeto-02/system/Commands/Server/rewrite.php(43): require_once('/home/aluno/\xC3\x81r...')
#5 {main}
CRITICAL - 2022-04-29 12:27:30 --> Call to a member function getVar() on null
#0 /home/aluno/Área de Trabalho/DS1-projeto-02/app/Controllers/ItemController.php(86): App\Models\Items->edit_item(Array)
#1 /home/aluno/Área de Trabalho/DS1-projeto-02/system/CodeIgniter.php(832): App\Controllers\ItemController->postEditProduct()
#2 /home/aluno/Área de Trabalho/DS1-projeto-02/system/CodeIgniter.php(419): CodeIgniter\CodeIgniter->runController(Object(App\Controllers\ItemController))
#3 /home/aluno/Área de Trabalho/DS1-projeto-02/system/CodeIgniter.php(326): CodeIgniter\CodeIgniter->handleRequest(NULL, Object(Config\Cache), false)
#4 /home/aluno/Área de Trabalho/DS1-projeto-02/public/index.php(37): CodeIgniter\CodeIgniter->run()
#5 /home/aluno/Área de Trabalho/DS1-projeto-02/system/Commands/Server/rewrite.php(43): require_once('/home/aluno/\xC3\x81r...')
#6 {main}
CRITICAL - 2022-04-29 12:27:46 --> Call to a member function getVar() on null
#0 /home/aluno/Área de Trabalho/DS1-projeto-02/app/Controllers/ItemController.php(86): App\Models\Items->edit_item(Array)
#1 /home/aluno/Área de Trabalho/DS1-projeto-02/system/CodeIgniter.php(832): App\Controllers\ItemController->postEditProduct()
#2 /home/aluno/Área de Trabalho/DS1-projeto-02/system/CodeIgniter.php(419): CodeIgniter\CodeIgniter->runController(Object(App\Controllers\ItemController))
#3 /home/aluno/Área de Trabalho/DS1-projeto-02/system/CodeIgniter.php(326): CodeIgniter\CodeIgniter->handleRequest(NULL, Object(Config\Cache), false)
#4 /home/aluno/Área de Trabalho/DS1-projeto-02/public/index.php(37): CodeIgniter\CodeIgniter->run()
#5 /home/aluno/Área de Trabalho/DS1-projeto-02/system/Commands/Server/rewrite.php(43): require_once('/home/aluno/\xC3\x81r...')
#6 {main}
ERROR - 2022-04-29 12:29:25 --> Column 'categoria' cannot be null
CRITICAL - 2022-04-29 12:29:25 --> Column 'categoria' cannot be null
#0 /home/aluno/Área de Trabalho/DS1-projeto-02/system/Database/MySQLi/Connection.php(292): mysqli->query('REPLACE INTO `j...', 0)
#1 /home/aluno/Área de Trabalho/DS1-projeto-02/system/Database/BaseConnection.php(670): CodeIgniter\Database\MySQLi\Connection->execute('REPLACE INTO `j...')
#2 /home/aluno/Área de Trabalho/DS1-projeto-02/system/Database/BaseConnection.php(598): CodeIgniter\Database\BaseConnection->simpleQuery('REPLACE INTO `j...')
#3 /home/aluno/Área de Trabalho/DS1-projeto-02/system/Database/BaseBuilder.php(1837): CodeIgniter\Database\BaseConnection->query('REPLACE INTO `j...', Array, false)
#4 /home/aluno/Área de Trabalho/DS1-projeto-02/system/Model.php(397): CodeIgniter\Database\BaseBuilder->replace(Array)
#5 /home/aluno/Área de Trabalho/DS1-projeto-02/system/BaseModel.php(1038): CodeIgniter\Model->doReplace(Array, false)
#6 /home/aluno/Área de Trabalho/DS1-projeto-02/app/Models/Items.php(80): CodeIgniter\BaseModel->replace(Array)
#7 /home/aluno/Área de Trabalho/DS1-projeto-02/app/Controllers/ItemController.php(86): App\Models\Items->edit_item(Array)
#8 /home/aluno/Área de Trabalho/DS1-projeto-02/system/CodeIgniter.php(832): App\Controllers\ItemController->postEditProduct()
#9 /home/aluno/Área de Trabalho/DS1-projeto-02/system/CodeIgniter.php(419): CodeIgniter\CodeIgniter->runController(Object(App\Controllers\ItemController))
#10 /home/aluno/Área de Trabalho/DS1-projeto-02/system/CodeIgniter.php(326): CodeIgniter\CodeIgniter->handleRequest(NULL, Object(Config\Cache), false)
#11 /home/aluno/Área de Trabalho/DS1-projeto-02/public/index.php(37): CodeIgniter\CodeIgniter->run()
#12 /home/aluno/Área de Trabalho/DS1-projeto-02/system/Commands/Server/rewrite.php(43): require_once('/home/aluno/\xC3\x81r...')
#13 {main}
ERROR - 2022-04-29 12:29:59 --> Column 'categoria' cannot be null
CRITICAL - 2022-04-29 12:29:59 --> Column 'categoria' cannot be null
#0 /home/aluno/Área de Trabalho/DS1-projeto-02/system/Database/MySQLi/Connection.php(292): mysqli->query('REPLACE INTO `j...', 0)
#1 /home/aluno/Área de Trabalho/DS1-projeto-02/system/Database/BaseConnection.php(670): CodeIgniter\Database\MySQLi\Connection->execute('REPLACE INTO `j...')
#2 /home/aluno/Área de Trabalho/DS1-projeto-02/system/Database/BaseConnection.php(598): CodeIgniter\Database\BaseConnection->simpleQuery('REPLACE INTO `j...')
#3 /home/aluno/Área de Trabalho/DS1-projeto-02/system/Database/BaseBuilder.php(1837): CodeIgniter\Database\BaseConnection->query('REPLACE INTO `j...', Array, false)
#4 /home/aluno/Área de Trabalho/DS1-projeto-02/system/Model.php(397): CodeIgniter\Database\BaseBuilder->replace(Array)
#5 /home/aluno/Área de Trabalho/DS1-projeto-02/system/BaseModel.php(1038): CodeIgniter\Model->doReplace(Array, false)
#6 /home/aluno/Área de Trabalho/DS1-projeto-02/app/Models/Items.php(80): CodeIgniter\BaseModel->replace(Array)
#7 /home/aluno/Área de Trabalho/DS1-projeto-02/app/Controllers/ItemController.php(86): App\Models\Items->edit_item(Array)
#8 /home/aluno/Área de Trabalho/DS1-projeto-02/system/CodeIgniter.php(832): App\Controllers\ItemController->postEditProduct()
#9 /home/aluno/Área de Trabalho/DS1-projeto-02/system/CodeIgniter.php(419): CodeIgniter\CodeIgniter->runController(Object(App\Controllers\ItemController))
#10 /home/aluno/Área de Trabalho/DS1-projeto-02/system/CodeIgniter.php(326): CodeIgniter\CodeIgniter->handleRequest(NULL, Object(Config\Cache), false)
#11 /home/aluno/Área de Trabalho/DS1-projeto-02/public/index.php(37): CodeIgniter\CodeIgniter->run()
#12 /home/aluno/Área de Trabalho/DS1-projeto-02/system/Commands/Server/rewrite.php(43): require_once('/home/aluno/\xC3\x81r...')
#13 {main}
CRITICAL - 2022-04-29 12:30:19 --> Undefined variable: console
#0 /home/aluno/Área de Trabalho/DS1-projeto-02/app/Views/items-show.php(64): CodeIgniter\Debug\Exceptions->errorHandler(8, 'Undefined varia...', '/home/aluno/\xC3\x81r...', 64, Array)
#1 /home/aluno/Área de Trabalho/DS1-projeto-02/system/View/View.php(210): include('/home/aluno/\xC3\x81r...')
#2 /home/aluno/Área de Trabalho/DS1-projeto-02/system/View/View.php(213): CodeIgniter\View\View->CodeIgniter\View\{closure}()
#3 /home/aluno/Área de Trabalho/DS1-projeto-02/system/Common.php(1089): CodeIgniter\View\View->render('items-show', Array, true)
#4 /home/aluno/Área de Trabalho/DS1-projeto-02/app/Controllers/ItemController.php(90): view('items-show', Array)
#5 /home/aluno/Área de Trabalho/DS1-projeto-02/system/CodeIgniter.php(832): App\Controllers\ItemController->postEditProduct()
#6 /home/aluno/Área de Trabalho/DS1-projeto-02/system/CodeIgniter.php(419): CodeIgniter\CodeIgniter->runController(Object(App\Controllers\ItemController))
#7 /home/aluno/Área de Trabalho/DS1-projeto-02/system/CodeIgniter.php(326): CodeIgniter\CodeIgniter->handleRequest(NULL, Object(Config\Cache), false)
#8 /home/aluno/Área de Trabalho/DS1-projeto-02/public/index.php(37): CodeIgniter\CodeIgniter->run()
#9 /home/aluno/Área de Trabalho/DS1-projeto-02/system/Commands/Server/rewrite.php(43): require_once('/home/aluno/\xC3\x81r...')
#10 {main}
CRITICAL - 2022-04-29 12:32:21 --> Undefined variable: console
#0 /home/aluno/Área de Trabalho/DS1-projeto-02/app/Views/items-show.php(64): CodeIgniter\Debug\Exceptions->errorHandler(8, 'Undefined varia...', '/home/aluno/\xC3\x81r...', 64, Array)
#1 /home/aluno/Área de Trabalho/DS1-projeto-02/system/View/View.php(210): include('/home/aluno/\xC3\x81r...')
#2 /home/aluno/Área de Trabalho/DS1-projeto-02/system/View/View.php(213): CodeIgniter\View\View->CodeIgniter\View\{closure}()
#3 /home/aluno/Área de Trabalho/DS1-projeto-02/system/Common.php(1089): CodeIgniter\View\View->render('items-show', Array, true)
#4 /home/aluno/Área de Trabalho/DS1-projeto-02/app/Controllers/ItemController.php(90): view('items-show', Array)
#5 /home/aluno/Área de Trabalho/DS1-projeto-02/system/CodeIgniter.php(832): App\Controllers\ItemController->postEditProduct()
#6 /home/aluno/Área de Trabalho/DS1-projeto-02/system/CodeIgniter.php(419): CodeIgniter\CodeIgniter->runController(Object(App\Controllers\ItemController))
#7 /home/aluno/Área de Trabalho/DS1-projeto-02/system/CodeIgniter.php(326): CodeIgniter\CodeIgniter->handleRequest(NULL, Object(Config\Cache), false)
#8 /home/aluno/Área de Trabalho/DS1-projeto-02/public/index.php(37): CodeIgniter\CodeIgniter->run()
#9 /home/aluno/Área de Trabalho/DS1-projeto-02/system/Commands/Server/rewrite.php(43): require_once('/home/aluno/\xC3\x81r...')
#10 {main}
CRITICAL - 2022-04-29 12:33:51 --> Undefined variable: data
#0 /home/aluno/Área de Trabalho/DS1-projeto-02/app/Views/items-show.php(75): CodeIgniter\Debug\Exceptions->errorHandler(8, 'Undefined varia...', '/home/aluno/\xC3\x81r...', 75, Array)
#1 /home/aluno/Área de Trabalho/DS1-projeto-02/system/View/View.php(210): include('/home/aluno/\xC3\x81r...')
#2 /home/aluno/Área de Trabalho/DS1-projeto-02/system/View/View.php(213): CodeIgniter\View\View->CodeIgniter\View\{closure}()
#3 /home/aluno/Área de Trabalho/DS1-projeto-02/system/Common.php(1089): CodeIgniter\View\View->render('items-show', Array, true)
#4 /home/aluno/Área de Trabalho/DS1-projeto-02/app/Controllers/ItemController.php(90): view('items-show', Array)
#5 /home/aluno/Área de Trabalho/DS1-projeto-02/system/CodeIgniter.php(832): App\Controllers\ItemController->postEditProduct()
#6 /home/aluno/Área de Trabalho/DS1-projeto-02/system/CodeIgniter.php(419): CodeIgniter\CodeIgniter->runController(Object(App\Controllers\ItemController))
#7 /home/aluno/Área de Trabalho/DS1-projeto-02/system/CodeIgniter.php(326): CodeIgniter\CodeIgniter->handleRequest(NULL, Object(Config\Cache), false)
#8 /home/aluno/Área de Trabalho/DS1-projeto-02/public/index.php(37): CodeIgniter\CodeIgniter->run()
#9 /home/aluno/Área de Trabalho/DS1-projeto-02/system/Commands/Server/rewrite.php(43): require_once('/home/aluno/\xC3\x81r...')
#10 {main}
CRITICAL - 2022-04-29 13:06:11 --> Invalid file: items-insert.php
#0 /home/aluno/Área de Trabalho/DS1-projeto-02/system/View/View.php(198): CodeIgniter\Exceptions\FrameworkException::forInvalidFile('items-insert.ph...')
#1 /home/aluno/Área de Trabalho/DS1-projeto-02/system/Common.php(1089): CodeIgniter\View\View->render('items-insert', Array, true)
#2 /home/aluno/Área de Trabalho/DS1-projeto-02/app/Controllers/ItemController.php(24): view('items-insert', Array)
#3 /home/aluno/Área de Trabalho/DS1-projeto-02/system/CodeIgniter.php(832): App\Controllers\ItemController->InsertView()
#4 /home/aluno/Área de Trabalho/DS1-projeto-02/system/CodeIgniter.php(419): CodeIgniter\CodeIgniter->runController(Object(App\Controllers\ItemController))
#5 /home/aluno/Área de Trabalho/DS1-projeto-02/system/CodeIgniter.php(326): CodeIgniter\CodeIgniter->handleRequest(NULL, Object(Config\Cache), false)
#6 /home/aluno/Área de Trabalho/DS1-projeto-02/public/index.php(37): CodeIgniter\CodeIgniter->run()
#7 /home/aluno/Área de Trabalho/DS1-projeto-02/system/Commands/Server/rewrite.php(43): require_once('/home/aluno/\xC3\x81r...')
#8 {main}
CRITICAL - 2022-04-29 13:08:23 --> Invalid file: items-insert.php
#0 /home/aluno/Área de Trabalho/DS1-projeto-02/system/View/View.php(198): CodeIgniter\Exceptions\FrameworkException::forInvalidFile('items-insert.ph...')
#1 /home/aluno/Área de Trabalho/DS1-projeto-02/system/Common.php(1089): CodeIgniter\View\View->render('items-insert', Array, true)
#2 /home/aluno/Área de Trabalho/DS1-projeto-02/app/Controllers/ItemController.php(23): view('items-insert', Array)
#3 /home/aluno/Área de Trabalho/DS1-projeto-02/system/CodeIgniter.php(832): App\Controllers\ItemController->InsertView()
#4 /home/aluno/Área de Trabalho/DS1-projeto-02/system/CodeIgniter.php(419): CodeIgniter\CodeIgniter->runController(Object(App\Controllers\ItemController))
#5 /home/aluno/Área de Trabalho/DS1-projeto-02/system/CodeIgniter.php(326): CodeIgniter\CodeIgniter->handleRequest(NULL, Object(Config\Cache), false)
#6 /home/aluno/Área de Trabalho/DS1-projeto-02/public/index.php(37): CodeIgniter\CodeIgniter->run()
#7 /home/aluno/Área de Trabalho/DS1-projeto-02/system/Commands/Server/rewrite.php(43): require_once('/home/aluno/\xC3\x81r...')
#8 {main}
CRITICAL - 2022-04-29 13:08:40 --> Invalid file: items-insert.php
#0 /home/aluno/Área de Trabalho/DS1-projeto-02/system/View/View.php(198): CodeIgniter\Exceptions\FrameworkException::forInvalidFile('items-insert.ph...')
#1 /home/aluno/Área de Trabalho/DS1-projeto-02/system/Common.php(1089): CodeIgniter\View\View->render('items-insert', Array, true)
#2 /home/aluno/Área de Trabalho/DS1-projeto-02/app/Controllers/ItemController.php(23): view('items-insert', Array)
#3 /home/aluno/Área de Trabalho/DS1-projeto-02/system/CodeIgniter.php(832): App\Controllers\ItemController->InsertView()
#4 /home/aluno/Área de Trabalho/DS1-projeto-02/system/CodeIgniter.php(419): CodeIgniter\CodeIgniter->runController(Object(App\Controllers\ItemController))
#5 /home/aluno/Área de Trabalho/DS1-projeto-02/system/CodeIgniter.php(326): CodeIgniter\CodeIgniter->handleRequest(NULL, Object(Config\Cache), false)
#6 /home/aluno/Área de Trabalho/DS1-projeto-02/public/index.php(37): CodeIgniter\CodeIgniter->run()
#7 /home/aluno/Área de Trabalho/DS1-projeto-02/system/Commands/Server/rewrite.php(43): require_once('/home/aluno/\xC3\x81r...')
#8 {main}
CRITICAL - 2022-04-29 13:12:49 --> Invalid file: items-insert.php
#0 /home/aluno/Área de Trabalho/DS1-projeto-02/system/View/View.php(198): CodeIgniter\Exceptions\FrameworkException::forInvalidFile('items-insert.ph...')
#1 /home/aluno/Área de Trabalho/DS1-projeto-02/system/Common.php(1089): CodeIgniter\View\View->render('items-insert', Array, true)
#2 /home/aluno/Área de Trabalho/DS1-projeto-02/app/Controllers/ItemController.php(23): view('items-insert', Array)
#3 /home/aluno/Área de Trabalho/DS1-projeto-02/system/CodeIgniter.php(832): App\Controllers\ItemController->InsertView()
#4 /home/aluno/Área de Trabalho/DS1-projeto-02/system/CodeIgniter.php(419): CodeIgniter\CodeIgniter->runController(Object(App\Controllers\ItemController))
#5 /home/aluno/Área de Trabalho/DS1-projeto-02/system/CodeIgniter.php(326): CodeIgniter\CodeIgniter->handleRequest(NULL, Object(Config\Cache), false)
#6 /home/aluno/Área de Trabalho/DS1-projeto-02/public/index.php(37): CodeIgniter\CodeIgniter->run()
#7 /home/aluno/Área de Trabalho/DS1-projeto-02/system/Commands/Server/rewrite.php(43): require_once('/home/aluno/\xC3\x81r...')
#8 {main}
CRITICAL - 2022-04-29 13:12:49 --> Invalid file: items-insert.php
#0 /home/aluno/Área de Trabalho/DS1-projeto-02/system/View/View.php(198): CodeIgniter\Exceptions\FrameworkException::forInvalidFile('items-insert.ph...')
#1 /home/aluno/Área de Trabalho/DS1-projeto-02/system/Common.php(1089): CodeIgniter\View\View->render('items-insert', Array, true)
#2 /home/aluno/Área de Trabalho/DS1-projeto-02/app/Controllers/ItemController.php(23): view('items-insert', Array)
#3 /home/aluno/Área de Trabalho/DS1-projeto-02/system/CodeIgniter.php(832): App\Controllers\ItemController->InsertView()
#4 /home/aluno/Área de Trabalho/DS1-projeto-02/system/CodeIgniter.php(419): CodeIgniter\CodeIgniter->runController(Object(App\Controllers\ItemController))
#5 /home/aluno/Área de Trabalho/DS1-projeto-02/system/CodeIgniter.php(326): CodeIgniter\CodeIgniter->handleRequest(NULL, Object(Config\Cache), false)
#6 /home/aluno/Área de Trabalho/DS1-projeto-02/public/index.php(37): CodeIgniter\CodeIgniter->run()
#7 /home/aluno/Área de Trabalho/DS1-projeto-02/system/Commands/Server/rewrite.php(43): require_once('/home/aluno/\xC3\x81r...')
#8 {main}
CRITICAL - 2022-04-29 13:12:53 --> Invalid file: items-insert.php
#0 /home/aluno/Área de Trabalho/DS1-projeto-02/system/View/View.php(198): CodeIgniter\Exceptions\FrameworkException::forInvalidFile('items-insert.ph...')
#1 /home/aluno/Área de Trabalho/DS1-projeto-02/system/Common.php(1089): CodeIgniter\View\View->render('items-insert', Array, true)
#2 /home/aluno/Área de Trabalho/DS1-projeto-02/app/Controllers/ItemController.php(23): view('items-insert', Array)
#3 /home/aluno/Área de Trabalho/DS1-projeto-02/system/CodeIgniter.php(832): App\Controllers\ItemController->InsertView()
#4 /home/aluno/Área de Trabalho/DS1-projeto-02/system/CodeIgniter.php(419): CodeIgniter\CodeIgniter->runController(Object(App\Controllers\ItemController))
#5 /home/aluno/Área de Trabalho/DS1-projeto-02/system/CodeIgniter.php(326): CodeIgniter\CodeIgniter->handleRequest(NULL, Object(Config\Cache), false)
#6 /home/aluno/Área de Trabalho/DS1-projeto-02/public/index.php(37): CodeIgniter\CodeIgniter->run()
#7 /home/aluno/Área de Trabalho/DS1-projeto-02/system/Commands/Server/rewrite.php(43): require_once('/home/aluno/\xC3\x81r...')
#8 {main}
CRITICAL - 2022-04-29 13:13:46 --> Invalid file: items-insert.php
#0 /home/aluno/Área de Trabalho/DS1-projeto-02/system/View/View.php(198): CodeIgniter\Exceptions\FrameworkException::forInvalidFile('items-insert.ph...')
#1 /home/aluno/Área de Trabalho/DS1-projeto-02/system/Common.php(1089): CodeIgniter\View\View->render('items-insert', Array, true)
#2 /home/aluno/Área de Trabalho/DS1-projeto-02/app/Controllers/ItemController.php(23): view('items-insert', Array)
#3 /home/aluno/Área de Trabalho/DS1-projeto-02/system/CodeIgniter.php(832): App\Controllers\ItemController->InsertView()
#4 /home/aluno/Área de Trabalho/DS1-projeto-02/system/CodeIgniter.php(419): CodeIgniter\CodeIgniter->runController(Object(App\Controllers\ItemController))
#5 /home/aluno/Área de Trabalho/DS1-projeto-02/system/CodeIgniter.php(326): CodeIgniter\CodeIgniter->handleRequest(NULL, Object(Config\Cache), false)
#6 /home/aluno/Área de Trabalho/DS1-projeto-02/public/index.php(37): CodeIgniter\CodeIgniter->run()
#7 /home/aluno/Área de Trabalho/DS1-projeto-02/system/Commands/Server/rewrite.php(43): require_once('/home/aluno/\xC3\x81r...')
#8 {main}
CRITICAL - 2022-04-29 13:13:46 --> Invalid file: items-insert.php
#0 /home/aluno/Área de Trabalho/DS1-projeto-02/system/View/View.php(198): CodeIgniter\Exceptions\FrameworkException::forInvalidFile('items-insert.ph...')
#1 /home/aluno/Área de Trabalho/DS1-projeto-02/system/Common.php(1089): CodeIgniter\View\View->render('items-insert', Array, true)
#2 /home/aluno/Área de Trabalho/DS1-projeto-02/app/Controllers/ItemController.php(23): view('items-insert', Array)
#3 /home/aluno/Área de Trabalho/DS1-projeto-02/system/CodeIgniter.php(832): App\Controllers\ItemController->InsertView()
#4 /home/aluno/Área de Trabalho/DS1-projeto-02/system/CodeIgniter.php(419): CodeIgniter\CodeIgniter->runController(Object(App\Controllers\ItemController))
#5 /home/aluno/Área de Trabalho/DS1-projeto-02/system/CodeIgniter.php(326): CodeIgniter\CodeIgniter->handleRequest(NULL, Object(Config\Cache), false)
#6 /home/aluno/Área de Trabalho/DS1-projeto-02/public/index.php(37): CodeIgniter\CodeIgniter->run()
#7 /home/aluno/Área de Trabalho/DS1-projeto-02/system/Commands/Server/rewrite.php(43): require_once('/home/aluno/\xC3\x81r...')
#8 {main}
CRITICAL - 2022-04-29 13:13:47 --> Invalid file: items-insert.php
#0 /home/aluno/Área de Trabalho/DS1-projeto-02/system/View/View.php(198): CodeIgniter\Exceptions\FrameworkException::forInvalidFile('items-insert.ph...')
#1 /home/aluno/Área de Trabalho/DS1-projeto-02/system/Common.php(1089): CodeIgniter\View\View->render('items-insert', Array, true)
#2 /home/aluno/Área de Trabalho/DS1-projeto-02/app/Controllers/ItemController.php(23): view('items-insert', Array)
#3 /home/aluno/Área de Trabalho/DS1-projeto-02/system/CodeIgniter.php(832): App\Controllers\ItemController->InsertView()
#4 /home/aluno/Área de Trabalho/DS1-projeto-02/system/CodeIgniter.php(419): CodeIgniter\CodeIgniter->runController(Object(App\Controllers\ItemController))
#5 /home/aluno/Área de Trabalho/DS1-projeto-02/system/CodeIgniter.php(326): CodeIgniter\CodeIgniter->handleRequest(NULL, Object(Config\Cache), false)
#6 /home/aluno/Área de Trabalho/DS1-projeto-02/public/index.php(37): CodeIgniter\CodeIgniter->run()
#7 /home/aluno/Área de Trabalho/DS1-projeto-02/system/Commands/Server/rewrite.php(43): require_once('/home/aluno/\xC3\x81r...')
#8 {main}
CRITICAL - 2022-04-29 13:13:47 --> Invalid file: items-insert.php
#0 /home/aluno/Área de Trabalho/DS1-projeto-02/system/View/View.php(198): CodeIgniter\Exceptions\FrameworkException::forInvalidFile('items-insert.ph...')
#1 /home/aluno/Área de Trabalho/DS1-projeto-02/system/Common.php(1089): CodeIgniter\View\View->render('items-insert', Array, true)
#2 /home/aluno/Área de Trabalho/DS1-projeto-02/app/Controllers/ItemController.php(23): view('items-insert', Array)
#3 /home/aluno/Área de Trabalho/DS1-projeto-02/system/CodeIgniter.php(832): App\Controllers\ItemController->InsertView()
#4 /home/aluno/Área de Trabalho/DS1-projeto-02/system/CodeIgniter.php(419): CodeIgniter\CodeIgniter->runController(Object(App\Controllers\ItemController))
#5 /home/aluno/Área de Trabalho/DS1-projeto-02/system/CodeIgniter.php(326): CodeIgniter\CodeIgniter->handleRequest(NULL, Object(Config\Cache), false)
#6 /home/aluno/Área de Trabalho/DS1-projeto-02/public/index.php(37): CodeIgniter\CodeIgniter->run()
#7 /home/aluno/Área de Trabalho/DS1-projeto-02/system/Commands/Server/rewrite.php(43): require_once('/home/aluno/\xC3\x81r...')
#8 {main}
CRITICAL - 2022-04-29 13:13:47 --> Invalid file: items-insert.php
#0 /home/aluno/Área de Trabalho/DS1-projeto-02/system/View/View.php(198): CodeIgniter\Exceptions\FrameworkException::forInvalidFile('items-insert.ph...')
#1 /home/aluno/Área de Trabalho/DS1-projeto-02/system/Common.php(1089): CodeIgniter\View\View->render('items-insert', Array, true)
#2 /home/aluno/Área de Trabalho/DS1-projeto-02/app/Controllers/ItemController.php(23): view('items-insert', Array)
#3 /home/aluno/Área de Trabalho/DS1-projeto-02/system/CodeIgniter.php(832): App\Controllers\ItemController->InsertView()
#4 /home/aluno/Área de Trabalho/DS1-projeto-02/system/CodeIgniter.php(419): CodeIgniter\CodeIgniter->runController(Object(App\Controllers\ItemController))
#5 /home/aluno/Área de Trabalho/DS1-projeto-02/system/CodeIgniter.php(326): CodeIgniter\CodeIgniter->handleRequest(NULL, Object(Config\Cache), false)
#6 /home/aluno/Área de Trabalho/DS1-projeto-02/public/index.php(37): CodeIgniter\CodeIgniter->run()
#7 /home/aluno/Área de Trabalho/DS1-projeto-02/system/Commands/Server/rewrite.php(43): require_once('/home/aluno/\xC3\x81r...')
#8 {main}
CRITICAL - 2022-04-29 13:13:47 --> Invalid file: items-insert.php
#0 /home/aluno/Área de Trabalho/DS1-projeto-02/system/View/View.php(198): CodeIgniter\Exceptions\FrameworkException::forInvalidFile('items-insert.ph...')
#1 /home/aluno/Área de Trabalho/DS1-projeto-02/system/Common.php(1089): CodeIgniter\View\View->render('items-insert', Array, true)
#2 /home/aluno/Área de Trabalho/DS1-projeto-02/app/Controllers/ItemController.php(23): view('items-insert', Array)
#3 /home/aluno/Área de Trabalho/DS1-projeto-02/system/CodeIgniter.php(832): App\Controllers\ItemController->InsertView()
#4 /home/aluno/Área de Trabalho/DS1-projeto-02/system/CodeIgniter.php(419): CodeIgniter\CodeIgniter->runController(Object(App\Controllers\ItemController))
#5 /home/aluno/Área de Trabalho/DS1-projeto-02/system/CodeIgniter.php(326): CodeIgniter\CodeIgniter->handleRequest(NULL, Object(Config\Cache), false)
#6 /home/aluno/Área de Trabalho/DS1-projeto-02/public/index.php(37): CodeIgniter\CodeIgniter->run()
#7 /home/aluno/Área de Trabalho/DS1-projeto-02/system/Commands/Server/rewrite.php(43): require_once('/home/aluno/\xC3\x81r...')
#8 {main}
CRITICAL - 2022-04-29 13:13:48 --> Invalid file: items-insert.php
#0 /home/aluno/Área de Trabalho/DS1-projeto-02/system/View/View.php(198): CodeIgniter\Exceptions\FrameworkException::forInvalidFile('items-insert.ph...')
#1 /home/aluno/Área de Trabalho/DS1-projeto-02/system/Common.php(1089): CodeIgniter\View\View->render('items-insert', Array, true)
#2 /home/aluno/Área de Trabalho/DS1-projeto-02/app/Controllers/ItemController.php(23): view('items-insert', Array)
#3 /home/aluno/Área de Trabalho/DS1-projeto-02/system/CodeIgniter.php(832): App\Controllers\ItemController->InsertView()
#4 /home/aluno/Área de Trabalho/DS1-projeto-02/system/CodeIgniter.php(419): CodeIgniter\CodeIgniter->runController(Object(App\Controllers\ItemController))
#5 /home/aluno/Área de Trabalho/DS1-projeto-02/system/CodeIgniter.php(326): CodeIgniter\CodeIgniter->handleRequest(NULL, Object(Config\Cache), false)
#6 /home/aluno/Área de Trabalho/DS1-projeto-02/public/index.php(37): CodeIgniter\CodeIgniter->run()
#7 /home/aluno/Área de Trabalho/DS1-projeto-02/system/Commands/Server/rewrite.php(43): require_once('/home/aluno/\xC3\x81r...')
#8 {main}
CRITICAL - 2022-04-29 13:13:48 --> Invalid file: items-insert.php
#0 /home/aluno/Área de Trabalho/DS1-projeto-02/system/View/View.php(198): CodeIgniter\Exceptions\FrameworkException::forInvalidFile('items-insert.ph...')
#1 /home/aluno/Área de Trabalho/DS1-projeto-02/system/Common.php(1089): CodeIgniter\View\View->render('items-insert', Array, true)
#2 /home/aluno/Área de Trabalho/DS1-projeto-02/app/Controllers/ItemController.php(23): view('items-insert', Array)
#3 /home/aluno/Área de Trabalho/DS1-projeto-02/system/CodeIgniter.php(832): App\Controllers\ItemController->InsertView()
#4 /home/aluno/Área de Trabalho/DS1-projeto-02/system/CodeIgniter.php(419): CodeIgniter\CodeIgniter->runController(Object(App\Controllers\ItemController))
#5 /home/aluno/Área de Trabalho/DS1-projeto-02/system/CodeIgniter.php(326): CodeIgniter\CodeIgniter->handleRequest(NULL, Object(Config\Cache), false)
#6 /home/aluno/Área de Trabalho/DS1-projeto-02/public/index.php(37): CodeIgniter\CodeIgniter->run()
#7 /home/aluno/Área de Trabalho/DS1-projeto-02/system/Commands/Server/rewrite.php(43): require_once('/home/aluno/\xC3\x81r...')
#8 {main}
CRITICAL - 2022-04-29 13:13:54 --> Invalid file: items-insert.php
#0 /home/aluno/Área de Trabalho/DS1-projeto-02/system/View/View.php(198): CodeIgniter\Exceptions\FrameworkException::forInvalidFile('items-insert.ph...')
#1 /home/aluno/Área de Trabalho/DS1-projeto-02/system/Common.php(1089): CodeIgniter\View\View->render('items-insert', Array, true)
#2 /home/aluno/Área de Trabalho/DS1-projeto-02/app/Controllers/ItemController.php(23): view('items-insert', Array)
#3 /home/aluno/Área de Trabalho/DS1-projeto-02/system/CodeIgniter.php(832): App\Controllers\ItemController->InsertView()
#4 /home/aluno/Área de Trabalho/DS1-projeto-02/system/CodeIgniter.php(419): CodeIgniter\CodeIgniter->runController(Object(App\Controllers\ItemController))
#5 /home/aluno/Área de Trabalho/DS1-projeto-02/system/CodeIgniter.php(326): CodeIgniter\CodeIgniter->handleRequest(NULL, Object(Config\Cache), false)
#6 /home/aluno/Área de Trabalho/DS1-projeto-02/public/index.php(37): CodeIgniter\CodeIgniter->run()
#7 /home/aluno/Área de Trabalho/DS1-projeto-02/system/Commands/Server/rewrite.php(43): require_once('/home/aluno/\xC3\x81r...')
#8 {main}
CRITICAL - 2022-04-29 13:15:31 --> Invalid file: items-insert.php
#0 /home/aluno/Área de Trabalho/DS1-projeto-02/system/View/View.php(198): CodeIgniter\Exceptions\FrameworkException::forInvalidFile('items-insert.ph...')
#1 /home/aluno/Área de Trabalho/DS1-projeto-02/system/Common.php(1089): CodeIgniter\View\View->render('items-insert', Array, true)
#2 /home/aluno/Área de Trabalho/DS1-projeto-02/app/Controllers/ItemController.php(24): view('items-insert', Array)
#3 /home/aluno/Área de Trabalho/DS1-projeto-02/system/CodeIgniter.php(832): App\Controllers\ItemController->InsertView()
#4 /home/aluno/Área de Trabalho/DS1-projeto-02/system/CodeIgniter.php(419): CodeIgniter\CodeIgniter->runController(Object(App\Controllers\ItemController))
#5 /home/aluno/Área de Trabalho/DS1-projeto-02/system/CodeIgniter.php(326): CodeIgniter\CodeIgniter->handleRequest(NULL, Object(Config\Cache), false)
#6 /home/aluno/Área de Trabalho/DS1-projeto-02/public/index.php(37): CodeIgniter\CodeIgniter->run()
#7 /home/aluno/Área de Trabalho/DS1-projeto-02/system/Commands/Server/rewrite.php(43): require_once('/home/aluno/\xC3\x81r...')
#8 {main}
CRITICAL - 2022-04-29 13:15:31 --> Invalid file: items-insert.php
#0 /home/aluno/Área de Trabalho/DS1-projeto-02/system/View/View.php(198): CodeIgniter\Exceptions\FrameworkException::forInvalidFile('items-insert.ph...')
#1 /home/aluno/Área de Trabalho/DS1-projeto-02/system/Common.php(1089): CodeIgniter\View\View->render('items-insert', Array, true)
#2 /home/aluno/Área de Trabalho/DS1-projeto-02/app/Controllers/ItemController.php(24): view('items-insert', Array)
#3 /home/aluno/Área de Trabalho/DS1-projeto-02/system/CodeIgniter.php(832): App\Controllers\ItemController->InsertView()
#4 /home/aluno/Área de Trabalho/DS1-projeto-02/system/CodeIgniter.php(419): CodeIgniter\CodeIgniter->runController(Object(App\Controllers\ItemController))
#5 /home/aluno/Área de Trabalho/DS1-projeto-02/system/CodeIgniter.php(326): CodeIgniter\CodeIgniter->handleRequest(NULL, Object(Config\Cache), false)
#6 /home/aluno/Área de Trabalho/DS1-projeto-02/public/index.php(37): CodeIgniter\CodeIgniter->run()
#7 /home/aluno/Área de Trabalho/DS1-projeto-02/system/Commands/Server/rewrite.php(43): require_once('/home/aluno/\xC3\x81r...')
#8 {main}
CRITICAL - 2022-04-29 13:15:32 --> Invalid file: items-insert.php
#0 /home/aluno/Área de Trabalho/DS1-projeto-02/system/View/View.php(198): CodeIgniter\Exceptions\FrameworkException::forInvalidFile('items-insert.ph...')
#1 /home/aluno/Área de Trabalho/DS1-projeto-02/system/Common.php(1089): CodeIgniter\View\View->render('items-insert', Array, true)
#2 /home/aluno/Área de Trabalho/DS1-projeto-02/app/Controllers/ItemController.php(24): view('items-insert', Array)
#3 /home/aluno/Área de Trabalho/DS1-projeto-02/system/CodeIgniter.php(832): App\Controllers\ItemController->InsertView()
#4 /home/aluno/Área de Trabalho/DS1-projeto-02/system/CodeIgniter.php(419): CodeIgniter\CodeIgniter->runController(Object(App\Controllers\ItemController))
#5 /home/aluno/Área de Trabalho/DS1-projeto-02/system/CodeIgniter.php(326): CodeIgniter\CodeIgniter->handleRequest(NULL, Object(Config\Cache), false)
#6 /home/aluno/Área de Trabalho/DS1-projeto-02/public/index.php(37): CodeIgniter\CodeIgniter->run()
#7 /home/aluno/Área de Trabalho/DS1-projeto-02/system/Commands/Server/rewrite.php(43): require_once('/home/aluno/\xC3\x81r...')
#8 {main}
CRITICAL - 2022-04-29 13:15:32 --> Invalid file: items-insert.php
#0 /home/aluno/Área de Trabalho/DS1-projeto-02/system/View/View.php(198): CodeIgniter\Exceptions\FrameworkException::forInvalidFile('items-insert.ph...')
#1 /home/aluno/Área de Trabalho/DS1-projeto-02/system/Common.php(1089): CodeIgniter\View\View->render('items-insert', Array, true)
#2 /home/aluno/Área de Trabalho/DS1-projeto-02/app/Controllers/ItemController.php(24): view('items-insert', Array)
#3 /home/aluno/Área de Trabalho/DS1-projeto-02/system/CodeIgniter.php(832): App\Controllers\ItemController->InsertView()
#4 /home/aluno/Área de Trabalho/DS1-projeto-02/system/CodeIgniter.php(419): CodeIgniter\CodeIgniter->runController(Object(App\Controllers\ItemController))
#5 /home/aluno/Área de Trabalho/DS1-projeto-02/system/CodeIgniter.php(326): CodeIgniter\CodeIgniter->handleRequest(NULL, Object(Config\Cache), false)
#6 /home/aluno/Área de Trabalho/DS1-projeto-02/public/index.php(37): CodeIgniter\CodeIgniter->run()
#7 /home/aluno/Área de Trabalho/DS1-projeto-02/system/Commands/Server/rewrite.php(43): require_once('/home/aluno/\xC3\x81r...')
#8 {main}
CRITICAL - 2022-04-29 13:15:33 --> Invalid file: items-insert.php
#0 /home/aluno/Área de Trabalho/DS1-projeto-02/system/View/View.php(198): CodeIgniter\Exceptions\FrameworkException::forInvalidFile('items-insert.ph...')
#1 /home/aluno/Área de Trabalho/DS1-projeto-02/system/Common.php(1089): CodeIgniter\View\View->render('items-insert', Array, true)
#2 /home/aluno/Área de Trabalho/DS1-projeto-02/app/Controllers/ItemController.php(24): view('items-insert', Array)
#3 /home/aluno/Área de Trabalho/DS1-projeto-02/system/CodeIgniter.php(832): App\Controllers\ItemController->InsertView()
#4 /home/aluno/Área de Trabalho/DS1-projeto-02/system/CodeIgniter.php(419): CodeIgniter\CodeIgniter->runController(Object(App\Controllers\ItemController))
#5 /home/aluno/Área de Trabalho/DS1-projeto-02/system/CodeIgniter.php(326): CodeIgniter\CodeIgniter->handleRequest(NULL, Object(Config\Cache), false)
#6 /home/aluno/Área de Trabalho/DS1-projeto-02/public/index.php(37): CodeIgniter\CodeIgniter->run()
#7 /home/aluno/Área de Trabalho/DS1-projeto-02/system/Commands/Server/rewrite.php(43): require_once('/home/aluno/\xC3\x81r...')
#8 {main}
CRITICAL - 2022-04-29 13:15:42 --> Invalid file: items-insert.php
#0 /home/aluno/Área de Trabalho/DS1-projeto-02/system/View/View.php(198): CodeIgniter\Exceptions\FrameworkException::forInvalidFile('items-insert.ph...')
#1 /home/aluno/Área de Trabalho/DS1-projeto-02/system/Common.php(1089): CodeIgniter\View\View->render('items-insert', Array, true)
#2 /home/aluno/Área de Trabalho/DS1-projeto-02/app/Controllers/ItemController.php(24): view('items-insert')
#3 /home/aluno/Área de Trabalho/DS1-projeto-02/system/CodeIgniter.php(832): App\Controllers\ItemController->InsertView()
#4 /home/aluno/Área de Trabalho/DS1-projeto-02/system/CodeIgniter.php(419): CodeIgniter\CodeIgniter->runController(Object(App\Controllers\ItemController))
#5 /home/aluno/Área de Trabalho/DS1-projeto-02/system/CodeIgniter.php(326): CodeIgniter\CodeIgniter->handleRequest(NULL, Object(Config\Cache), false)
#6 /home/aluno/Área de Trabalho/DS1-projeto-02/public/index.php(37): CodeIgniter\CodeIgniter->run()
#7 /home/aluno/Área de Trabalho/DS1-projeto-02/system/Commands/Server/rewrite.php(43): require_once('/home/aluno/\xC3\x81r...')
#8 {main}
CRITICAL - 2022-04-29 13:15:43 --> Invalid file: items-insert.php
#0 /home/aluno/Área de Trabalho/DS1-projeto-02/system/View/View.php(198): CodeIgniter\Exceptions\FrameworkException::forInvalidFile('items-insert.ph...')
#1 /home/aluno/Área de Trabalho/DS1-projeto-02/system/Common.php(1089): CodeIgniter\View\View->render('items-insert', Array, true)
#2 /home/aluno/Área de Trabalho/DS1-projeto-02/app/Controllers/ItemController.php(24): view('items-insert')
#3 /home/aluno/Área de Trabalho/DS1-projeto-02/system/CodeIgniter.php(832): App\Controllers\ItemController->InsertView()
#4 /home/aluno/Área de Trabalho/DS1-projeto-02/system/CodeIgniter.php(419): CodeIgniter\CodeIgniter->runController(Object(App\Controllers\ItemController))
#5 /home/aluno/Área de Trabalho/DS1-projeto-02/system/CodeIgniter.php(326): CodeIgniter\CodeIgniter->handleRequest(NULL, Object(Config\Cache), false)
#6 /home/aluno/Área de Trabalho/DS1-projeto-02/public/index.php(37): CodeIgniter\CodeIgniter->run()
#7 /home/aluno/Área de Trabalho/DS1-projeto-02/system/Commands/Server/rewrite.php(43): require_once('/home/aluno/\xC3\x81r...')
#8 {main}
CRITICAL - 2022-04-29 13:15:43 --> Invalid file: items-insert.php
#0 /home/aluno/Área de Trabalho/DS1-projeto-02/system/View/View.php(198): CodeIgniter\Exceptions\FrameworkException::forInvalidFile('items-insert.ph...')
#1 /home/aluno/Área de Trabalho/DS1-projeto-02/system/Common.php(1089): CodeIgniter\View\View->render('items-insert', Array, true)
#2 /home/aluno/Área de Trabalho/DS1-projeto-02/app/Controllers/ItemController.php(24): view('items-insert')
#3 /home/aluno/Área de Trabalho/DS1-projeto-02/system/CodeIgniter.php(832): App\Controllers\ItemController->InsertView()
#4 /home/aluno/Área de Trabalho/DS1-projeto-02/system/CodeIgniter.php(419): CodeIgniter\CodeIgniter->runController(Object(App\Controllers\ItemController))
#5 /home/aluno/Área de Trabalho/DS1-projeto-02/system/CodeIgniter.php(326): CodeIgniter\CodeIgniter->handleRequest(NULL, Object(Config\Cache), false)
#6 /home/aluno/Área de Trabalho/DS1-projeto-02/public/index.php(37): CodeIgniter\CodeIgniter->run()
#7 /home/aluno/Área de Trabalho/DS1-projeto-02/system/Commands/Server/rewrite.php(43): require_once('/home/aluno/\xC3\x81r...')
#8 {main}
CRITICAL - 2022-04-29 13:15:43 --> Invalid file: items-insert.php
#0 /home/aluno/Área de Trabalho/DS1-projeto-02/system/View/View.php(198): CodeIgniter\Exceptions\FrameworkException::forInvalidFile('items-insert.ph...')
#1 /home/aluno/Área de Trabalho/DS1-projeto-02/system/Common.php(1089): CodeIgniter\View\View->render('items-insert', Array, true)
#2 /home/aluno/Área de Trabalho/DS1-projeto-02/app/Controllers/ItemController.php(24): view('items-insert')
#3 /home/aluno/Área de Trabalho/DS1-projeto-02/system/CodeIgniter.php(832): App\Controllers\ItemController->InsertView()
#4 /home/aluno/Área de Trabalho/DS1-projeto-02/system/CodeIgniter.php(419): CodeIgniter\CodeIgniter->runController(Object(App\Controllers\ItemController))
#5 /home/aluno/Área de Trabalho/DS1-projeto-02/system/CodeIgniter.php(326): CodeIgniter\CodeIgniter->handleRequest(NULL, Object(Config\Cache), false)
#6 /home/aluno/Área de Trabalho/DS1-projeto-02/public/index.php(37): CodeIgniter\CodeIgniter->run()
#7 /home/aluno/Área de Trabalho/DS1-projeto-02/system/Commands/Server/rewrite.php(43): require_once('/home/aluno/\xC3\x81r...')
#8 {main}
CRITICAL - 2022-04-29 13:15:43 --> Invalid file: items-insert.php
#0 /home/aluno/Área de Trabalho/DS1-projeto-02/system/View/View.php(198): CodeIgniter\Exceptions\FrameworkException::forInvalidFile('items-insert.ph...')
#1 /home/aluno/Área de Trabalho/DS1-projeto-02/system/Common.php(1089): CodeIgniter\View\View->render('items-insert', Array, true)
#2 /home/aluno/Área de Trabalho/DS1-projeto-02/app/Controllers/ItemController.php(24): view('items-insert')
#3 /home/aluno/Área de Trabalho/DS1-projeto-02/system/CodeIgniter.php(832): App\Controllers\ItemController->InsertView()
#4 /home/aluno/Área de Trabalho/DS1-projeto-02/system/CodeIgniter.php(419): CodeIgniter\CodeIgniter->runController(Object(App\Controllers\ItemController))
#5 /home/aluno/Área de Trabalho/DS1-projeto-02/system/CodeIgniter.php(326): CodeIgniter\CodeIgniter->handleRequest(NULL, Object(Config\Cache), false)
#6 /home/aluno/Área de Trabalho/DS1-projeto-02/public/index.php(37): CodeIgniter\CodeIgniter->run()
#7 /home/aluno/Área de Trabalho/DS1-projeto-02/system/Commands/Server/rewrite.php(43): require_once('/home/aluno/\xC3\x81r...')
#8 {main}
CRITICAL - 2022-04-29 13:15:44 --> Invalid file: items-insert.php
#0 /home/aluno/Área de Trabalho/DS1-projeto-02/system/View/View.php(198): CodeIgniter\Exceptions\FrameworkException::forInvalidFile('items-insert.ph...')
#1 /home/aluno/Área de Trabalho/DS1-projeto-02/system/Common.php(1089): CodeIgniter\View\View->render('items-insert', Array, true)
#2 /home/aluno/Área de Trabalho/DS1-projeto-02/app/Controllers/ItemController.php(24): view('items-insert')
#3 /home/aluno/Área de Trabalho/DS1-projeto-02/system/CodeIgniter.php(832): App\Controllers\ItemController->InsertView()
#4 /home/aluno/Área de Trabalho/DS1-projeto-02/system/CodeIgniter.php(419): CodeIgniter\CodeIgniter->runController(Object(App\Controllers\ItemController))
#5 /home/aluno/Área de Trabalho/DS1-projeto-02/system/CodeIgniter.php(326): CodeIgniter\CodeIgniter->handleRequest(NULL, Object(Config\Cache), false)
#6 /home/aluno/Área de Trabalho/DS1-projeto-02/public/index.php(37): CodeIgniter\CodeIgniter->run()
#7 /home/aluno/Área de Trabalho/DS1-projeto-02/system/Commands/Server/rewrite.php(43): require_once('/home/aluno/\xC3\x81r...')
#8 {main}
CRITICAL - 2022-04-29 13:15:44 --> Invalid file: items-insert.php
#0 /home/aluno/Área de Trabalho/DS1-projeto-02/system/View/View.php(198): CodeIgniter\Exceptions\FrameworkException::forInvalidFile('items-insert.ph...')
#1 /home/aluno/Área de Trabalho/DS1-projeto-02/system/Common.php(1089): CodeIgniter\View\View->render('items-insert', Array, true)
#2 /home/aluno/Área de Trabalho/DS1-projeto-02/app/Controllers/ItemController.php(24): view('items-insert')
#3 /home/aluno/Área de Trabalho/DS1-projeto-02/system/CodeIgniter.php(832): App\Controllers\ItemController->InsertView()
#4 /home/aluno/Área de Trabalho/DS1-projeto-02/system/CodeIgniter.php(419): CodeIgniter\CodeIgniter->runController(Object(App\Controllers\ItemController))
#5 /home/aluno/Área de Trabalho/DS1-projeto-02/system/CodeIgniter.php(326): CodeIgniter\CodeIgniter->handleRequest(NULL, Object(Config\Cache), false)
#6 /home/aluno/Área de Trabalho/DS1-projeto-02/public/index.php(37): CodeIgniter\CodeIgniter->run()
#7 /home/aluno/Área de Trabalho/DS1-projeto-02/system/Commands/Server/rewrite.php(43): require_once('/home/aluno/\xC3\x81r...')
#8 {main}
CRITICAL - 2022-04-29 13:15:44 --> Invalid file: items-insert.php
#0 /home/aluno/Área de Trabalho/DS1-projeto-02/system/View/View.php(198): CodeIgniter\Exceptions\FrameworkException::forInvalidFile('items-insert.ph...')
#1 /home/aluno/Área de Trabalho/DS1-projeto-02/system/Common.php(1089): CodeIgniter\View\View->render('items-insert', Array, true)
#2 /home/aluno/Área de Trabalho/DS1-projeto-02/app/Controllers/ItemController.php(24): view('items-insert')
#3 /home/aluno/Área de Trabalho/DS1-projeto-02/system/CodeIgniter.php(832): App\Controllers\ItemController->InsertView()
#4 /home/aluno/Área de Trabalho/DS1-projeto-02/system/CodeIgniter.php(419): CodeIgniter\CodeIgniter->runController(Object(App\Controllers\ItemController))
#5 /home/aluno/Área de Trabalho/DS1-projeto-02/system/CodeIgniter.php(326): CodeIgniter\CodeIgniter->handleRequest(NULL, Object(Config\Cache), false)
#6 /home/aluno/Área de Trabalho/DS1-projeto-02/public/index.php(37): CodeIgniter\CodeIgniter->run()
#7 /home/aluno/Área de Trabalho/DS1-projeto-02/system/Commands/Server/rewrite.php(43): require_once('/home/aluno/\xC3\x81r...')
#8 {main}
CRITICAL - 2022-04-29 13:15:44 --> Invalid file: items-insert.php
#0 /home/aluno/Área de Trabalho/DS1-projeto-02/system/View/View.php(198): CodeIgniter\Exceptions\FrameworkException::forInvalidFile('items-insert.ph...')
#1 /home/aluno/Área de Trabalho/DS1-projeto-02/system/Common.php(1089): CodeIgniter\View\View->render('items-insert', Array, true)
#2 /home/aluno/Área de Trabalho/DS1-projeto-02/app/Controllers/ItemController.php(24): view('items-insert')
#3 /home/aluno/Área de Trabalho/DS1-projeto-02/system/CodeIgniter.php(832): App\Controllers\ItemController->InsertView()
#4 /home/aluno/Área de Trabalho/DS1-projeto-02/system/CodeIgniter.php(419): CodeIgniter\CodeIgniter->runController(Object(App\Controllers\ItemController))
#5 /home/aluno/Área de Trabalho/DS1-projeto-02/system/CodeIgniter.php(326): CodeIgniter\CodeIgniter->handleRequest(NULL, Object(Config\Cache), false)
#6 /home/aluno/Área de Trabalho/DS1-projeto-02/public/index.php(37): CodeIgniter\CodeIgniter->run()
#7 /home/aluno/Área de Trabalho/DS1-projeto-02/system/Commands/Server/rewrite.php(43): require_once('/home/aluno/\xC3\x81r...')
#8 {main}
CRITICAL - 2022-04-29 13:16:28 --> Invalid file: items-insert.php
#0 /home/aluno/Área de Trabalho/DS1-projeto-02/system/View/View.php(198): CodeIgniter\Exceptions\FrameworkException::forInvalidFile('items-insert.ph...')
#1 /home/aluno/Área de Trabalho/DS1-projeto-02/system/Common.php(1089): CodeIgniter\View\View->render('items-insert', Array, true)
#2 /home/aluno/Área de Trabalho/DS1-projeto-02/app/Controllers/ItemController.php(24): view('items-insert', Array)
#3 /home/aluno/Área de Trabalho/DS1-projeto-02/system/CodeIgniter.php(832): App\Controllers\ItemController->InsertView()
#4 /home/aluno/Área de Trabalho/DS1-projeto-02/system/CodeIgniter.php(419): CodeIgniter\CodeIgniter->runController(Object(App\Controllers\ItemController))
#5 /home/aluno/Área de Trabalho/DS1-projeto-02/system/CodeIgniter.php(326): CodeIgniter\CodeIgniter->handleRequest(NULL, Object(Config\Cache), false)
#6 /home/aluno/Área de Trabalho/DS1-projeto-02/public/index.php(37): CodeIgniter\CodeIgniter->run()
#7 /home/aluno/Área de Trabalho/DS1-projeto-02/system/Commands/Server/rewrite.php(43): require_once('/home/aluno/\xC3\x81r...')
#8 {main}
CRITICAL - 2022-04-29 13:16:28 --> Invalid file: items-insert.php
#0 /home/aluno/Área de Trabalho/DS1-projeto-02/system/View/View.php(198): CodeIgniter\Exceptions\FrameworkException::forInvalidFile('items-insert.ph...')
#1 /home/aluno/Área de Trabalho/DS1-projeto-02/system/Common.php(1089): CodeIgniter\View\View->render('items-insert', Array, true)
#2 /home/aluno/Área de Trabalho/DS1-projeto-02/app/Controllers/ItemController.php(24): view('items-insert', Array)
#3 /home/aluno/Área de Trabalho/DS1-projeto-02/system/CodeIgniter.php(832): App\Controllers\ItemController->InsertView()
#4 /home/aluno/Área de Trabalho/DS1-projeto-02/system/CodeIgniter.php(419): CodeIgniter\CodeIgniter->runController(Object(App\Controllers\ItemController))
#5 /home/aluno/Área de Trabalho/DS1-projeto-02/system/CodeIgniter.php(326): CodeIgniter\CodeIgniter->handleRequest(NULL, Object(Config\Cache), false)
#6 /home/aluno/Área de Trabalho/DS1-projeto-02/public/index.php(37): CodeIgniter\CodeIgniter->run()
#7 /home/aluno/Área de Trabalho/DS1-projeto-02/system/Commands/Server/rewrite.php(43): require_once('/home/aluno/\xC3\x81r...')
#8 {main}
CRITICAL - 2022-04-29 13:16:28 --> Invalid file: items-insert.php
#0 /home/aluno/Área de Trabalho/DS1-projeto-02/system/View/View.php(198): CodeIgniter\Exceptions\FrameworkException::forInvalidFile('items-insert.ph...')
#1 /home/aluno/Área de Trabalho/DS1-projeto-02/system/Common.php(1089): CodeIgniter\View\View->render('items-insert', Array, true)
#2 /home/aluno/Área de Trabalho/DS1-projeto-02/app/Controllers/ItemController.php(24): view('items-insert', Array)
#3 /home/aluno/Área de Trabalho/DS1-projeto-02/system/CodeIgniter.php(832): App\Controllers\ItemController->InsertView()
#4 /home/aluno/Área de Trabalho/DS1-projeto-02/system/CodeIgniter.php(419): CodeIgniter\CodeIgniter->runController(Object(App\Controllers\ItemController))
#5 /home/aluno/Área de Trabalho/DS1-projeto-02/system/CodeIgniter.php(326): CodeIgniter\CodeIgniter->handleRequest(NULL, Object(Config\Cache), false)
#6 /home/aluno/Área de Trabalho/DS1-projeto-02/public/index.php(37): CodeIgniter\CodeIgniter->run()
#7 /home/aluno/Área de Trabalho/DS1-projeto-02/system/Commands/Server/rewrite.php(43): require_once('/home/aluno/\xC3\x81r...')
#8 {main}
CRITICAL - 2022-04-29 13:16:29 --> Invalid file: items-insert.php
#0 /home/aluno/Área de Trabalho/DS1-projeto-02/system/View/View.php(198): CodeIgniter\Exceptions\FrameworkException::forInvalidFile('items-insert.ph...')
#1 /home/aluno/Área de Trabalho/DS1-projeto-02/system/Common.php(1089): CodeIgniter\View\View->render('items-insert', Array, true)
#2 /home/aluno/Área de Trabalho/DS1-projeto-02/app/Controllers/ItemController.php(24): view('items-insert', Array)
#3 /home/aluno/Área de Trabalho/DS1-projeto-02/system/CodeIgniter.php(832): App\Controllers\ItemController->InsertView()
#4 /home/aluno/Área de Trabalho/DS1-projeto-02/system/CodeIgniter.php(419): CodeIgniter\CodeIgniter->runController(Object(App\Controllers\ItemController))
#5 /home/aluno/Área de Trabalho/DS1-projeto-02/system/CodeIgniter.php(326): CodeIgniter\CodeIgniter->handleRequest(NULL, Object(Config\Cache), false)
#6 /home/aluno/Área de Trabalho/DS1-projeto-02/public/index.php(37): CodeIgniter\CodeIgniter->run()
#7 /home/aluno/Área de Trabalho/DS1-projeto-02/system/Commands/Server/rewrite.php(43): require_once('/home/aluno/\xC3\x81r...')
#8 {main}
CRITICAL - 2022-04-29 13:16:29 --> Invalid file: items-insert.php
#0 /home/aluno/Área de Trabalho/DS1-projeto-02/system/View/View.php(198): CodeIgniter\Exceptions\FrameworkException::forInvalidFile('items-insert.ph...')
#1 /home/aluno/Área de Trabalho/DS1-projeto-02/system/Common.php(1089): CodeIgniter\View\View->render('items-insert', Array, true)
#2 /home/aluno/Área de Trabalho/DS1-projeto-02/app/Controllers/ItemController.php(24): view('items-insert', Array)
#3 /home/aluno/Área de Trabalho/DS1-projeto-02/system/CodeIgniter.php(832): App\Controllers\ItemController->InsertView()
#4 /home/aluno/Área de Trabalho/DS1-projeto-02/system/CodeIgniter.php(419): CodeIgniter\CodeIgniter->runController(Object(App\Controllers\ItemController))
#5 /home/aluno/Área de Trabalho/DS1-projeto-02/system/CodeIgniter.php(326): CodeIgniter\CodeIgniter->handleRequest(NULL, Object(Config\Cache), false)
#6 /home/aluno/Área de Trabalho/DS1-projeto-02/public/index.php(37): CodeIgniter\CodeIgniter->run()
#7 /home/aluno/Área de Trabalho/DS1-projeto-02/system/Commands/Server/rewrite.php(43): require_once('/home/aluno/\xC3\x81r...')
#8 {main}
CRITICAL - 2022-04-29 13:16:29 --> Invalid file: items-insert.php
#0 /home/aluno/Área de Trabalho/DS1-projeto-02/system/View/View.php(198): CodeIgniter\Exceptions\FrameworkException::forInvalidFile('items-insert.ph...')
#1 /home/aluno/Área de Trabalho/DS1-projeto-02/system/Common.php(1089): CodeIgniter\View\View->render('items-insert', Array, true)
#2 /home/aluno/Área de Trabalho/DS1-projeto-02/app/Controllers/ItemController.php(24): view('items-insert', Array)
#3 /home/aluno/Área de Trabalho/DS1-projeto-02/system/CodeIgniter.php(832): App\Controllers\ItemController->InsertView()
#4 /home/aluno/Área de Trabalho/DS1-projeto-02/system/CodeIgniter.php(419): CodeIgniter\CodeIgniter->runController(Object(App\Controllers\ItemController))
#5 /home/aluno/Área de Trabalho/DS1-projeto-02/system/CodeIgniter.php(326): CodeIgniter\CodeIgniter->handleRequest(NULL, Object(Config\Cache), false)
#6 /home/aluno/Área de Trabalho/DS1-projeto-02/public/index.php(37): CodeIgniter\CodeIgniter->run()
#7 /home/aluno/Área de Trabalho/DS1-projeto-02/system/Commands/Server/rewrite.php(43): require_once('/home/aluno/\xC3\x81r...')
#8 {main}
CRITICAL - 2022-04-29 13:16:29 --> Invalid file: items-insert.php
#0 /home/aluno/Área de Trabalho/DS1-projeto-02/system/View/View.php(198): CodeIgniter\Exceptions\FrameworkException::forInvalidFile('items-insert.ph...')
#1 /home/aluno/Área de Trabalho/DS1-projeto-02/system/Common.php(1089): CodeIgniter\View\View->render('items-insert', Array, true)
#2 /home/aluno/Área de Trabalho/DS1-projeto-02/app/Controllers/ItemController.php(24): view('items-insert', Array)
#3 /home/aluno/Área de Trabalho/DS1-projeto-02/system/CodeIgniter.php(832): App\Controllers\ItemController->InsertView()
#4 /home/aluno/Área de Trabalho/DS1-projeto-02/system/CodeIgniter.php(419): CodeIgniter\CodeIgniter->runController(Object(App\Controllers\ItemController))
#5 /home/aluno/Área de Trabalho/DS1-projeto-02/system/CodeIgniter.php(326): CodeIgniter\CodeIgniter->handleRequest(NULL, Object(Config\Cache), false)
#6 /home/aluno/Área de Trabalho/DS1-projeto-02/public/index.php(37): CodeIgniter\CodeIgniter->run()
#7 /home/aluno/Área de Trabalho/DS1-projeto-02/system/Commands/Server/rewrite.php(43): require_once('/home/aluno/\xC3\x81r...')
#8 {main}
CRITICAL - 2022-04-29 13:17:27 --> Invalid file: items-insert.php
#0 /home/aluno/Área de Trabalho/DS1-projeto-02/system/View/View.php(198): CodeIgniter\Exceptions\FrameworkException::forInvalidFile('items-insert.ph...')
#1 /home/aluno/Área de Trabalho/DS1-projeto-02/system/Common.php(1089): CodeIgniter\View\View->render('items-insert', Array, true)
#2 /home/aluno/Área de Trabalho/DS1-projeto-02/app/Controllers/ItemController.php(23): view('items-insert', Array)
#3 /home/aluno/Área de Trabalho/DS1-projeto-02/system/CodeIgniter.php(832): App\Controllers\ItemController->InsertView()
#4 /home/aluno/Área de Trabalho/DS1-projeto-02/system/CodeIgniter.php(419): CodeIgniter\CodeIgniter->runController(Object(App\Controllers\ItemController))
#5 /home/aluno/Área de Trabalho/DS1-projeto-02/system/CodeIgniter.php(326): CodeIgniter\CodeIgniter->handleRequest(NULL, Object(Config\Cache), false)
#6 /home/aluno/Área de Trabalho/DS1-projeto-02/public/index.php(37): CodeIgniter\CodeIgniter->run()
#7 /home/aluno/Área de Trabalho/DS1-projeto-02/system/Commands/Server/rewrite.php(43): require_once('/home/aluno/\xC3\x81r...')
#8 {main}
CRITICAL - 2022-04-29 13:17:28 --> Invalid file: items-insert.php
#0 /home/aluno/Área de Trabalho/DS1-projeto-02/system/View/View.php(198): CodeIgniter\Exceptions\FrameworkException::forInvalidFile('items-insert.ph...')
#1 /home/aluno/Área de Trabalho/DS1-projeto-02/system/Common.php(1089): CodeIgniter\View\View->render('items-insert', Array, true)
#2 /home/aluno/Área de Trabalho/DS1-projeto-02/app/Controllers/ItemController.php(23): view('items-insert', Array)
#3 /home/aluno/Área de Trabalho/DS1-projeto-02/system/CodeIgniter.php(832): App\Controllers\ItemController->InsertView()
#4 /home/aluno/Área de Trabalho/DS1-projeto-02/system/CodeIgniter.php(419): CodeIgniter\CodeIgniter->runController(Object(App\Controllers\ItemController))
#5 /home/aluno/Área de Trabalho/DS1-projeto-02/system/CodeIgniter.php(326): CodeIgniter\CodeIgniter->handleRequest(NULL, Object(Config\Cache), false)
#6 /home/aluno/Área de Trabalho/DS1-projeto-02/public/index.php(37): CodeIgniter\CodeIgniter->run()
#7 /home/aluno/Área de Trabalho/DS1-projeto-02/system/Commands/Server/rewrite.php(43): require_once('/home/aluno/\xC3\x81r...')
#8 {main}
CRITICAL - 2022-04-29 13:17:28 --> Invalid file: items-insert.php
#0 /home/aluno/Área de Trabalho/DS1-projeto-02/system/View/View.php(198): CodeIgniter\Exceptions\FrameworkException::forInvalidFile('items-insert.ph...')
#1 /home/aluno/Área de Trabalho/DS1-projeto-02/system/Common.php(1089): CodeIgniter\View\View->render('items-insert', Array, true)
#2 /home/aluno/Área de Trabalho/DS1-projeto-02/app/Controllers/ItemController.php(23): view('items-insert', Array)
#3 /home/aluno/Área de Trabalho/DS1-projeto-02/system/CodeIgniter.php(832): App\Controllers\ItemController->InsertView()
#4 /home/aluno/Área de Trabalho/DS1-projeto-02/system/CodeIgniter.php(419): CodeIgniter\CodeIgniter->runController(Object(App\Controllers\ItemController))
#5 /home/aluno/Área de Trabalho/DS1-projeto-02/system/CodeIgniter.php(326): CodeIgniter\CodeIgniter->handleRequest(NULL, Object(Config\Cache), false)
#6 /home/aluno/Área de Trabalho/DS1-projeto-02/public/index.php(37): CodeIgniter\CodeIgniter->run()
#7 /home/aluno/Área de Trabalho/DS1-projeto-02/system/Commands/Server/rewrite.php(43): require_once('/home/aluno/\xC3\x81r...')
#8 {main}
CRITICAL - 2022-04-29 13:17:28 --> Invalid file: items-insert.php
#0 /home/aluno/Área de Trabalho/DS1-projeto-02/system/View/View.php(198): CodeIgniter\Exceptions\FrameworkException::forInvalidFile('items-insert.ph...')
#1 /home/aluno/Área de Trabalho/DS1-projeto-02/system/Common.php(1089): CodeIgniter\View\View->render('items-insert', Array, true)
#2 /home/aluno/Área de Trabalho/DS1-projeto-02/app/Controllers/ItemController.php(23): view('items-insert', Array)
#3 /home/aluno/Área de Trabalho/DS1-projeto-02/system/CodeIgniter.php(832): App\Controllers\ItemController->InsertView()
#4 /home/aluno/Área de Trabalho/DS1-projeto-02/system/CodeIgniter.php(419): CodeIgniter\CodeIgniter->runController(Object(App\Controllers\ItemController))
#5 /home/aluno/Área de Trabalho/DS1-projeto-02/system/CodeIgniter.php(326): CodeIgniter\CodeIgniter->handleRequest(NULL, Object(Config\Cache), false)
#6 /home/aluno/Área de Trabalho/DS1-projeto-02/public/index.php(37): CodeIgniter\CodeIgniter->run()
#7 /home/aluno/Área de Trabalho/DS1-projeto-02/system/Commands/Server/rewrite.php(43): require_once('/home/aluno/\xC3\x81r...')
#8 {main}
CRITICAL - 2022-04-29 13:17:28 --> Invalid file: items-insert.php
#0 /home/aluno/Área de Trabalho/DS1-projeto-02/system/View/View.php(198): CodeIgniter\Exceptions\FrameworkException::forInvalidFile('items-insert.ph...')
#1 /home/aluno/Área de Trabalho/DS1-projeto-02/system/Common.php(1089): CodeIgniter\View\View->render('items-insert', Array, true)
#2 /home/aluno/Área de Trabalho/DS1-projeto-02/app/Controllers/ItemController.php(23): view('items-insert', Array)
#3 /home/aluno/Área de Trabalho/DS1-projeto-02/system/CodeIgniter.php(832): App\Controllers\ItemController->InsertView()
#4 /home/aluno/Área de Trabalho/DS1-projeto-02/system/CodeIgniter.php(419): CodeIgniter\CodeIgniter->runController(Object(App\Controllers\ItemController))
#5 /home/aluno/Área de Trabalho/DS1-projeto-02/system/CodeIgniter.php(326): CodeIgniter\CodeIgniter->handleRequest(NULL, Object(Config\Cache), false)
#6 /home/aluno/Área de Trabalho/DS1-projeto-02/public/index.php(37): CodeIgniter\CodeIgniter->run()
#7 /home/aluno/Área de Trabalho/DS1-projeto-02/system/Commands/Server/rewrite.php(43): require_once('/home/aluno/\xC3\x81r...')
#8 {main}
CRITICAL - 2022-04-29 13:17:29 --> Invalid file: items-insert.php
#0 /home/aluno/Área de Trabalho/DS1-projeto-02/system/View/View.php(198): CodeIgniter\Exceptions\FrameworkException::forInvalidFile('items-insert.ph...')
#1 /home/aluno/Área de Trabalho/DS1-projeto-02/system/Common.php(1089): CodeIgniter\View\View->render('items-insert', Array, true)
#2 /home/aluno/Área de Trabalho/DS1-projeto-02/app/Controllers/ItemController.php(23): view('items-insert', Array)
#3 /home/aluno/Área de Trabalho/DS1-projeto-02/system/CodeIgniter.php(832): App\Controllers\ItemController->InsertView()
#4 /home/aluno/Área de Trabalho/DS1-projeto-02/system/CodeIgniter.php(419): CodeIgniter\CodeIgniter->runController(Object(App\Controllers\ItemController))
#5 /home/aluno/Área de Trabalho/DS1-projeto-02/system/CodeIgniter.php(326): CodeIgniter\CodeIgniter->handleRequest(NULL, Object(Config\Cache), false)
#6 /home/aluno/Área de Trabalho/DS1-projeto-02/public/index.php(37): CodeIgniter\CodeIgniter->run()
#7 /home/aluno/Área de Trabalho/DS1-projeto-02/system/Commands/Server/rewrite.php(43): require_once('/home/aluno/\xC3\x81r...')
#8 {main}
CRITICAL - 2022-04-29 13:17:29 --> Invalid file: items-insert.php
#0 /home/aluno/Área de Trabalho/DS1-projeto-02/system/View/View.php(198): CodeIgniter\Exceptions\FrameworkException::forInvalidFile('items-insert.ph...')
#1 /home/aluno/Área de Trabalho/DS1-projeto-02/system/Common.php(1089): CodeIgniter\View\View->render('items-insert', Array, true)
#2 /home/aluno/Área de Trabalho/DS1-projeto-02/app/Controllers/ItemController.php(23): view('items-insert', Array)
#3 /home/aluno/Área de Trabalho/DS1-projeto-02/system/CodeIgniter.php(832): App\Controllers\ItemController->InsertView()
#4 /home/aluno/Área de Trabalho/DS1-projeto-02/system/CodeIgniter.php(419): CodeIgniter\CodeIgniter->runController(Object(App\Controllers\ItemController))
#5 /home/aluno/Área de Trabalho/DS1-projeto-02/system/CodeIgniter.php(326): CodeIgniter\CodeIgniter->handleRequest(NULL, Object(Config\Cache), false)
#6 /home/aluno/Área de Trabalho/DS1-projeto-02/public/index.php(37): CodeIgniter\CodeIgniter->run()
#7 /home/aluno/Área de Trabalho/DS1-projeto-02/system/Commands/Server/rewrite.php(43): require_once('/home/aluno/\xC3\x81r...')
#8 {main}
CRITICAL - 2022-04-29 13:17:41 --> Invalid file: items-insert.php
#0 /home/aluno/Área de Trabalho/DS1-projeto-02/system/View/View.php(198): CodeIgniter\Exceptions\FrameworkException::forInvalidFile('items-insert.ph...')
#1 /home/aluno/Área de Trabalho/DS1-projeto-02/system/Common.php(1089): CodeIgniter\View\View->render('items-insert', Array, true)
#2 /home/aluno/Área de Trabalho/DS1-projeto-02/app/Controllers/ItemController.php(23): view('items-insert', Array)
#3 /home/aluno/Área de Trabalho/DS1-projeto-02/system/CodeIgniter.php(832): App\Controllers\ItemController->InsertView()
#4 /home/aluno/Área de Trabalho/DS1-projeto-02/system/CodeIgniter.php(419): CodeIgniter\CodeIgniter->runController(Object(App\Controllers\ItemController))
#5 /home/aluno/Área de Trabalho/DS1-projeto-02/system/CodeIgniter.php(326): CodeIgniter\CodeIgniter->handleRequest(NULL, Object(Config\Cache), false)
#6 /home/aluno/Área de Trabalho/DS1-projeto-02/public/index.php(37): CodeIgniter\CodeIgniter->run()
#7 /home/aluno/Área de Trabalho/DS1-projeto-02/system/Commands/Server/rewrite.php(43): require_once('/home/aluno/\xC3\x81r...')
#8 {main}
CRITICAL - 2022-04-29 13:17:41 --> Invalid file: items-insert.php
#0 /home/aluno/Área de Trabalho/DS1-projeto-02/system/View/View.php(198): CodeIgniter\Exceptions\FrameworkException::forInvalidFile('items-insert.ph...')
#1 /home/aluno/Área de Trabalho/DS1-projeto-02/system/Common.php(1089): CodeIgniter\View\View->render('items-insert', Array, true)
#2 /home/aluno/Área de Trabalho/DS1-projeto-02/app/Controllers/ItemController.php(23): view('items-insert', Array)
#3 /home/aluno/Área de Trabalho/DS1-projeto-02/system/CodeIgniter.php(832): App\Controllers\ItemController->InsertView()
#4 /home/aluno/Área de Trabalho/DS1-projeto-02/system/CodeIgniter.php(419): CodeIgniter\CodeIgniter->runController(Object(App\Controllers\ItemController))
#5 /home/aluno/Área de Trabalho/DS1-projeto-02/system/CodeIgniter.php(326): CodeIgniter\CodeIgniter->handleRequest(NULL, Object(Config\Cache), false)
#6 /home/aluno/Área de Trabalho/DS1-projeto-02/public/index.php(37): CodeIgniter\CodeIgniter->run()
#7 /home/aluno/Área de Trabalho/DS1-projeto-02/system/Commands/Server/rewrite.php(43): require_once('/home/aluno/\xC3\x81r...')
#8 {main}
CRITICAL - 2022-04-29 13:17:41 --> Invalid file: items-insert.php
#0 /home/aluno/Área de Trabalho/DS1-projeto-02/system/View/View.php(198): CodeIgniter\Exceptions\FrameworkException::forInvalidFile('items-insert.ph...')
#1 /home/aluno/Área de Trabalho/DS1-projeto-02/system/Common.php(1089): CodeIgniter\View\View->render('items-insert', Array, true)
#2 /home/aluno/Área de Trabalho/DS1-projeto-02/app/Controllers/ItemController.php(23): view('items-insert', Array)
#3 /home/aluno/Área de Trabalho/DS1-projeto-02/system/CodeIgniter.php(832): App\Controllers\ItemController->InsertView()
#4 /home/aluno/Área de Trabalho/DS1-projeto-02/system/CodeIgniter.php(419): CodeIgniter\CodeIgniter->runController(Object(App\Controllers\ItemController))
#5 /home/aluno/Área de Trabalho/DS1-projeto-02/system/CodeIgniter.php(326): CodeIgniter\CodeIgniter->handleRequest(NULL, Object(Config\Cache), false)
#6 /home/aluno/Área de Trabalho/DS1-projeto-02/public/index.php(37): CodeIgniter\CodeIgniter->run()
#7 /home/aluno/Área de Trabalho/DS1-projeto-02/system/Commands/Server/rewrite.php(43): require_once('/home/aluno/\xC3\x81r...')
#8 {main}
CRITICAL - 2022-04-29 13:17:42 --> Invalid file: items-insert.php
#0 /home/aluno/Área de Trabalho/DS1-projeto-02/system/View/View.php(198): CodeIgniter\Exceptions\FrameworkException::forInvalidFile('items-insert.ph...')
#1 /home/aluno/Área de Trabalho/DS1-projeto-02/system/Common.php(1089): CodeIgniter\View\View->render('items-insert', Array, true)
#2 /home/aluno/Área de Trabalho/DS1-projeto-02/app/Controllers/ItemController.php(23): view('items-insert', Array)
#3 /home/aluno/Área de Trabalho/DS1-projeto-02/system/CodeIgniter.php(832): App\Controllers\ItemController->InsertView()
#4 /home/aluno/Área de Trabalho/DS1-projeto-02/system/CodeIgniter.php(419): CodeIgniter\CodeIgniter->runController(Object(App\Controllers\ItemController))
#5 /home/aluno/Área de Trabalho/DS1-projeto-02/system/CodeIgniter.php(326): CodeIgniter\CodeIgniter->handleRequest(NULL, Object(Config\Cache), false)
#6 /home/aluno/Área de Trabalho/DS1-projeto-02/public/index.php(37): CodeIgniter\CodeIgniter->run()
#7 /home/aluno/Área de Trabalho/DS1-projeto-02/system/Commands/Server/rewrite.php(43): require_once('/home/aluno/\xC3\x81r...')
#8 {main}
CRITICAL - 2022-04-29 13:17:42 --> Invalid file: items-insert.php
#0 /home/aluno/Área de Trabalho/DS1-projeto-02/system/View/View.php(198): CodeIgniter\Exceptions\FrameworkException::forInvalidFile('items-insert.ph...')
#1 /home/aluno/Área de Trabalho/DS1-projeto-02/system/Common.php(1089): CodeIgniter\View\View->render('items-insert', Array, true)
#2 /home/aluno/Área de Trabalho/DS1-projeto-02/app/Controllers/ItemController.php(23): view('items-insert', Array)
#3 /home/aluno/Área de Trabalho/DS1-projeto-02/system/CodeIgniter.php(832): App\Controllers\ItemController->InsertView()
#4 /home/aluno/Área de Trabalho/DS1-projeto-02/system/CodeIgniter.php(419): CodeIgniter\CodeIgniter->runController(Object(App\Controllers\ItemController))
#5 /home/aluno/Área de Trabalho/DS1-projeto-02/system/CodeIgniter.php(326): CodeIgniter\CodeIgniter->handleRequest(NULL, Object(Config\Cache), false)
#6 /home/aluno/Área de Trabalho/DS1-projeto-02/public/index.php(37): CodeIgniter\CodeIgniter->run()
#7 /home/aluno/Área de Trabalho/DS1-projeto-02/system/Commands/Server/rewrite.php(43): require_once('/home/aluno/\xC3\x81r...')
#8 {main}
CRITICAL - 2022-04-29 13:17:47 --> Invalid file: itens-insert.php
#0 /home/aluno/Área de Trabalho/DS1-projeto-02/system/View/View.php(198): CodeIgniter\Exceptions\FrameworkException::forInvalidFile('itens-insert.ph...')
#1 /home/aluno/Área de Trabalho/DS1-projeto-02/system/Common.php(1089): CodeIgniter\View\View->render('itens-insert', Array, true)
#2 /home/aluno/Área de Trabalho/DS1-projeto-02/app/Controllers/ItemController.php(23): view('itens-insert', Array)
#3 /home/aluno/Área de Trabalho/DS1-projeto-02/system/CodeIgniter.php(832): App\Controllers\ItemController->InsertView()
#4 /home/aluno/Área de Trabalho/DS1-projeto-02/system/CodeIgniter.php(419): CodeIgniter\CodeIgniter->runController(Object(App\Controllers\ItemController))
#5 /home/aluno/Área de Trabalho/DS1-projeto-02/system/CodeIgniter.php(326): CodeIgniter\CodeIgniter->handleRequest(NULL, Object(Config\Cache), false)
#6 /home/aluno/Área de Trabalho/DS1-projeto-02/public/index.php(37): CodeIgniter\CodeIgniter->run()
#7 /home/aluno/Área de Trabalho/DS1-projeto-02/system/Commands/Server/rewrite.php(43): require_once('/home/aluno/\xC3\x81r...')
#8 {main}
CRITICAL - 2022-04-29 13:17:47 --> Invalid file: itens-insert.php
#0 /home/aluno/Área de Trabalho/DS1-projeto-02/system/View/View.php(198): CodeIgniter\Exceptions\FrameworkException::forInvalidFile('itens-insert.ph...')
#1 /home/aluno/Área de Trabalho/DS1-projeto-02/system/Common.php(1089): CodeIgniter\View\View->render('itens-insert', Array, true)
#2 /home/aluno/Área de Trabalho/DS1-projeto-02/app/Controllers/ItemController.php(23): view('itens-insert', Array)
#3 /home/aluno/Área de Trabalho/DS1-projeto-02/system/CodeIgniter.php(832): App\Controllers\ItemController->InsertView()
#4 /home/aluno/Área de Trabalho/DS1-projeto-02/system/CodeIgniter.php(419): CodeIgniter\CodeIgniter->runController(Object(App\Controllers\ItemController))
#5 /home/aluno/Área de Trabalho/DS1-projeto-02/system/CodeIgniter.php(326): CodeIgniter\CodeIgniter->handleRequest(NULL, Object(Config\Cache), false)
#6 /home/aluno/Área de Trabalho/DS1-projeto-02/public/index.php(37): CodeIgniter\CodeIgniter->run()
#7 /home/aluno/Área de Trabalho/DS1-projeto-02/system/Commands/Server/rewrite.php(43): require_once('/home/aluno/\xC3\x81r...')
#8 {main}
CRITICAL - 2022-04-29 13:17:47 --> Invalid file: itens-insert.php
#0 /home/aluno/Área de Trabalho/DS1-projeto-02/system/View/View.php(198): CodeIgniter\Exceptions\FrameworkException::forInvalidFile('itens-insert.ph...')
#1 /home/aluno/Área de Trabalho/DS1-projeto-02/system/Common.php(1089): CodeIgniter\View\View->render('itens-insert', Array, true)
#2 /home/aluno/Área de Trabalho/DS1-projeto-02/app/Controllers/ItemController.php(23): view('itens-insert', Array)
#3 /home/aluno/Área de Trabalho/DS1-projeto-02/system/CodeIgniter.php(832): App\Controllers\ItemController->InsertView()
#4 /home/aluno/Área de Trabalho/DS1-projeto-02/system/CodeIgniter.php(419): CodeIgniter\CodeIgniter->runController(Object(App\Controllers\ItemController))
#5 /home/aluno/Área de Trabalho/DS1-projeto-02/system/CodeIgniter.php(326): CodeIgniter\CodeIgniter->handleRequest(NULL, Object(Config\Cache), false)
#6 /home/aluno/Área de Trabalho/DS1-projeto-02/public/index.php(37): CodeIgniter\CodeIgniter->run()
#7 /home/aluno/Área de Trabalho/DS1-projeto-02/system/Commands/Server/rewrite.php(43): require_once('/home/aluno/\xC3\x81r...')
#8 {main}
CRITICAL - 2022-04-29 13:17:47 --> Invalid file: itens-insert.php
#0 /home/aluno/Área de Trabalho/DS1-projeto-02/system/View/View.php(198): CodeIgniter\Exceptions\FrameworkException::forInvalidFile('itens-insert.ph...')
#1 /home/aluno/Área de Trabalho/DS1-projeto-02/system/Common.php(1089): CodeIgniter\View\View->render('itens-insert', Array, true)
#2 /home/aluno/Área de Trabalho/DS1-projeto-02/app/Controllers/ItemController.php(23): view('itens-insert', Array)
#3 /home/aluno/Área de Trabalho/DS1-projeto-02/system/CodeIgniter.php(832): App\Controllers\ItemController->InsertView()
#4 /home/aluno/Área de Trabalho/DS1-projeto-02/system/CodeIgniter.php(419): CodeIgniter\CodeIgniter->runController(Object(App\Controllers\ItemController))
#5 /home/aluno/Área de Trabalho/DS1-projeto-02/system/CodeIgniter.php(326): CodeIgniter\CodeIgniter->handleRequest(NULL, Object(Config\Cache), false)
#6 /home/aluno/Área de Trabalho/DS1-projeto-02/public/index.php(37): CodeIgniter\CodeIgniter->run()
#7 /home/aluno/Área de Trabalho/DS1-projeto-02/system/Commands/Server/rewrite.php(43): require_once('/home/aluno/\xC3\x81r...')
#8 {main}
CRITICAL - 2022-04-29 13:17:47 --> Invalid file: itens-insert.php
#0 /home/aluno/Área de Trabalho/DS1-projeto-02/system/View/View.php(198): CodeIgniter\Exceptions\FrameworkException::forInvalidFile('itens-insert.ph...')
#1 /home/aluno/Área de Trabalho/DS1-projeto-02/system/Common.php(1089): CodeIgniter\View\View->render('itens-insert', Array, true)
#2 /home/aluno/Área de Trabalho/DS1-projeto-02/app/Controllers/ItemController.php(23): view('itens-insert', Array)
#3 /home/aluno/Área de Trabalho/DS1-projeto-02/system/CodeIgniter.php(832): App\Controllers\ItemController->InsertView()
#4 /home/aluno/Área de Trabalho/DS1-projeto-02/system/CodeIgniter.php(419): CodeIgniter\CodeIgniter->runController(Object(App\Controllers\ItemController))
#5 /home/aluno/Área de Trabalho/DS1-projeto-02/system/CodeIgniter.php(326): CodeIgniter\CodeIgniter->handleRequest(NULL, Object(Config\Cache), false)
#6 /home/aluno/Área de Trabalho/DS1-projeto-02/public/index.php(37): CodeIgniter\CodeIgniter->run()
#7 /home/aluno/Área de Trabalho/DS1-projeto-02/system/Commands/Server/rewrite.php(43): require_once('/home/aluno/\xC3\x81r...')
#8 {main}
