ERROR - 2022-05-14 16:13:14 --> Error connecting to the database: Nenhuma conexão pôde ser feita porque a máquina de destino as recusou ativamente.

CRITICAL - 2022-05-14 16:13:14 --> Unable to connect to the database.
Main connection [MySQLi]: Nenhuma conexão pôde ser feita porque a máquina de destino as recusou ativamente.

#0 C:\INFO\IFRS\DS1-projeto-02\system\Database\BaseConnection.php(577): CodeIgniter\Database\BaseConnection->initialize()
#1 C:\INFO\IFRS\DS1-projeto-02\system\Database\BaseBuilder.php(1455): CodeIgniter\Database\BaseConnection->query('SELECT *\nFROM `...', Array, false)
#2 C:\INFO\IFRS\DS1-projeto-02\system\Model.php(183): CodeIgniter\Database\BaseBuilder->get()
#3 C:\INFO\IFRS\DS1-projeto-02\system\BaseModel.php(584): CodeIgniter\Model->doFindAll(0, 0)
#4 C:\INFO\IFRS\DS1-projeto-02\app\Models\Items.php(18): CodeIgniter\BaseModel->findAll()
#5 C:\INFO\IFRS\DS1-projeto-02\app\Controllers\ItemController.php(77): App\Models\Items->get_Items()
#6 C:\INFO\IFRS\DS1-projeto-02\system\CodeIgniter.php(832): App\Controllers\ItemController->index()
#7 C:\INFO\IFRS\DS1-projeto-02\system\CodeIgniter.php(419): CodeIgniter\CodeIgniter->runController(Object(App\Controllers\ItemController))
#8 C:\INFO\IFRS\DS1-projeto-02\system\CodeIgniter.php(326): CodeIgniter\CodeIgniter->handleRequest(NULL, Object(Config\Cache), false)
#9 C:\INFO\IFRS\DS1-projeto-02\public\index.php(37): CodeIgniter\CodeIgniter->run()
#10 C:\INFO\IFRS\DS1-projeto-02\system\Commands\Server\rewrite.php(43): require_once('C:\\INFO\\IFRS\\DS...')
#11 {main}
CRITICAL - 2022-05-14 16:13:45 --> Undefined variable: data
#0 C:\INFO\IFRS\DS1-projeto-02\app\Views\notafiscal-all.php(45): CodeIgniter\Debug\Exceptions->errorHandler(8, 'Undefined varia...', 'C:\\INFO\\IFRS\\DS...', 45, Array)
#1 C:\INFO\IFRS\DS1-projeto-02\system\View\View.php(210): include('C:\\INFO\\IFRS\\DS...')
#2 C:\INFO\IFRS\DS1-projeto-02\system\View\View.php(213): CodeIgniter\View\View->CodeIgniter\View\{closure}()
#3 C:\INFO\IFRS\DS1-projeto-02\system\Common.php(1089): CodeIgniter\View\View->render('notafiscal-all', Array, true)
#4 C:\INFO\IFRS\DS1-projeto-02\app\Controllers\NotaFiscalController.php(96): view('notafiscal-all', Array)
#5 C:\INFO\IFRS\DS1-projeto-02\system\CodeIgniter.php(832): App\Controllers\NotaFiscalController->notasFiscaisView()
#6 C:\INFO\IFRS\DS1-projeto-02\system\CodeIgniter.php(419): CodeIgniter\CodeIgniter->runController(Object(App\Controllers\NotaFiscalController))
#7 C:\INFO\IFRS\DS1-projeto-02\system\CodeIgniter.php(326): CodeIgniter\CodeIgniter->handleRequest(NULL, Object(Config\Cache), false)
#8 C:\INFO\IFRS\DS1-projeto-02\public\index.php(37): CodeIgniter\CodeIgniter->run()
#9 C:\INFO\IFRS\DS1-projeto-02\system\Commands\Server\rewrite.php(43): require_once('C:\\INFO\\IFRS\\DS...')
#10 {main}
CRITICAL - 2022-05-14 16:13:57 --> Undefined variable: data
#0 C:\INFO\IFRS\DS1-projeto-02\app\Views\notafiscal-all.php(45): CodeIgniter\Debug\Exceptions->errorHandler(8, 'Undefined varia...', 'C:\\INFO\\IFRS\\DS...', 45, Array)
#1 C:\INFO\IFRS\DS1-projeto-02\system\View\View.php(210): include('C:\\INFO\\IFRS\\DS...')
#2 C:\INFO\IFRS\DS1-projeto-02\system\View\View.php(213): CodeIgniter\View\View->CodeIgniter\View\{closure}()
#3 C:\INFO\IFRS\DS1-projeto-02\system\Common.php(1089): CodeIgniter\View\View->render('notafiscal-all', Array, true)
#4 C:\INFO\IFRS\DS1-projeto-02\app\Controllers\NotaFiscalController.php(96): view('notafiscal-all', Array)
#5 C:\INFO\IFRS\DS1-projeto-02\system\CodeIgniter.php(832): App\Controllers\NotaFiscalController->notasFiscaisView()
#6 C:\INFO\IFRS\DS1-projeto-02\system\CodeIgniter.php(419): CodeIgniter\CodeIgniter->runController(Object(App\Controllers\NotaFiscalController))
#7 C:\INFO\IFRS\DS1-projeto-02\system\CodeIgniter.php(326): CodeIgniter\CodeIgniter->handleRequest(NULL, Object(Config\Cache), false)
#8 C:\INFO\IFRS\DS1-projeto-02\public\index.php(37): CodeIgniter\CodeIgniter->run()
#9 C:\INFO\IFRS\DS1-projeto-02\system\Commands\Server\rewrite.php(43): require_once('C:\\INFO\\IFRS\\DS...')
#10 {main}
CRITICAL - 2022-05-14 16:15:49 --> Undefined variable: data
#0 C:\INFO\IFRS\DS1-projeto-02\app\Views\notafiscal-all.php(45): CodeIgniter\Debug\Exceptions->errorHandler(8, 'Undefined varia...', 'C:\\INFO\\IFRS\\DS...', 45, Array)
#1 C:\INFO\IFRS\DS1-projeto-02\system\View\View.php(210): include('C:\\INFO\\IFRS\\DS...')
#2 C:\INFO\IFRS\DS1-projeto-02\system\View\View.php(213): CodeIgniter\View\View->CodeIgniter\View\{closure}()
#3 C:\INFO\IFRS\DS1-projeto-02\system\Common.php(1089): CodeIgniter\View\View->render('notafiscal-all', Array, true)
#4 C:\INFO\IFRS\DS1-projeto-02\app\Controllers\NotaFiscalController.php(96): view('notafiscal-all', Array)
#5 C:\INFO\IFRS\DS1-projeto-02\system\CodeIgniter.php(832): App\Controllers\NotaFiscalController->notasFiscaisView()
#6 C:\INFO\IFRS\DS1-projeto-02\system\CodeIgniter.php(419): CodeIgniter\CodeIgniter->runController(Object(App\Controllers\NotaFiscalController))
#7 C:\INFO\IFRS\DS1-projeto-02\system\CodeIgniter.php(326): CodeIgniter\CodeIgniter->handleRequest(NULL, Object(Config\Cache), false)
#8 C:\INFO\IFRS\DS1-projeto-02\public\index.php(37): CodeIgniter\CodeIgniter->run()
#9 C:\INFO\IFRS\DS1-projeto-02\system\Commands\Server\rewrite.php(43): require_once('C:\\INFO\\IFRS\\DS...')
#10 {main}
CRITICAL - 2022-05-14 16:18:26 --> syntax error, unexpected '}', expecting ',' or ';'
#0 C:\INFO\IFRS\DS1-projeto-02\system\View\View.php(213): CodeIgniter\View\View->CodeIgniter\View\{closure}()
#1 C:\INFO\IFRS\DS1-projeto-02\system\Common.php(1089): CodeIgniter\View\View->render('notafiscal-all', Array, true)
#2 C:\INFO\IFRS\DS1-projeto-02\app\Controllers\NotaFiscalController.php(96): view('notafiscal-all', Array)
#3 C:\INFO\IFRS\DS1-projeto-02\system\CodeIgniter.php(832): App\Controllers\NotaFiscalController->notasFiscaisView()
#4 C:\INFO\IFRS\DS1-projeto-02\system\CodeIgniter.php(419): CodeIgniter\CodeIgniter->runController(Object(App\Controllers\NotaFiscalController))
#5 C:\INFO\IFRS\DS1-projeto-02\system\CodeIgniter.php(326): CodeIgniter\CodeIgniter->handleRequest(NULL, Object(Config\Cache), false)
#6 C:\INFO\IFRS\DS1-projeto-02\public\index.php(37): CodeIgniter\CodeIgniter->run()
#7 C:\INFO\IFRS\DS1-projeto-02\system\Commands\Server\rewrite.php(43): require_once('C:\\INFO\\IFRS\\DS...')
#8 {main}
CRITICAL - 2022-05-14 16:46:01 --> Too few arguments to function App\Controllers\NotaFiscalController::notasFiscaisUserView(), 0 passed in C:\INFO\IFRS\DS1-projeto-02\system\CodeIgniter.php on line 832 and exactly 1 expected
#0 C:\INFO\IFRS\DS1-projeto-02\system\CodeIgniter.php(832): App\Controllers\NotaFiscalController->notasFiscaisUserView()
#1 C:\INFO\IFRS\DS1-projeto-02\system\CodeIgniter.php(419): CodeIgniter\CodeIgniter->runController(Object(App\Controllers\NotaFiscalController))
#2 C:\INFO\IFRS\DS1-projeto-02\system\CodeIgniter.php(326): CodeIgniter\CodeIgniter->handleRequest(NULL, Object(Config\Cache), false)
#3 C:\INFO\IFRS\DS1-projeto-02\public\index.php(37): CodeIgniter\CodeIgniter->run()
#4 C:\INFO\IFRS\DS1-projeto-02\system\Commands\Server\rewrite.php(43): require_once('C:\\INFO\\IFRS\\DS...')
#5 {main}
ERROR - 2022-05-14 16:46:45 --> Operand should contain 1 column(s)
CRITICAL - 2022-05-14 16:46:45 --> Operand should contain 1 column(s)
#0 C:\INFO\IFRS\DS1-projeto-02\system\Database\MySQLi\Connection.php(292): mysqli->query('SELECT *\nFROM `...', 0)
#1 C:\INFO\IFRS\DS1-projeto-02\system\Database\BaseConnection.php(670): CodeIgniter\Database\MySQLi\Connection->execute('SELECT *\nFROM `...')
#2 C:\INFO\IFRS\DS1-projeto-02\system\Database\BaseConnection.php(598): CodeIgniter\Database\BaseConnection->simpleQuery('SELECT *\nFROM `...')
#3 C:\INFO\IFRS\DS1-projeto-02\system\Database\BaseBuilder.php(1455): CodeIgniter\Database\BaseConnection->query('SELECT *\nFROM `...', Array, false)
#4 C:\INFO\IFRS\DS1-projeto-02\system\Model.php(183): CodeIgniter\Database\BaseBuilder->get()
#5 C:\INFO\IFRS\DS1-projeto-02\system\BaseModel.php(584): CodeIgniter\Model->doFindAll(0, 0)
#6 C:\INFO\IFRS\DS1-projeto-02\app\Models\Notafiscal.php(22): CodeIgniter\BaseModel->findAll()
#7 C:\INFO\IFRS\DS1-projeto-02\app\Controllers\NotaFiscalController.php(121): App\Models\Notafiscal->get_NotasFiscaisByUser(Array)
#8 C:\INFO\IFRS\DS1-projeto-02\system\CodeIgniter.php(832): App\Controllers\NotaFiscalController->notasFiscaisUserView(Array)
#9 C:\INFO\IFRS\DS1-projeto-02\system\CodeIgniter.php(419): CodeIgniter\CodeIgniter->runController(Object(App\Controllers\NotaFiscalController))
#10 C:\INFO\IFRS\DS1-projeto-02\system\CodeIgniter.php(326): CodeIgniter\CodeIgniter->handleRequest(NULL, Object(Config\Cache), false)
#11 C:\INFO\IFRS\DS1-projeto-02\public\index.php(37): CodeIgniter\CodeIgniter->run()
#12 C:\INFO\IFRS\DS1-projeto-02\system\Commands\Server\rewrite.php(43): require_once('C:\\INFO\\IFRS\\DS...')
#13 {main}
ERROR - 2022-05-14 16:46:46 --> Operand should contain 1 column(s)
CRITICAL - 2022-05-14 16:46:46 --> Operand should contain 1 column(s)
#0 C:\INFO\IFRS\DS1-projeto-02\system\Database\MySQLi\Connection.php(292): mysqli->query('SELECT *\nFROM `...', 0)
#1 C:\INFO\IFRS\DS1-projeto-02\system\Database\BaseConnection.php(670): CodeIgniter\Database\MySQLi\Connection->execute('SELECT *\nFROM `...')
#2 C:\INFO\IFRS\DS1-projeto-02\system\Database\BaseConnection.php(598): CodeIgniter\Database\BaseConnection->simpleQuery('SELECT *\nFROM `...')
#3 C:\INFO\IFRS\DS1-projeto-02\system\Database\BaseBuilder.php(1455): CodeIgniter\Database\BaseConnection->query('SELECT *\nFROM `...', Array, false)
#4 C:\INFO\IFRS\DS1-projeto-02\system\Model.php(183): CodeIgniter\Database\BaseBuilder->get()
#5 C:\INFO\IFRS\DS1-projeto-02\system\BaseModel.php(584): CodeIgniter\Model->doFindAll(0, 0)
#6 C:\INFO\IFRS\DS1-projeto-02\app\Models\Notafiscal.php(22): CodeIgniter\BaseModel->findAll()
#7 C:\INFO\IFRS\DS1-projeto-02\app\Controllers\NotaFiscalController.php(121): App\Models\Notafiscal->get_NotasFiscaisByUser(Array)
#8 C:\INFO\IFRS\DS1-projeto-02\system\CodeIgniter.php(832): App\Controllers\NotaFiscalController->notasFiscaisUserView(Array)
#9 C:\INFO\IFRS\DS1-projeto-02\system\CodeIgniter.php(419): CodeIgniter\CodeIgniter->runController(Object(App\Controllers\NotaFiscalController))
#10 C:\INFO\IFRS\DS1-projeto-02\system\CodeIgniter.php(326): CodeIgniter\CodeIgniter->handleRequest(NULL, Object(Config\Cache), false)
#11 C:\INFO\IFRS\DS1-projeto-02\public\index.php(37): CodeIgniter\CodeIgniter->run()
#12 C:\INFO\IFRS\DS1-projeto-02\system\Commands\Server\rewrite.php(43): require_once('C:\\INFO\\IFRS\\DS...')
#13 {main}
CRITICAL - 2022-05-14 17:21:02 --> Undefined offset: 1
#0 C:\INFO\IFRS\DS1-projeto-02\app\Controllers\NotaFiscalController.php(103): CodeIgniter\Debug\Exceptions->errorHandler(8, 'Undefined offse...', 'C:\\INFO\\IFRS\\DS...', 103, Array)
#1 C:\INFO\IFRS\DS1-projeto-02\system\CodeIgniter.php(832): App\Controllers\NotaFiscalController->notasFiscaisView()
#2 C:\INFO\IFRS\DS1-projeto-02\system\CodeIgniter.php(419): CodeIgniter\CodeIgniter->runController(Object(App\Controllers\NotaFiscalController))
#3 C:\INFO\IFRS\DS1-projeto-02\system\CodeIgniter.php(326): CodeIgniter\CodeIgniter->handleRequest(NULL, Object(Config\Cache), false)
#4 C:\INFO\IFRS\DS1-projeto-02\public\index.php(37): CodeIgniter\CodeIgniter->run()
#5 C:\INFO\IFRS\DS1-projeto-02\system\Commands\Server\rewrite.php(43): require_once('C:\\INFO\\IFRS\\DS...')
#6 {main}
CRITICAL - 2022-05-14 17:21:03 --> Undefined offset: 1
#0 C:\INFO\IFRS\DS1-projeto-02\app\Controllers\NotaFiscalController.php(103): CodeIgniter\Debug\Exceptions->errorHandler(8, 'Undefined offse...', 'C:\\INFO\\IFRS\\DS...', 103, Array)
#1 C:\INFO\IFRS\DS1-projeto-02\system\CodeIgniter.php(832): App\Controllers\NotaFiscalController->notasFiscaisView()
#2 C:\INFO\IFRS\DS1-projeto-02\system\CodeIgniter.php(419): CodeIgniter\CodeIgniter->runController(Object(App\Controllers\NotaFiscalController))
#3 C:\INFO\IFRS\DS1-projeto-02\system\CodeIgniter.php(326): CodeIgniter\CodeIgniter->handleRequest(NULL, Object(Config\Cache), false)
#4 C:\INFO\IFRS\DS1-projeto-02\public\index.php(37): CodeIgniter\CodeIgniter->run()
#5 C:\INFO\IFRS\DS1-projeto-02\system\Commands\Server\rewrite.php(43): require_once('C:\\INFO\\IFRS\\DS...')
#6 {main}
CRITICAL - 2022-05-14 17:22:06 --> Undefined offset: 1
#0 C:\INFO\IFRS\DS1-projeto-02\app\Controllers\NotaFiscalController.php(103): CodeIgniter\Debug\Exceptions->errorHandler(8, 'Undefined offse...', 'C:\\INFO\\IFRS\\DS...', 103, Array)
#1 C:\INFO\IFRS\DS1-projeto-02\system\CodeIgniter.php(832): App\Controllers\NotaFiscalController->notasFiscaisView()
#2 C:\INFO\IFRS\DS1-projeto-02\system\CodeIgniter.php(419): CodeIgniter\CodeIgniter->runController(Object(App\Controllers\NotaFiscalController))
#3 C:\INFO\IFRS\DS1-projeto-02\system\CodeIgniter.php(326): CodeIgniter\CodeIgniter->handleRequest(NULL, Object(Config\Cache), false)
#4 C:\INFO\IFRS\DS1-projeto-02\public\index.php(37): CodeIgniter\CodeIgniter->run()
#5 C:\INFO\IFRS\DS1-projeto-02\system\Commands\Server\rewrite.php(43): require_once('C:\\INFO\\IFRS\\DS...')
#6 {main}
CRITICAL - 2022-05-14 17:22:07 --> Undefined offset: 1
#0 C:\INFO\IFRS\DS1-projeto-02\app\Controllers\NotaFiscalController.php(103): CodeIgniter\Debug\Exceptions->errorHandler(8, 'Undefined offse...', 'C:\\INFO\\IFRS\\DS...', 103, Array)
#1 C:\INFO\IFRS\DS1-projeto-02\system\CodeIgniter.php(832): App\Controllers\NotaFiscalController->notasFiscaisView()
#2 C:\INFO\IFRS\DS1-projeto-02\system\CodeIgniter.php(419): CodeIgniter\CodeIgniter->runController(Object(App\Controllers\NotaFiscalController))
#3 C:\INFO\IFRS\DS1-projeto-02\system\CodeIgniter.php(326): CodeIgniter\CodeIgniter->handleRequest(NULL, Object(Config\Cache), false)
#4 C:\INFO\IFRS\DS1-projeto-02\public\index.php(37): CodeIgniter\CodeIgniter->run()
#5 C:\INFO\IFRS\DS1-projeto-02\system\Commands\Server\rewrite.php(43): require_once('C:\\INFO\\IFRS\\DS...')
#6 {main}
CRITICAL - 2022-05-14 17:23:00 --> Undefined offset: 1
#0 C:\INFO\IFRS\DS1-projeto-02\app\Controllers\NotaFiscalController.php(105): CodeIgniter\Debug\Exceptions->errorHandler(8, 'Undefined offse...', 'C:\\INFO\\IFRS\\DS...', 105, Array)
#1 C:\INFO\IFRS\DS1-projeto-02\system\CodeIgniter.php(832): App\Controllers\NotaFiscalController->notasFiscaisView()
#2 C:\INFO\IFRS\DS1-projeto-02\system\CodeIgniter.php(419): CodeIgniter\CodeIgniter->runController(Object(App\Controllers\NotaFiscalController))
#3 C:\INFO\IFRS\DS1-projeto-02\system\CodeIgniter.php(326): CodeIgniter\CodeIgniter->handleRequest(NULL, Object(Config\Cache), false)
#4 C:\INFO\IFRS\DS1-projeto-02\public\index.php(37): CodeIgniter\CodeIgniter->run()
#5 C:\INFO\IFRS\DS1-projeto-02\system\Commands\Server\rewrite.php(43): require_once('C:\\INFO\\IFRS\\DS...')
#6 {main}
CRITICAL - 2022-05-14 17:23:00 --> Undefined offset: 1
#0 C:\INFO\IFRS\DS1-projeto-02\app\Controllers\NotaFiscalController.php(105): CodeIgniter\Debug\Exceptions->errorHandler(8, 'Undefined offse...', 'C:\\INFO\\IFRS\\DS...', 105, Array)
#1 C:\INFO\IFRS\DS1-projeto-02\system\CodeIgniter.php(832): App\Controllers\NotaFiscalController->notasFiscaisView()
#2 C:\INFO\IFRS\DS1-projeto-02\system\CodeIgniter.php(419): CodeIgniter\CodeIgniter->runController(Object(App\Controllers\NotaFiscalController))
#3 C:\INFO\IFRS\DS1-projeto-02\system\CodeIgniter.php(326): CodeIgniter\CodeIgniter->handleRequest(NULL, Object(Config\Cache), false)
#4 C:\INFO\IFRS\DS1-projeto-02\public\index.php(37): CodeIgniter\CodeIgniter->run()
#5 C:\INFO\IFRS\DS1-projeto-02\system\Commands\Server\rewrite.php(43): require_once('C:\\INFO\\IFRS\\DS...')
#6 {main}
CRITICAL - 2022-05-14 17:23:22 --> Undefined offset: 1
#0 C:\INFO\IFRS\DS1-projeto-02\app\Controllers\NotaFiscalController.php(104): CodeIgniter\Debug\Exceptions->errorHandler(8, 'Undefined offse...', 'C:\\INFO\\IFRS\\DS...', 104, Array)
#1 C:\INFO\IFRS\DS1-projeto-02\system\CodeIgniter.php(832): App\Controllers\NotaFiscalController->notasFiscaisView()
#2 C:\INFO\IFRS\DS1-projeto-02\system\CodeIgniter.php(419): CodeIgniter\CodeIgniter->runController(Object(App\Controllers\NotaFiscalController))
#3 C:\INFO\IFRS\DS1-projeto-02\system\CodeIgniter.php(326): CodeIgniter\CodeIgniter->handleRequest(NULL, Object(Config\Cache), false)
#4 C:\INFO\IFRS\DS1-projeto-02\public\index.php(37): CodeIgniter\CodeIgniter->run()
#5 C:\INFO\IFRS\DS1-projeto-02\system\Commands\Server\rewrite.php(43): require_once('C:\\INFO\\IFRS\\DS...')
#6 {main}
CRITICAL - 2022-05-14 17:23:48 --> Undefined offset: 1
#0 C:\INFO\IFRS\DS1-projeto-02\app\Controllers\NotaFiscalController.php(105): CodeIgniter\Debug\Exceptions->errorHandler(8, 'Undefined offse...', 'C:\\INFO\\IFRS\\DS...', 105, Array)
#1 C:\INFO\IFRS\DS1-projeto-02\system\CodeIgniter.php(832): App\Controllers\NotaFiscalController->notasFiscaisView()
#2 C:\INFO\IFRS\DS1-projeto-02\system\CodeIgniter.php(419): CodeIgniter\CodeIgniter->runController(Object(App\Controllers\NotaFiscalController))
#3 C:\INFO\IFRS\DS1-projeto-02\system\CodeIgniter.php(326): CodeIgniter\CodeIgniter->handleRequest(NULL, Object(Config\Cache), false)
#4 C:\INFO\IFRS\DS1-projeto-02\public\index.php(37): CodeIgniter\CodeIgniter->run()
#5 C:\INFO\IFRS\DS1-projeto-02\system\Commands\Server\rewrite.php(43): require_once('C:\\INFO\\IFRS\\DS...')
#6 {main}
CRITICAL - 2022-05-14 17:26:04 --> Undefined offset: 1
#0 C:\INFO\IFRS\DS1-projeto-02\app\Controllers\NotaFiscalController.php(105): CodeIgniter\Debug\Exceptions->errorHandler(8, 'Undefined offse...', 'C:\\INFO\\IFRS\\DS...', 105, Array)
#1 C:\INFO\IFRS\DS1-projeto-02\system\CodeIgniter.php(832): App\Controllers\NotaFiscalController->notasFiscaisView()
#2 C:\INFO\IFRS\DS1-projeto-02\system\CodeIgniter.php(419): CodeIgniter\CodeIgniter->runController(Object(App\Controllers\NotaFiscalController))
#3 C:\INFO\IFRS\DS1-projeto-02\system\CodeIgniter.php(326): CodeIgniter\CodeIgniter->handleRequest(NULL, Object(Config\Cache), false)
#4 C:\INFO\IFRS\DS1-projeto-02\public\index.php(37): CodeIgniter\CodeIgniter->run()
#5 C:\INFO\IFRS\DS1-projeto-02\system\Commands\Server\rewrite.php(43): require_once('C:\\INFO\\IFRS\\DS...')
#6 {main}
CRITICAL - 2022-05-14 17:26:05 --> Undefined offset: 1
#0 C:\INFO\IFRS\DS1-projeto-02\app\Controllers\NotaFiscalController.php(105): CodeIgniter\Debug\Exceptions->errorHandler(8, 'Undefined offse...', 'C:\\INFO\\IFRS\\DS...', 105, Array)
#1 C:\INFO\IFRS\DS1-projeto-02\system\CodeIgniter.php(832): App\Controllers\NotaFiscalController->notasFiscaisView()
#2 C:\INFO\IFRS\DS1-projeto-02\system\CodeIgniter.php(419): CodeIgniter\CodeIgniter->runController(Object(App\Controllers\NotaFiscalController))
#3 C:\INFO\IFRS\DS1-projeto-02\system\CodeIgniter.php(326): CodeIgniter\CodeIgniter->handleRequest(NULL, Object(Config\Cache), false)
#4 C:\INFO\IFRS\DS1-projeto-02\public\index.php(37): CodeIgniter\CodeIgniter->run()
#5 C:\INFO\IFRS\DS1-projeto-02\system\Commands\Server\rewrite.php(43): require_once('C:\\INFO\\IFRS\\DS...')
#6 {main}
CRITICAL - 2022-05-14 17:26:33 --> Undefined offset: 1
#0 C:\INFO\IFRS\DS1-projeto-02\app\Controllers\NotaFiscalController.php(105): CodeIgniter\Debug\Exceptions->errorHandler(8, 'Undefined offse...', 'C:\\INFO\\IFRS\\DS...', 105, Array)
#1 C:\INFO\IFRS\DS1-projeto-02\system\CodeIgniter.php(832): App\Controllers\NotaFiscalController->notasFiscaisView()
#2 C:\INFO\IFRS\DS1-projeto-02\system\CodeIgniter.php(419): CodeIgniter\CodeIgniter->runController(Object(App\Controllers\NotaFiscalController))
#3 C:\INFO\IFRS\DS1-projeto-02\system\CodeIgniter.php(326): CodeIgniter\CodeIgniter->handleRequest(NULL, Object(Config\Cache), false)
#4 C:\INFO\IFRS\DS1-projeto-02\public\index.php(37): CodeIgniter\CodeIgniter->run()
#5 C:\INFO\IFRS\DS1-projeto-02\system\Commands\Server\rewrite.php(43): require_once('C:\\INFO\\IFRS\\DS...')
#6 {main}
CRITICAL - 2022-05-14 17:26:35 --> Undefined index: asdsad
#0 C:\INFO\IFRS\DS1-projeto-02\app\Controllers\NotaFiscalController.php(105): CodeIgniter\Debug\Exceptions->errorHandler(8, 'Undefined index...', 'C:\\INFO\\IFRS\\DS...', 105, Array)
#1 C:\INFO\IFRS\DS1-projeto-02\system\CodeIgniter.php(832): App\Controllers\NotaFiscalController->notasFiscaisView()
#2 C:\INFO\IFRS\DS1-projeto-02\system\CodeIgniter.php(419): CodeIgniter\CodeIgniter->runController(Object(App\Controllers\NotaFiscalController))
#3 C:\INFO\IFRS\DS1-projeto-02\system\CodeIgniter.php(326): CodeIgniter\CodeIgniter->handleRequest(NULL, Object(Config\Cache), false)
#4 C:\INFO\IFRS\DS1-projeto-02\public\index.php(37): CodeIgniter\CodeIgniter->run()
#5 C:\INFO\IFRS\DS1-projeto-02\system\Commands\Server\rewrite.php(43): require_once('C:\\INFO\\IFRS\\DS...')
#6 {main}
CRITICAL - 2022-05-14 17:26:36 --> Undefined index: asdsad
#0 C:\INFO\IFRS\DS1-projeto-02\app\Controllers\NotaFiscalController.php(105): CodeIgniter\Debug\Exceptions->errorHandler(8, 'Undefined index...', 'C:\\INFO\\IFRS\\DS...', 105, Array)
#1 C:\INFO\IFRS\DS1-projeto-02\system\CodeIgniter.php(832): App\Controllers\NotaFiscalController->notasFiscaisView()
#2 C:\INFO\IFRS\DS1-projeto-02\system\CodeIgniter.php(419): CodeIgniter\CodeIgniter->runController(Object(App\Controllers\NotaFiscalController))
#3 C:\INFO\IFRS\DS1-projeto-02\system\CodeIgniter.php(326): CodeIgniter\CodeIgniter->handleRequest(NULL, Object(Config\Cache), false)
#4 C:\INFO\IFRS\DS1-projeto-02\public\index.php(37): CodeIgniter\CodeIgniter->run()
#5 C:\INFO\IFRS\DS1-projeto-02\system\Commands\Server\rewrite.php(43): require_once('C:\\INFO\\IFRS\\DS...')
#6 {main}
CRITICAL - 2022-05-14 17:26:36 --> Undefined index: asdsad
#0 C:\INFO\IFRS\DS1-projeto-02\app\Controllers\NotaFiscalController.php(105): CodeIgniter\Debug\Exceptions->errorHandler(8, 'Undefined index...', 'C:\\INFO\\IFRS\\DS...', 105, Array)
#1 C:\INFO\IFRS\DS1-projeto-02\system\CodeIgniter.php(832): App\Controllers\NotaFiscalController->notasFiscaisView()
#2 C:\INFO\IFRS\DS1-projeto-02\system\CodeIgniter.php(419): CodeIgniter\CodeIgniter->runController(Object(App\Controllers\NotaFiscalController))
#3 C:\INFO\IFRS\DS1-projeto-02\system\CodeIgniter.php(326): CodeIgniter\CodeIgniter->handleRequest(NULL, Object(Config\Cache), false)
#4 C:\INFO\IFRS\DS1-projeto-02\public\index.php(37): CodeIgniter\CodeIgniter->run()
#5 C:\INFO\IFRS\DS1-projeto-02\system\Commands\Server\rewrite.php(43): require_once('C:\\INFO\\IFRS\\DS...')
#6 {main}
CRITICAL - 2022-05-14 17:26:37 --> Undefined index: asdsad
#0 C:\INFO\IFRS\DS1-projeto-02\app\Controllers\NotaFiscalController.php(105): CodeIgniter\Debug\Exceptions->errorHandler(8, 'Undefined index...', 'C:\\INFO\\IFRS\\DS...', 105, Array)
#1 C:\INFO\IFRS\DS1-projeto-02\system\CodeIgniter.php(832): App\Controllers\NotaFiscalController->notasFiscaisView()
#2 C:\INFO\IFRS\DS1-projeto-02\system\CodeIgniter.php(419): CodeIgniter\CodeIgniter->runController(Object(App\Controllers\NotaFiscalController))
#3 C:\INFO\IFRS\DS1-projeto-02\system\CodeIgniter.php(326): CodeIgniter\CodeIgniter->handleRequest(NULL, Object(Config\Cache), false)
#4 C:\INFO\IFRS\DS1-projeto-02\public\index.php(37): CodeIgniter\CodeIgniter->run()
#5 C:\INFO\IFRS\DS1-projeto-02\system\Commands\Server\rewrite.php(43): require_once('C:\\INFO\\IFRS\\DS...')
#6 {main}
CRITICAL - 2022-05-14 17:26:38 --> Undefined index: asdsad
#0 C:\INFO\IFRS\DS1-projeto-02\app\Controllers\NotaFiscalController.php(105): CodeIgniter\Debug\Exceptions->errorHandler(8, 'Undefined index...', 'C:\\INFO\\IFRS\\DS...', 105, Array)
#1 C:\INFO\IFRS\DS1-projeto-02\system\CodeIgniter.php(832): App\Controllers\NotaFiscalController->notasFiscaisView()
#2 C:\INFO\IFRS\DS1-projeto-02\system\CodeIgniter.php(419): CodeIgniter\CodeIgniter->runController(Object(App\Controllers\NotaFiscalController))
#3 C:\INFO\IFRS\DS1-projeto-02\system\CodeIgniter.php(326): CodeIgniter\CodeIgniter->handleRequest(NULL, Object(Config\Cache), false)
#4 C:\INFO\IFRS\DS1-projeto-02\public\index.php(37): CodeIgniter\CodeIgniter->run()
#5 C:\INFO\IFRS\DS1-projeto-02\system\Commands\Server\rewrite.php(43): require_once('C:\\INFO\\IFRS\\DS...')
#6 {main}
CRITICAL - 2022-05-14 17:26:48 --> Undefined index: asdsad
#0 C:\INFO\IFRS\DS1-projeto-02\app\Controllers\NotaFiscalController.php(105): CodeIgniter\Debug\Exceptions->errorHandler(8, 'Undefined index...', 'C:\\INFO\\IFRS\\DS...', 105, Array)
#1 C:\INFO\IFRS\DS1-projeto-02\system\CodeIgniter.php(832): App\Controllers\NotaFiscalController->notasFiscaisView()
#2 C:\INFO\IFRS\DS1-projeto-02\system\CodeIgniter.php(419): CodeIgniter\CodeIgniter->runController(Object(App\Controllers\NotaFiscalController))
#3 C:\INFO\IFRS\DS1-projeto-02\system\CodeIgniter.php(326): CodeIgniter\CodeIgniter->handleRequest(NULL, Object(Config\Cache), false)
#4 C:\INFO\IFRS\DS1-projeto-02\public\index.php(37): CodeIgniter\CodeIgniter->run()
#5 C:\INFO\IFRS\DS1-projeto-02\system\Commands\Server\rewrite.php(43): require_once('C:\\INFO\\IFRS\\DS...')
#6 {main}
CRITICAL - 2022-05-14 17:27:00 --> Undefined offset: 1
#0 C:\INFO\IFRS\DS1-projeto-02\app\Controllers\NotaFiscalController.php(105): CodeIgniter\Debug\Exceptions->errorHandler(8, 'Undefined offse...', 'C:\\INFO\\IFRS\\DS...', 105, Array)
#1 C:\INFO\IFRS\DS1-projeto-02\system\CodeIgniter.php(832): App\Controllers\NotaFiscalController->notasFiscaisView()
#2 C:\INFO\IFRS\DS1-projeto-02\system\CodeIgniter.php(419): CodeIgniter\CodeIgniter->runController(Object(App\Controllers\NotaFiscalController))
#3 C:\INFO\IFRS\DS1-projeto-02\system\CodeIgniter.php(326): CodeIgniter\CodeIgniter->handleRequest(NULL, Object(Config\Cache), false)
#4 C:\INFO\IFRS\DS1-projeto-02\public\index.php(37): CodeIgniter\CodeIgniter->run()
#5 C:\INFO\IFRS\DS1-projeto-02\system\Commands\Server\rewrite.php(43): require_once('C:\\INFO\\IFRS\\DS...')
#6 {main}
CRITICAL - 2022-05-14 17:27:13 --> Undefined offset: 1
#0 C:\INFO\IFRS\DS1-projeto-02\app\Controllers\NotaFiscalController.php(105): CodeIgniter\Debug\Exceptions->errorHandler(8, 'Undefined offse...', 'C:\\INFO\\IFRS\\DS...', 105, Array)
#1 C:\INFO\IFRS\DS1-projeto-02\system\CodeIgniter.php(832): App\Controllers\NotaFiscalController->notasFiscaisView()
#2 C:\INFO\IFRS\DS1-projeto-02\system\CodeIgniter.php(419): CodeIgniter\CodeIgniter->runController(Object(App\Controllers\NotaFiscalController))
#3 C:\INFO\IFRS\DS1-projeto-02\system\CodeIgniter.php(326): CodeIgniter\CodeIgniter->handleRequest(NULL, Object(Config\Cache), false)
#4 C:\INFO\IFRS\DS1-projeto-02\public\index.php(37): CodeIgniter\CodeIgniter->run()
#5 C:\INFO\IFRS\DS1-projeto-02\system\Commands\Server\rewrite.php(43): require_once('C:\\INFO\\IFRS\\DS...')
#6 {main}
CRITICAL - 2022-05-14 17:27:13 --> Undefined offset: 1
#0 C:\INFO\IFRS\DS1-projeto-02\app\Controllers\NotaFiscalController.php(105): CodeIgniter\Debug\Exceptions->errorHandler(8, 'Undefined offse...', 'C:\\INFO\\IFRS\\DS...', 105, Array)
#1 C:\INFO\IFRS\DS1-projeto-02\system\CodeIgniter.php(832): App\Controllers\NotaFiscalController->notasFiscaisView()
#2 C:\INFO\IFRS\DS1-projeto-02\system\CodeIgniter.php(419): CodeIgniter\CodeIgniter->runController(Object(App\Controllers\NotaFiscalController))
#3 C:\INFO\IFRS\DS1-projeto-02\system\CodeIgniter.php(326): CodeIgniter\CodeIgniter->handleRequest(NULL, Object(Config\Cache), false)
#4 C:\INFO\IFRS\DS1-projeto-02\public\index.php(37): CodeIgniter\CodeIgniter->run()
#5 C:\INFO\IFRS\DS1-projeto-02\system\Commands\Server\rewrite.php(43): require_once('C:\\INFO\\IFRS\\DS...')
#6 {main}
CRITICAL - 2022-05-14 17:27:14 --> Undefined offset: 1
#0 C:\INFO\IFRS\DS1-projeto-02\app\Controllers\NotaFiscalController.php(105): CodeIgniter\Debug\Exceptions->errorHandler(8, 'Undefined offse...', 'C:\\INFO\\IFRS\\DS...', 105, Array)
#1 C:\INFO\IFRS\DS1-projeto-02\system\CodeIgniter.php(832): App\Controllers\NotaFiscalController->notasFiscaisView()
#2 C:\INFO\IFRS\DS1-projeto-02\system\CodeIgniter.php(419): CodeIgniter\CodeIgniter->runController(Object(App\Controllers\NotaFiscalController))
#3 C:\INFO\IFRS\DS1-projeto-02\system\CodeIgniter.php(326): CodeIgniter\CodeIgniter->handleRequest(NULL, Object(Config\Cache), false)
#4 C:\INFO\IFRS\DS1-projeto-02\public\index.php(37): CodeIgniter\CodeIgniter->run()
#5 C:\INFO\IFRS\DS1-projeto-02\system\Commands\Server\rewrite.php(43): require_once('C:\\INFO\\IFRS\\DS...')
#6 {main}
CRITICAL - 2022-05-14 17:27:15 --> Undefined offset: 1
#0 C:\INFO\IFRS\DS1-projeto-02\app\Controllers\NotaFiscalController.php(105): CodeIgniter\Debug\Exceptions->errorHandler(8, 'Undefined offse...', 'C:\\INFO\\IFRS\\DS...', 105, Array)
#1 C:\INFO\IFRS\DS1-projeto-02\system\CodeIgniter.php(832): App\Controllers\NotaFiscalController->notasFiscaisView()
#2 C:\INFO\IFRS\DS1-projeto-02\system\CodeIgniter.php(419): CodeIgniter\CodeIgniter->runController(Object(App\Controllers\NotaFiscalController))
#3 C:\INFO\IFRS\DS1-projeto-02\system\CodeIgniter.php(326): CodeIgniter\CodeIgniter->handleRequest(NULL, Object(Config\Cache), false)
#4 C:\INFO\IFRS\DS1-projeto-02\public\index.php(37): CodeIgniter\CodeIgniter->run()
#5 C:\INFO\IFRS\DS1-projeto-02\system\Commands\Server\rewrite.php(43): require_once('C:\\INFO\\IFRS\\DS...')
#6 {main}
CRITICAL - 2022-05-14 17:27:42 --> Undefined offset: 1
#0 C:\INFO\IFRS\DS1-projeto-02\app\Controllers\NotaFiscalController.php(105): CodeIgniter\Debug\Exceptions->errorHandler(8, 'Undefined offse...', 'C:\\INFO\\IFRS\\DS...', 105, Array)
#1 C:\INFO\IFRS\DS1-projeto-02\system\CodeIgniter.php(832): App\Controllers\NotaFiscalController->notasFiscaisView()
#2 C:\INFO\IFRS\DS1-projeto-02\system\CodeIgniter.php(419): CodeIgniter\CodeIgniter->runController(Object(App\Controllers\NotaFiscalController))
#3 C:\INFO\IFRS\DS1-projeto-02\system\CodeIgniter.php(326): CodeIgniter\CodeIgniter->handleRequest(NULL, Object(Config\Cache), false)
#4 C:\INFO\IFRS\DS1-projeto-02\public\index.php(37): CodeIgniter\CodeIgniter->run()
#5 C:\INFO\IFRS\DS1-projeto-02\system\Commands\Server\rewrite.php(43): require_once('C:\\INFO\\IFRS\\DS...')
#6 {main}
CRITICAL - 2022-05-14 17:27:43 --> Undefined offset: 1
#0 C:\INFO\IFRS\DS1-projeto-02\app\Controllers\NotaFiscalController.php(105): CodeIgniter\Debug\Exceptions->errorHandler(8, 'Undefined offse...', 'C:\\INFO\\IFRS\\DS...', 105, Array)
#1 C:\INFO\IFRS\DS1-projeto-02\system\CodeIgniter.php(832): App\Controllers\NotaFiscalController->notasFiscaisView()
#2 C:\INFO\IFRS\DS1-projeto-02\system\CodeIgniter.php(419): CodeIgniter\CodeIgniter->runController(Object(App\Controllers\NotaFiscalController))
#3 C:\INFO\IFRS\DS1-projeto-02\system\CodeIgniter.php(326): CodeIgniter\CodeIgniter->handleRequest(NULL, Object(Config\Cache), false)
#4 C:\INFO\IFRS\DS1-projeto-02\public\index.php(37): CodeIgniter\CodeIgniter->run()
#5 C:\INFO\IFRS\DS1-projeto-02\system\Commands\Server\rewrite.php(43): require_once('C:\\INFO\\IFRS\\DS...')
#6 {main}
CRITICAL - 2022-05-14 17:27:44 --> Undefined offset: 1
#0 C:\INFO\IFRS\DS1-projeto-02\app\Controllers\NotaFiscalController.php(105): CodeIgniter\Debug\Exceptions->errorHandler(8, 'Undefined offse...', 'C:\\INFO\\IFRS\\DS...', 105, Array)
#1 C:\INFO\IFRS\DS1-projeto-02\system\CodeIgniter.php(832): App\Controllers\NotaFiscalController->notasFiscaisView()
#2 C:\INFO\IFRS\DS1-projeto-02\system\CodeIgniter.php(419): CodeIgniter\CodeIgniter->runController(Object(App\Controllers\NotaFiscalController))
#3 C:\INFO\IFRS\DS1-projeto-02\system\CodeIgniter.php(326): CodeIgniter\CodeIgniter->handleRequest(NULL, Object(Config\Cache), false)
#4 C:\INFO\IFRS\DS1-projeto-02\public\index.php(37): CodeIgniter\CodeIgniter->run()
#5 C:\INFO\IFRS\DS1-projeto-02\system\Commands\Server\rewrite.php(43): require_once('C:\\INFO\\IFRS\\DS...')
#6 {main}
CRITICAL - 2022-05-14 17:27:44 --> Undefined offset: 1
#0 C:\INFO\IFRS\DS1-projeto-02\app\Controllers\NotaFiscalController.php(105): CodeIgniter\Debug\Exceptions->errorHandler(8, 'Undefined offse...', 'C:\\INFO\\IFRS\\DS...', 105, Array)
#1 C:\INFO\IFRS\DS1-projeto-02\system\CodeIgniter.php(832): App\Controllers\NotaFiscalController->notasFiscaisView()
#2 C:\INFO\IFRS\DS1-projeto-02\system\CodeIgniter.php(419): CodeIgniter\CodeIgniter->runController(Object(App\Controllers\NotaFiscalController))
#3 C:\INFO\IFRS\DS1-projeto-02\system\CodeIgniter.php(326): CodeIgniter\CodeIgniter->handleRequest(NULL, Object(Config\Cache), false)
#4 C:\INFO\IFRS\DS1-projeto-02\public\index.php(37): CodeIgniter\CodeIgniter->run()
#5 C:\INFO\IFRS\DS1-projeto-02\system\Commands\Server\rewrite.php(43): require_once('C:\\INFO\\IFRS\\DS...')
#6 {main}
CRITICAL - 2022-05-14 17:27:45 --> Undefined offset: 1
#0 C:\INFO\IFRS\DS1-projeto-02\app\Controllers\NotaFiscalController.php(105): CodeIgniter\Debug\Exceptions->errorHandler(8, 'Undefined offse...', 'C:\\INFO\\IFRS\\DS...', 105, Array)
#1 C:\INFO\IFRS\DS1-projeto-02\system\CodeIgniter.php(832): App\Controllers\NotaFiscalController->notasFiscaisView()
#2 C:\INFO\IFRS\DS1-projeto-02\system\CodeIgniter.php(419): CodeIgniter\CodeIgniter->runController(Object(App\Controllers\NotaFiscalController))
#3 C:\INFO\IFRS\DS1-projeto-02\system\CodeIgniter.php(326): CodeIgniter\CodeIgniter->handleRequest(NULL, Object(Config\Cache), false)
#4 C:\INFO\IFRS\DS1-projeto-02\public\index.php(37): CodeIgniter\CodeIgniter->run()
#5 C:\INFO\IFRS\DS1-projeto-02\system\Commands\Server\rewrite.php(43): require_once('C:\\INFO\\IFRS\\DS...')
#6 {main}
CRITICAL - 2022-05-14 17:30:51 --> syntax error, unexpected '}'
#0 C:\INFO\IFRS\DS1-projeto-02\system\Autoloader\Autoloader.php(241): CodeIgniter\Autoloader\Autoloader->includeFile('C:\\INFO\\IFRS\\DS...')
#1 C:\INFO\IFRS\DS1-projeto-02\system\Autoloader\Autoloader.php(219): CodeIgniter\Autoloader\Autoloader->loadInNamespace('App\\Controllers...')
#2 [internal function]: CodeIgniter\Autoloader\Autoloader->loadClass('App\\Controllers...')
#3 [internal function]: spl_autoload_call('App\\Controllers...')
#4 C:\INFO\IFRS\DS1-projeto-02\system\CodeIgniter.php(797): class_exists('\\App\\Controller...', true)
#5 C:\INFO\IFRS\DS1-projeto-02\system\CodeIgniter.php(406): CodeIgniter\CodeIgniter->startController()
#6 C:\INFO\IFRS\DS1-projeto-02\system\CodeIgniter.php(326): CodeIgniter\CodeIgniter->handleRequest(NULL, Object(Config\Cache), false)
#7 C:\INFO\IFRS\DS1-projeto-02\public\index.php(37): CodeIgniter\CodeIgniter->run()
#8 C:\INFO\IFRS\DS1-projeto-02\system\Commands\Server\rewrite.php(43): require_once('C:\\INFO\\IFRS\\DS...')
#9 {main}
