CRITICAL - 2022-03-25 13:59:01 --> The framework needs the following extension(s) installed and loaded: curl.
#0 /home/aluno/Área de Trabalho/DSI/aula3/codeigniter4/system/CodeIgniter.php(219): CodeIgniter\Exceptions\FrameworkException::forMissingExtension('curl')
#1 /home/aluno/Área de Trabalho/DSI/aula3/codeigniter4/system/CodeIgniter.php(177): CodeIgniter\CodeIgniter->resolvePlatformExtensions()
#2 /home/aluno/Área de Trabalho/DSI/aula3/codeigniter4/system/bootstrap.php(146): CodeIgniter\CodeIgniter->initialize()
#3 /home/aluno/Área de Trabalho/DSI/aula3/codeigniter4/spark(45): require('/home/aluno/\xC3\x81r...')
#4 {main}
CRITICAL - 2022-03-25 13:59:22 --> The framework needs the following extension(s) installed and loaded: curl.
#0 /home/aluno/Área de Trabalho/DSI/aula3/codeigniter4/system/CodeIgniter.php(219): CodeIgniter\Exceptions\FrameworkException::forMissingExtension('curl')
#1 /home/aluno/Área de Trabalho/DSI/aula3/codeigniter4/system/CodeIgniter.php(177): CodeIgniter\CodeIgniter->resolvePlatformExtensions()
#2 /home/aluno/Área de Trabalho/DSI/aula3/codeigniter4/system/bootstrap.php(146): CodeIgniter\CodeIgniter->initialize()
#3 /home/aluno/Área de Trabalho/DSI/aula3/codeigniter4/spark(45): require('/home/aluno/\xC3\x81r...')
#4 {main}
CRITICAL - 2022-03-25 13:59:24 --> The framework needs the following extension(s) installed and loaded: curl.
#0 /home/aluno/Área de Trabalho/DSI/aula3/codeigniter4/system/CodeIgniter.php(219): CodeIgniter\Exceptions\FrameworkException::forMissingExtension('curl')
#1 /home/aluno/Área de Trabalho/DSI/aula3/codeigniter4/system/CodeIgniter.php(177): CodeIgniter\CodeIgniter->resolvePlatformExtensions()
#2 /home/aluno/Área de Trabalho/DSI/aula3/codeigniter4/system/bootstrap.php(146): CodeIgniter\CodeIgniter->initialize()
#3 /home/aluno/Área de Trabalho/DSI/aula3/codeigniter4/spark(45): require('/home/aluno/\xC3\x81r...')
#4 {main}
CRITICAL - 2022-03-25 14:03:22 --> The framework needs the following extension(s) installed and loaded: curl.
#0 /home/aluno/Área de Trabalho/DSI/aula3/codeigniter4/system/CodeIgniter.php(219): CodeIgniter\Exceptions\FrameworkException::forMissingExtension('curl')
#1 /home/aluno/Área de Trabalho/DSI/aula3/codeigniter4/system/CodeIgniter.php(177): CodeIgniter\CodeIgniter->resolvePlatformExtensions()
#2 /home/aluno/Área de Trabalho/DSI/aula3/codeigniter4/system/bootstrap.php(146): CodeIgniter\CodeIgniter->initialize()
#3 /home/aluno/Área de Trabalho/DSI/aula3/codeigniter4/spark(45): require('/home/aluno/\xC3\x81r...')
#4 {main}
CRITICAL - 2022-03-25 14:03:28 --> The framework needs the following extension(s) installed and loaded: curl.
#0 /home/aluno/Área de Trabalho/DSI/aula3/codeigniter4/system/CodeIgniter.php(219): CodeIgniter\Exceptions\FrameworkException::forMissingExtension('curl')
#1 /home/aluno/Área de Trabalho/DSI/aula3/codeigniter4/system/CodeIgniter.php(177): CodeIgniter\CodeIgniter->resolvePlatformExtensions()
#2 /home/aluno/Área de Trabalho/DSI/aula3/codeigniter4/system/bootstrap.php(146): CodeIgniter\CodeIgniter->initialize()
#3 /home/aluno/Área de Trabalho/DSI/aula3/codeigniter4/spark(45): require('/home/aluno/\xC3\x81r...')
#4 {main}
CRITICAL - 2022-03-25 14:05:22 --> The framework needs the following extension(s) installed and loaded: curl.
#0 /home/aluno/Área de Trabalho/DSI/aula3/codeigniter4/system/CodeIgniter.php(219): CodeIgniter\Exceptions\FrameworkException::forMissingExtension('curl')
#1 /home/aluno/Área de Trabalho/DSI/aula3/codeigniter4/system/CodeIgniter.php(177): CodeIgniter\CodeIgniter->resolvePlatformExtensions()
#2 /home/aluno/Área de Trabalho/DSI/aula3/codeigniter4/system/bootstrap.php(146): CodeIgniter\CodeIgniter->initialize()
#3 /home/aluno/Área de Trabalho/DSI/aula3/codeigniter4/spark(45): require('/home/aluno/\xC3\x81r...')
#4 {main}
CRITICAL - 2022-03-25 14:30:27 --> The framework needs the following extension(s) installed and loaded: curl.
#0 /home/aluno/Área de Trabalho/DSI/aula3/codeigniter4/system/CodeIgniter.php(219): CodeIgniter\Exceptions\FrameworkException::forMissingExtension('curl')
#1 /home/aluno/Área de Trabalho/DSI/aula3/codeigniter4/system/CodeIgniter.php(177): CodeIgniter\CodeIgniter->resolvePlatformExtensions()
#2 /home/aluno/Área de Trabalho/DSI/aula3/codeigniter4/system/bootstrap.php(146): CodeIgniter\CodeIgniter->initialize()
#3 /home/aluno/Área de Trabalho/DSI/aula3/codeigniter4/spark(45): require('/home/aluno/\xC3\x81r...')
#4 {main}
CRITICAL - 2022-03-25 14:27:48 --> Object of class CodeIgniter\HTTP\IncomingRequest could not be converted to string
#0 /home/aluno/Área de Trabalho/DSI/aula3/codeigniter4/app/Controllers/Home.php(13): CodeIgniter\Debug\Exceptions->errorHandler(4096, 'Object of class...', '/home/aluno/\xC3\x81r...', 13, Array)
#1 /home/aluno/Área de Trabalho/DSI/aula3/codeigniter4/system/CodeIgniter.php(832): App\Controllers\Home->enviar()
#2 /home/aluno/Área de Trabalho/DSI/aula3/codeigniter4/system/CodeIgniter.php(419): CodeIgniter\CodeIgniter->runController(Object(App\Controllers\Home))
#3 /home/aluno/Área de Trabalho/DSI/aula3/codeigniter4/system/CodeIgniter.php(326): CodeIgniter\CodeIgniter->handleRequest(NULL, Object(Config\Cache), false)
#4 /home/aluno/Área de Trabalho/DSI/aula3/codeigniter4/public/index.php(37): CodeIgniter\CodeIgniter->run()
#5 /home/aluno/Área de Trabalho/DSI/aula3/codeigniter4/system/Commands/Server/rewrite.php(43): require_once('/home/aluno/\xC3\x81r...')
#6 {main}
CRITICAL - 2022-03-25 15:40:07 --> You must set the database table to be used with your query.
#0 /home/aluno/Área de Trabalho/DSI/aula3/codeigniter4/system/Model.php(545): CodeIgniter\Database\BaseConnection->table(NULL)
#1 /home/aluno/Área de Trabalho/DSI/aula3/codeigniter4/system/Model.php(232): CodeIgniter\Model->builder()
#2 /home/aluno/Área de Trabalho/DSI/aula3/codeigniter4/system/BaseModel.php(738): CodeIgniter\Model->doInsert(Array)
#3 /home/aluno/Área de Trabalho/DSI/aula3/codeigniter4/system/Model.php(625): CodeIgniter\BaseModel->insert(Array, true)
#4 /home/aluno/Área de Trabalho/DSI/aula3/codeigniter4/app/Models/User.php(44): CodeIgniter\Model->insert(Array)
#5 /home/aluno/Área de Trabalho/DSI/aula3/codeigniter4/app/Controllers/Home.php(22): App\Models\User->register_user(Array)
#6 /home/aluno/Área de Trabalho/DSI/aula3/codeigniter4/system/CodeIgniter.php(832): App\Controllers\Home->enviar()
#7 /home/aluno/Área de Trabalho/DSI/aula3/codeigniter4/system/CodeIgniter.php(419): CodeIgniter\CodeIgniter->runController(Object(App\Controllers\Home))
#8 /home/aluno/Área de Trabalho/DSI/aula3/codeigniter4/system/CodeIgniter.php(326): CodeIgniter\CodeIgniter->handleRequest(NULL, Object(Config\Cache), false)
#9 /home/aluno/Área de Trabalho/DSI/aula3/codeigniter4/public/index.php(37): CodeIgniter\CodeIgniter->run()
#10 /home/aluno/Área de Trabalho/DSI/aula3/codeigniter4/system/Commands/Server/rewrite.php(43): require_once('/home/aluno/\xC3\x81r...')
#11 {main}
ERROR - 2022-03-25 15:40:34 --> Duplicate entry '0' for key 'PRIMARY'
CRITICAL - 2022-03-25 15:40:34 --> Duplicate entry '0' for key 'PRIMARY'
#0 /home/aluno/Área de Trabalho/DSI/aula3/codeigniter4/system/Database/MySQLi/Connection.php(292): mysqli->query('INSERT INTO `us...', 0)
#1 /home/aluno/Área de Trabalho/DSI/aula3/codeigniter4/system/Database/BaseConnection.php(670): CodeIgniter\Database\MySQLi\Connection->execute('INSERT INTO `us...')
#2 /home/aluno/Área de Trabalho/DSI/aula3/codeigniter4/system/Database/BaseConnection.php(598): CodeIgniter\Database\BaseConnection->simpleQuery('INSERT INTO `us...')
#3 /home/aluno/Área de Trabalho/DSI/aula3/codeigniter4/system/Database/BaseBuilder.php(1771): CodeIgniter\Database\BaseConnection->query('INSERT INTO `us...', Array, false)
#4 /home/aluno/Área de Trabalho/DSI/aula3/codeigniter4/system/Model.php(239): CodeIgniter\Database\BaseBuilder->insert()
#5 /home/aluno/Área de Trabalho/DSI/aula3/codeigniter4/system/BaseModel.php(738): CodeIgniter\Model->doInsert(Array)
#6 /home/aluno/Área de Trabalho/DSI/aula3/codeigniter4/system/Model.php(625): CodeIgniter\BaseModel->insert(Array, true)
#7 /home/aluno/Área de Trabalho/DSI/aula3/codeigniter4/app/Models/User.php(44): CodeIgniter\Model->insert(Array)
#8 /home/aluno/Área de Trabalho/DSI/aula3/codeigniter4/app/Controllers/Home.php(22): App\Models\User->register_user(Array)
#9 /home/aluno/Área de Trabalho/DSI/aula3/codeigniter4/system/CodeIgniter.php(832): App\Controllers\Home->enviar()
#10 /home/aluno/Área de Trabalho/DSI/aula3/codeigniter4/system/CodeIgniter.php(419): CodeIgniter\CodeIgniter->runController(Object(App\Controllers\Home))
#11 /home/aluno/Área de Trabalho/DSI/aula3/codeigniter4/system/CodeIgniter.php(326): CodeIgniter\CodeIgniter->handleRequest(NULL, Object(Config\Cache), false)
#12 /home/aluno/Área de Trabalho/DSI/aula3/codeigniter4/public/index.php(37): CodeIgniter\CodeIgniter->run()
#13 /home/aluno/Área de Trabalho/DSI/aula3/codeigniter4/system/Commands/Server/rewrite.php(43): require_once('/home/aluno/\xC3\x81r...')
#14 {main}
ERROR - 2022-03-25 15:41:14 --> Duplicate entry '0' for key 'PRIMARY'
CRITICAL - 2022-03-25 15:41:14 --> Duplicate entry '0' for key 'PRIMARY'
#0 /home/aluno/Área de Trabalho/DSI/aula3/codeigniter4/system/Database/MySQLi/Connection.php(292): mysqli->query('INSERT INTO `us...', 0)
#1 /home/aluno/Área de Trabalho/DSI/aula3/codeigniter4/system/Database/BaseConnection.php(670): CodeIgniter\Database\MySQLi\Connection->execute('INSERT INTO `us...')
#2 /home/aluno/Área de Trabalho/DSI/aula3/codeigniter4/system/Database/BaseConnection.php(598): CodeIgniter\Database\BaseConnection->simpleQuery('INSERT INTO `us...')
#3 /home/aluno/Área de Trabalho/DSI/aula3/codeigniter4/system/Database/BaseBuilder.php(1771): CodeIgniter\Database\BaseConnection->query('INSERT INTO `us...', Array, false)
#4 /home/aluno/Área de Trabalho/DSI/aula3/codeigniter4/system/Model.php(239): CodeIgniter\Database\BaseBuilder->insert()
#5 /home/aluno/Área de Trabalho/DSI/aula3/codeigniter4/system/BaseModel.php(738): CodeIgniter\Model->doInsert(Array)
#6 /home/aluno/Área de Trabalho/DSI/aula3/codeigniter4/system/Model.php(625): CodeIgniter\BaseModel->insert(Array, true)
#7 /home/aluno/Área de Trabalho/DSI/aula3/codeigniter4/app/Models/User.php(44): CodeIgniter\Model->insert(Array)
#8 /home/aluno/Área de Trabalho/DSI/aula3/codeigniter4/app/Controllers/Home.php(22): App\Models\User->register_user(Array)
#9 /home/aluno/Área de Trabalho/DSI/aula3/codeigniter4/system/CodeIgniter.php(832): App\Controllers\Home->enviar()
#10 /home/aluno/Área de Trabalho/DSI/aula3/codeigniter4/system/CodeIgniter.php(419): CodeIgniter\CodeIgniter->runController(Object(App\Controllers\Home))
#11 /home/aluno/Área de Trabalho/DSI/aula3/codeigniter4/system/CodeIgniter.php(326): CodeIgniter\CodeIgniter->handleRequest(NULL, Object(Config\Cache), false)
#12 /home/aluno/Área de Trabalho/DSI/aula3/codeigniter4/public/index.php(37): CodeIgniter\CodeIgniter->run()
#13 /home/aluno/Área de Trabalho/DSI/aula3/codeigniter4/system/Commands/Server/rewrite.php(43): require_once('/home/aluno/\xC3\x81r...')
#14 {main}
ERROR - 2022-03-25 15:43:17 --> Duplicate entry '0' for key 'PRIMARY'
CRITICAL - 2022-03-25 15:43:17 --> Duplicate entry '0' for key 'PRIMARY'
#0 /home/aluno/Área de Trabalho/DSI/aula3/codeigniter4/system/Database/MySQLi/Connection.php(292): mysqli->query('INSERT INTO `us...', 0)
#1 /home/aluno/Área de Trabalho/DSI/aula3/codeigniter4/system/Database/BaseConnection.php(670): CodeIgniter\Database\MySQLi\Connection->execute('INSERT INTO `us...')
#2 /home/aluno/Área de Trabalho/DSI/aula3/codeigniter4/system/Database/BaseConnection.php(598): CodeIgniter\Database\BaseConnection->simpleQuery('INSERT INTO `us...')
#3 /home/aluno/Área de Trabalho/DSI/aula3/codeigniter4/system/Database/BaseBuilder.php(1771): CodeIgniter\Database\BaseConnection->query('INSERT INTO `us...', Array, false)
#4 /home/aluno/Área de Trabalho/DSI/aula3/codeigniter4/system/Model.php(239): CodeIgniter\Database\BaseBuilder->insert()
#5 /home/aluno/Área de Trabalho/DSI/aula3/codeigniter4/system/BaseModel.php(738): CodeIgniter\Model->doInsert(Array)
#6 /home/aluno/Área de Trabalho/DSI/aula3/codeigniter4/system/Model.php(625): CodeIgniter\BaseModel->insert(Array, true)
#7 /home/aluno/Área de Trabalho/DSI/aula3/codeigniter4/app/Models/User.php(44): CodeIgniter\Model->insert(Array)
#8 /home/aluno/Área de Trabalho/DSI/aula3/codeigniter4/app/Controllers/Home.php(22): App\Models\User->register_user(Array)
#9 /home/aluno/Área de Trabalho/DSI/aula3/codeigniter4/system/CodeIgniter.php(832): App\Controllers\Home->enviar()
#10 /home/aluno/Área de Trabalho/DSI/aula3/codeigniter4/system/CodeIgniter.php(419): CodeIgniter\CodeIgniter->runController(Object(App\Controllers\Home))
#11 /home/aluno/Área de Trabalho/DSI/aula3/codeigniter4/system/CodeIgniter.php(326): CodeIgniter\CodeIgniter->handleRequest(NULL, Object(Config\Cache), false)
#12 /home/aluno/Área de Trabalho/DSI/aula3/codeigniter4/public/index.php(37): CodeIgniter\CodeIgniter->run()
#13 /home/aluno/Área de Trabalho/DSI/aula3/codeigniter4/system/Commands/Server/rewrite.php(43): require_once('/home/aluno/\xC3\x81r...')
#14 {main}
ERROR - 2022-03-25 15:45:01 --> Duplicate entry '0' for key 'PRIMARY'
CRITICAL - 2022-03-25 15:45:01 --> Duplicate entry '0' for key 'PRIMARY'
#0 /home/aluno/Área de Trabalho/DSI/aula3/codeigniter4/system/Database/MySQLi/Connection.php(292): mysqli->query('INSERT INTO `us...', 0)
#1 /home/aluno/Área de Trabalho/DSI/aula3/codeigniter4/system/Database/BaseConnection.php(670): CodeIgniter\Database\MySQLi\Connection->execute('INSERT INTO `us...')
#2 /home/aluno/Área de Trabalho/DSI/aula3/codeigniter4/system/Database/BaseConnection.php(598): CodeIgniter\Database\BaseConnection->simpleQuery('INSERT INTO `us...')
#3 /home/aluno/Área de Trabalho/DSI/aula3/codeigniter4/system/Database/BaseBuilder.php(1771): CodeIgniter\Database\BaseConnection->query('INSERT INTO `us...', Array, false)
#4 /home/aluno/Área de Trabalho/DSI/aula3/codeigniter4/system/Model.php(239): CodeIgniter\Database\BaseBuilder->insert()
#5 /home/aluno/Área de Trabalho/DSI/aula3/codeigniter4/system/BaseModel.php(738): CodeIgniter\Model->doInsert(Array)
#6 /home/aluno/Área de Trabalho/DSI/aula3/codeigniter4/system/Model.php(625): CodeIgniter\BaseModel->insert(Array, true)
#7 /home/aluno/Área de Trabalho/DSI/aula3/codeigniter4/app/Models/User.php(44): CodeIgniter\Model->insert(Array)
#8 /home/aluno/Área de Trabalho/DSI/aula3/codeigniter4/app/Controllers/Home.php(22): App\Models\User->register_user(Array)
#9 /home/aluno/Área de Trabalho/DSI/aula3/codeigniter4/system/CodeIgniter.php(832): App\Controllers\Home->enviar()
#10 /home/aluno/Área de Trabalho/DSI/aula3/codeigniter4/system/CodeIgniter.php(419): CodeIgniter\CodeIgniter->runController(Object(App\Controllers\Home))
#11 /home/aluno/Área de Trabalho/DSI/aula3/codeigniter4/system/CodeIgniter.php(326): CodeIgniter\CodeIgniter->handleRequest(NULL, Object(Config\Cache), false)
#12 /home/aluno/Área de Trabalho/DSI/aula3/codeigniter4/public/index.php(37): CodeIgniter\CodeIgniter->run()
#13 /home/aluno/Área de Trabalho/DSI/aula3/codeigniter4/system/Commands/Server/rewrite.php(43): require_once('/home/aluno/\xC3\x81r...')
#14 {main}
