CRITICAL - 2022-04-01 13:56:34 --> syntax error, unexpected '}', expecting ';'
#0 /home/aluno/Área de Trabalho/codeigniter4/system/Autoloader/Autoloader.php(241): CodeIgniter\Autoloader\Autoloader->includeFile('/home/aluno/\xC3\x81r...')
#1 /home/aluno/Área de Trabalho/codeigniter4/system/Autoloader/Autoloader.php(219): CodeIgniter\Autoloader\Autoloader->loadInNamespace('App\\Controllers...')
#2 [internal function]: CodeIgniter\Autoloader\Autoloader->loadClass('App\\Controllers...')
#3 [internal function]: spl_autoload_call('App\\Controllers...')
#4 /home/aluno/Área de Trabalho/codeigniter4/system/CodeIgniter.php(797): class_exists('\\App\\Controller...', true)
#5 /home/aluno/Área de Trabalho/codeigniter4/system/CodeIgniter.php(406): CodeIgniter\CodeIgniter->startController()
#6 /home/aluno/Área de Trabalho/codeigniter4/system/CodeIgniter.php(326): CodeIgniter\CodeIgniter->handleRequest(NULL, Object(Config\Cache), false)
#7 /home/aluno/Área de Trabalho/codeigniter4/public/index.php(37): CodeIgniter\CodeIgniter->run()
#8 /home/aluno/Área de Trabalho/codeigniter4/system/Commands/Server/rewrite.php(43): require_once('/home/aluno/\xC3\x81r...')
#9 {main}
CRITICAL - 2022-04-01 14:01:07 --> Too few arguments to function App\Controllers\ItemController::editItem(), 0 passed in /home/aluno/Área de Trabalho/codeigniter4/system/CodeIgniter.php on line 832 and exactly 1 expected
#0 /home/aluno/Área de Trabalho/codeigniter4/system/CodeIgniter.php(832): App\Controllers\ItemController->editItem()
#1 /home/aluno/Área de Trabalho/codeigniter4/system/CodeIgniter.php(419): CodeIgniter\CodeIgniter->runController(Object(App\Controllers\ItemController))
#2 /home/aluno/Área de Trabalho/codeigniter4/system/CodeIgniter.php(326): CodeIgniter\CodeIgniter->handleRequest(NULL, Object(Config\Cache), false)
#3 /home/aluno/Área de Trabalho/codeigniter4/public/index.php(37): CodeIgniter\CodeIgniter->run()
#4 /home/aluno/Área de Trabalho/codeigniter4/system/Commands/Server/rewrite.php(43): require_once('/home/aluno/\xC3\x81r...')
#5 {main}
CRITICAL - 2022-04-01 14:03:20 --> Undefined index: id
#0 /home/aluno/Área de Trabalho/codeigniter4/app/Models/Items.php(39): CodeIgniter\Debug\Exceptions->errorHandler(8, 'Undefined index...', '/home/aluno/\xC3\x81r...', 39, Array)
#1 /home/aluno/Área de Trabalho/codeigniter4/app/Controllers/ItemController.php(57): App\Models\Items->edit_item(Array)
#2 /home/aluno/Área de Trabalho/codeigniter4/system/CodeIgniter.php(832): App\Controllers\ItemController->editItem()
#3 /home/aluno/Área de Trabalho/codeigniter4/system/CodeIgniter.php(419): CodeIgniter\CodeIgniter->runController(Object(App\Controllers\ItemController))
#4 /home/aluno/Área de Trabalho/codeigniter4/system/CodeIgniter.php(326): CodeIgniter\CodeIgniter->handleRequest(NULL, Object(Config\Cache), false)
#5 /home/aluno/Área de Trabalho/codeigniter4/public/index.php(37): CodeIgniter\CodeIgniter->run()
#6 /home/aluno/Área de Trabalho/codeigniter4/system/Commands/Server/rewrite.php(43): require_once('/home/aluno/\xC3\x81r...')
#7 {main}
CRITICAL - 2022-04-01 14:04:11 --> Undefined index: id
#0 /home/aluno/Área de Trabalho/codeigniter4/app/Models/Items.php(39): CodeIgniter\Debug\Exceptions->errorHandler(8, 'Undefined index...', '/home/aluno/\xC3\x81r...', 39, Array)
#1 /home/aluno/Área de Trabalho/codeigniter4/app/Controllers/ItemController.php(57): App\Models\Items->edit_item(Array)
#2 /home/aluno/Área de Trabalho/codeigniter4/system/CodeIgniter.php(832): App\Controllers\ItemController->editItem()
#3 /home/aluno/Área de Trabalho/codeigniter4/system/CodeIgniter.php(419): CodeIgniter\CodeIgniter->runController(Object(App\Controllers\ItemController))
#4 /home/aluno/Área de Trabalho/codeigniter4/system/CodeIgniter.php(326): CodeIgniter\CodeIgniter->handleRequest(NULL, Object(Config\Cache), false)
#5 /home/aluno/Área de Trabalho/codeigniter4/public/index.php(37): CodeIgniter\CodeIgniter->run()
#6 /home/aluno/Área de Trabalho/codeigniter4/system/Commands/Server/rewrite.php(43): require_once('/home/aluno/\xC3\x81r...')
#7 {main}
ERROR - 2022-04-01 14:40:10 --> Error connecting to the database: Unknown database 'aulahj'
CRITICAL - 2022-04-01 14:40:10 --> Unable to connect to the database.
Main connection [MySQLi]: Unknown database 'aulahj'
#0 /home/aluno/Documentos/silvio/ds1/system/Database/BaseConnection.php(577): CodeIgniter\Database\BaseConnection->initialize()
#1 /home/aluno/Documentos/silvio/ds1/system/Database/BaseBuilder.php(1455): CodeIgniter\Database\BaseConnection->query('SELECT *\nFROM `...', Array, false)
#2 /home/aluno/Documentos/silvio/ds1/system/Model.php(183): CodeIgniter\Database\BaseBuilder->get()
#3 /home/aluno/Documentos/silvio/ds1/system/BaseModel.php(584): CodeIgniter\Model->doFindAll(0, 0)
#4 /home/aluno/Documentos/silvio/ds1/app/Models/Items.php(16): CodeIgniter\BaseModel->findAll()
#5 /home/aluno/Documentos/silvio/ds1/app/Controllers/ItemController.php(34): App\Models\Items->get_Items()
#6 /home/aluno/Documentos/silvio/ds1/system/CodeIgniter.php(832): App\Controllers\ItemController->index()
#7 /home/aluno/Documentos/silvio/ds1/system/CodeIgniter.php(419): CodeIgniter\CodeIgniter->runController(Object(App\Controllers\ItemController))
#8 /home/aluno/Documentos/silvio/ds1/system/CodeIgniter.php(326): CodeIgniter\CodeIgniter->handleRequest(NULL, Object(Config\Cache), false)
#9 /home/aluno/Documentos/silvio/ds1/public/index.php(37): CodeIgniter\CodeIgniter->run()
#10 /home/aluno/Documentos/silvio/ds1/system/Commands/Server/rewrite.php(43): require_once('/home/aluno/Doc...')
#11 {main}
ERROR - 2022-04-01 14:46:26 --> Table 'aulahj.items' doesn't exist
CRITICAL - 2022-04-01 14:46:26 --> Table 'aulahj.items' doesn't exist
#0 /home/aluno/Documentos/silvio/ds1/system/Database/MySQLi/Connection.php(292): mysqli->query('SELECT *\nFROM `...', 0)
#1 /home/aluno/Documentos/silvio/ds1/system/Database/BaseConnection.php(670): CodeIgniter\Database\MySQLi\Connection->execute('SELECT *\nFROM `...')
#2 /home/aluno/Documentos/silvio/ds1/system/Database/BaseConnection.php(598): CodeIgniter\Database\BaseConnection->simpleQuery('SELECT *\nFROM `...')
#3 /home/aluno/Documentos/silvio/ds1/system/Database/BaseBuilder.php(1455): CodeIgniter\Database\BaseConnection->query('SELECT *\nFROM `...', Array, false)
#4 /home/aluno/Documentos/silvio/ds1/system/Model.php(183): CodeIgniter\Database\BaseBuilder->get()
#5 /home/aluno/Documentos/silvio/ds1/system/BaseModel.php(584): CodeIgniter\Model->doFindAll(0, 0)
#6 /home/aluno/Documentos/silvio/ds1/app/Models/Items.php(16): CodeIgniter\BaseModel->findAll()
#7 /home/aluno/Documentos/silvio/ds1/app/Controllers/ItemController.php(34): App\Models\Items->get_Items()
#8 /home/aluno/Documentos/silvio/ds1/system/CodeIgniter.php(832): App\Controllers\ItemController->index()
#9 /home/aluno/Documentos/silvio/ds1/system/CodeIgniter.php(419): CodeIgniter\CodeIgniter->runController(Object(App\Controllers\ItemController))
#10 /home/aluno/Documentos/silvio/ds1/system/CodeIgniter.php(326): CodeIgniter\CodeIgniter->handleRequest(NULL, Object(Config\Cache), false)
#11 /home/aluno/Documentos/silvio/ds1/public/index.php(37): CodeIgniter\CodeIgniter->run()
#12 /home/aluno/Documentos/silvio/ds1/system/Commands/Server/rewrite.php(43): require_once('/home/aluno/Doc...')
#13 {main}
CRITICAL - 2022-04-01 15:38:14 --> Undefined variable: data
#0 /home/aluno/Documentos/silvio/ds1/app/Views/items-show.php(22): CodeIgniter\Debug\Exceptions->errorHandler(8, 'Undefined varia...', '/home/aluno/Doc...', 22, Array)
#1 /home/aluno/Documentos/silvio/ds1/system/View/View.php(210): include('/home/aluno/Doc...')
#2 /home/aluno/Documentos/silvio/ds1/system/View/View.php(213): CodeIgniter\View\View->CodeIgniter\View\{closure}()
#3 /home/aluno/Documentos/silvio/ds1/system/Common.php(1089): CodeIgniter\View\View->render('items-show', Array, true)
#4 /home/aluno/Documentos/silvio/ds1/app/Controllers/ItemController.php(63): view('items-show', Array)
#5 /home/aluno/Documentos/silvio/ds1/system/CodeIgniter.php(832): App\Controllers\ItemController->editItem()
#6 /home/aluno/Documentos/silvio/ds1/system/CodeIgniter.php(419): CodeIgniter\CodeIgniter->runController(Object(App\Controllers\ItemController))
#7 /home/aluno/Documentos/silvio/ds1/system/CodeIgniter.php(326): CodeIgniter\CodeIgniter->handleRequest(NULL, Object(Config\Cache), false)
#8 /home/aluno/Documentos/silvio/ds1/public/index.php(37): CodeIgniter\CodeIgniter->run()
#9 /home/aluno/Documentos/silvio/ds1/system/Commands/Server/rewrite.php(43): require_once('/home/aluno/Doc...')
#10 {main}
CRITICAL - 2022-04-01 15:38:54 --> Undefined variable: data
#0 /home/aluno/Documentos/silvio/ds1/app/Views/items-show.php(22): CodeIgniter\Debug\Exceptions->errorHandler(8, 'Undefined varia...', '/home/aluno/Doc...', 22, Array)
#1 /home/aluno/Documentos/silvio/ds1/system/View/View.php(210): include('/home/aluno/Doc...')
#2 /home/aluno/Documentos/silvio/ds1/system/View/View.php(213): CodeIgniter\View\View->CodeIgniter\View\{closure}()
#3 /home/aluno/Documentos/silvio/ds1/system/Common.php(1089): CodeIgniter\View\View->render('items-show', Array, true)
#4 /home/aluno/Documentos/silvio/ds1/app/Controllers/ItemController.php(63): view('items-show', Array)
#5 /home/aluno/Documentos/silvio/ds1/system/CodeIgniter.php(832): App\Controllers\ItemController->editItem()
#6 /home/aluno/Documentos/silvio/ds1/system/CodeIgniter.php(419): CodeIgniter\CodeIgniter->runController(Object(App\Controllers\ItemController))
#7 /home/aluno/Documentos/silvio/ds1/system/CodeIgniter.php(326): CodeIgniter\CodeIgniter->handleRequest(NULL, Object(Config\Cache), false)
#8 /home/aluno/Documentos/silvio/ds1/public/index.php(37): CodeIgniter\CodeIgniter->run()
#9 /home/aluno/Documentos/silvio/ds1/system/Commands/Server/rewrite.php(43): require_once('/home/aluno/Doc...')
#10 {main}
